Re-extracting levels: ['B2']
Log: reextract_log_20260129_200728.log
Started: 2026-01-29 20:07:28.588986
============================================================

============================================================
Processing B2
============================================================
B2: 9343 total base entries, 9340 valid words (start with letter)
B2: Randomly selected 3000 from 9340 words
B2: Top 5 starting letters: [('S', 334), ('A', 287), ('B', 244), ('V', 176), ('K', 175)]
  Worker 0: 500 words
  Worker 1: 500 words
  Worker 2: 500 words
  Worker 3: 500 words
  Worker 4: 500 words
  Worker 5: 500 words

Starting 6 workers for B2...
  ❌ Error processing word 'Geldpolitik': 'NoneType' object has no attribute 'lower'
  [Worker 5] Failed: Geldpolitik
  [Worker 4] 20/500 done (20 successful)
  [Worker 3] 20/500 done (20 successful)
  [Worker 1] 20/500 done (20 successful)
  [Worker 0] 20/500 done (20 successful)
  [Worker 5] 20/500 done (19 successful)
  [Worker 2] 20/500 done (20 successful)
  [Worker 4] 40/500 done (40 successful)
  [Worker 3] 40/500 done (40 successful)
  [Worker 0] 40/500 done (40 successful)
  [Worker 1] 40/500 done (40 successful)
  [Worker 5] 40/500 done (39 successful)
  [Worker 2] 40/500 done (40 successful)
  ❌ Error processing word 'F': 'NoneType' object has no attribute 'lower'
  [Worker 5] Failed: F
  [Worker 4] 60/500 done (60 successful)
  ❌ Error processing word 'Nelson': 'NoneType' object has no attribute 'lower'
  [Worker 1] Failed: Nelson
  [Worker 3] 60/500 done (60 successful)
  [Worker 1] 60/500 done (59 successful)
  [Worker 5] 60/500 done (58 successful)
  ❌ Error processing word 'inwieweit': 'NoneType' object has no attribute 'lower'
  [Worker 2] Failed: inwieweit
  [Worker 2] 60/500 done (59 successful)
  ❌ Error processing word 'Research': 'NoneType' object has no attribute 'lower'
  [Worker 3] Failed: Research
  [Worker 0] 60/500 done (60 successful)
  ❌ Error processing word 'inwiefern': 'NoneType' object has no attribute 'lower'
  [Worker 3] Failed: inwiefern
  [Worker 4] 80/500 done (80 successful)
  [Worker 3] 80/500 done (78 successful)
  [Worker 1] 80/500 done (79 successful)
  [Worker 5] 80/500 done (78 successful)
  [Worker 0] 80/500 done (80 successful)
  [Worker 2] 80/500 done (79 successful)
  [Worker 4] 100/500 done (100 successful)
  [Worker 3] 100/500 done (98 successful)
  [Worker 1] 100/500 done (99 successful)
  ❌ Error processing word 'Angelika': 'NoneType' object has no attribute 'lower'
  [Worker 5] Failed: Angelika
  [Worker 0] 100/500 done (100 successful)
  [Worker 2] 100/500 done (99 successful)
  [Worker 4] 120/500 done (120 successful)
  [Worker 3] 120/500 done (118 successful)
  [Worker 1] 120/500 done (119 successful)
  [Worker 5] 120/500 done (117 successful)
  [Worker 0] 120/500 done (120 successful)
  [Worker 2] 120/500 done (119 successful)
  [Worker 3] 140/500 done (138 successful)
  [Worker 4] 140/500 done (140 successful)
  [Worker 1] 140/500 done (139 successful)
  [Worker 5] 140/500 done (137 successful)
  ❌ Error processing word 'Laura': 'NoneType' object has no attribute 'lower'
  [Worker 5] Failed: Laura
  [Worker 3] 160/500 done (158 successful)
  [Worker 0] 140/500 done (140 successful)
  [Worker 2] 140/500 done (139 successful)
  [Worker 4] 160/500 done (160 successful)
  [Worker 1] 160/500 done (159 successful)
  [Worker 5] 160/500 done (156 successful)
  [Worker 3] 180/500 done (178 successful)
  [Worker 0] 160/500 done (160 successful)
  [Worker 2] 160/500 done (159 successful)
  [Worker 4] 180/500 done (180 successful)
  [Worker 1] 180/500 done (179 successful)
  [Worker 5] 180/500 done (176 successful)
  [Worker 3] 200/500 done (198 successful)
  [Worker 0] 180/500 done (180 successful)
  [Worker 2] 180/500 done (179 successful)
  [Worker 4] 200/500 done (200 successful)
  [Worker 5] 200/500 done (196 successful)
  [Worker 0] 200/500 done (200 successful)
  [Worker 3] 220/500 done (218 successful)
  [Worker 1] 200/500 done (199 successful)
  [Worker 2] 200/500 done (199 successful)
  ❌ Error processing word 'Cola': 'NoneType' object has no attribute 'lower'
  [Worker 1] Failed: Cola
  [Worker 4] 220/500 done (220 successful)
  [Worker 5] 220/500 done (216 successful)
  [Worker 3] 240/500 done (238 successful)
  [Worker 2] 220/500 done (219 successful)
  [Worker 0] 220/500 done (220 successful)
  [Worker 1] 220/500 done (218 successful)
  [Worker 4] 240/500 done (240 successful)
  [Worker 2] 240/500 done (239 successful)
  [Worker 3] 260/500 done (258 successful)
  [Worker 5] 240/500 done (236 successful)
  [Worker 0] 240/500 done (240 successful)
  [Worker 1] 240/500 done (238 successful)
  [Worker 4] 260/500 done (260 successful)
  [Worker 3] 280/500 done (278 successful)
  [Worker 2] 260/500 done (259 successful)
  ❌ Error processing word 'Exchange': 'NoneType' object has no attribute 'lower'
  [Worker 5] Failed: Exchange
  [Worker 0] 260/500 done (260 successful)
  [Worker 5] 260/500 done (255 successful)
  [Worker 1] 260/500 done (258 successful)
  [Worker 4] 280/500 done (280 successful)
  [Worker 3] 300/500 done (298 successful)
  [Worker 2] 280/500 done (279 successful)
  [Worker 5] 280/500 done (275 successful)
  [Worker 0] 280/500 done (280 successful)
  [Worker 1] 280/500 done (278 successful)
  [Worker 4] 300/500 done (300 successful)
  [Worker 3] 320/500 done (318 successful)
  [Worker 5] 300/500 done (295 successful)
  [Worker 2] 300/500 done (299 successful)
  [Worker 0] 300/500 done (300 successful)
  [Worker 1] 300/500 done (298 successful)
  [Worker 3] 340/500 done (338 successful)
  [Worker 4] 320/500 done (320 successful)
  ❌ Error processing word 'Isabelle': 'NoneType' object has no attribute 'lower'
  [Worker 4] Failed: Isabelle
  [Worker 5] 320/500 done (315 successful)
  [Worker 2] 320/500 done (319 successful)
  [Worker 0] 320/500 done (320 successful)
  [Worker 4] 340/500 done (339 successful)
  [Worker 1] 320/500 done (318 successful)
  [Worker 3] 360/500 done (358 successful)
  [Worker 5] 340/500 done (335 successful)
  [Worker 0] 340/500 done (340 successful)
  [Worker 2] 340/500 done (339 successful)
  [Worker 4] 360/500 done (359 successful)
  [Worker 1] 340/500 done (338 successful)
  [Worker 3] 380/500 done (378 successful)
  [Worker 5] 360/500 done (355 successful)
  [Worker 2] 360/500 done (359 successful)
  [Worker 0] 360/500 done (360 successful)
  [Worker 4] 380/500 done (379 successful)
  [Worker 1] 360/500 done (358 successful)
  [Worker 3] 400/500 done (398 successful)
  [Worker 2] 380/500 done (379 successful)
  [Worker 5] 380/500 done (375 successful)
  [Worker 0] 380/500 done (380 successful)
  [Worker 4] 400/500 done (399 successful)
  [Worker 3] 420/500 done (418 successful)
  [Worker 1] 380/500 done (378 successful)
  [Worker 5] 400/500 done (395 successful)
  [Worker 2] 400/500 done (399 successful)
  [Worker 0] 400/500 done (400 successful)
  [Worker 4] 420/500 done (419 successful)
  [Worker 3] 440/500 done (438 successful)
  [Worker 1] 400/500 done (398 successful)
  [Worker 5] 420/500 done (415 successful)
  ❌ Error processing word 'Helfe': 'NoneType' object has no attribute 'lower'
  [Worker 0] Failed: Helfe
  [Worker 0] 420/500 done (419 successful)
  [Worker 2] 420/500 done (419 successful)
  [Worker 4] 440/500 done (439 successful)
  [Worker 3] 460/500 done (458 successful)
  [Worker 1] 420/500 done (418 successful)
  [Worker 5] 440/500 done (435 successful)
  ❌ Error processing word 'Passante': 'NoneType' object has no attribute 'lower'
  [Worker 3] Failed: Passante
  [Worker 0] 440/500 done (439 successful)
  [Worker 2] 440/500 done (439 successful)
  [Worker 4] 460/500 done (459 successful)
  [Worker 3] 480/500 done (477 successful)
  ❌ Error processing word 'Sicherheitskräfte': 'NoneType' object has no attribute 'lower'
  [Worker 5] Failed: Sicherheitskräfte
  [Worker 5] 460/500 done (454 successful)
  [Worker 2] 460/500 done (459 successful)
  [Worker 0] 460/500 done (459 successful)
  [Worker 1] 440/500 done (438 successful)
  [Worker 4] 480/500 done (479 successful)
  [Worker 3] 500/500 done (497 successful)
  [Worker 3] Finished: 497/500 successful
  [Worker 5] 480/500 done (474 successful)
  [Worker 2] 480/500 done (479 successful)
  [Worker 1] 460/500 done (458 successful)
  [Worker 0] 480/500 done (479 successful)
  [Worker 4] 500/500 done (499 successful)
  [Worker 4] Finished: 499/500 successful
  [Worker 2] 500/500 done (499 successful)
  [Worker 2] Finished: 499/500 successful
  [Worker 5] 500/500 done (494 successful)
  [Worker 5] Finished: 494/500 successful
  [Worker 0] 500/500 done (499 successful)
  [Worker 0] Finished: 499/500 successful
  [Worker 1] 480/500 done (478 successful)
  [Worker 1] 500/500 done (498 successful)
  [Worker 1] Finished: 498/500 successful

B2 done: 2986 words scraped in 368s
B2 final top 5 letters: [('S', 333), ('A', 286), ('B', 244), ('V', 176), ('K', 175)]
B2: Saved 2986 words to app/german/B2.json

All done: 2026-01-29 20:13:36.586254
