2026-01-28 23:28:45,027 - INFO - Translation started - Log file: translation_log_20260128_232845.log
2026-01-28 23:28:45,027 - INFO - ============================================================
2026-01-28 23:28:45,027 - INFO - Adding translations to A1
2026-01-28 23:28:45,027 - INFO - ============================================================
2026-01-28 23:28:45,054 - INFO - [1-30/819] Translating 16 items...
2026-01-28 23:28:45,758 - INFO -   Saved (30/819)
2026-01-28 23:28:45,758 - INFO - [31-60/819] Translating 17 items...
2026-01-28 23:28:46,586 - INFO -   Saved (60/819)
2026-01-28 23:28:46,587 - INFO - [61-90/819] Translating 23 items...
2026-01-28 23:28:47,285 - INFO -   Saved (90/819)
2026-01-28 23:28:47,285 - INFO - [91-120/819] Translating 22 items...
2026-01-28 23:28:47,874 - INFO -   Saved (120/819)
2026-01-28 23:28:47,874 - INFO - [121-150/819] Translating 22 items...
2026-01-28 23:28:48,395 - INFO -   Saved (150/819)
2026-01-28 23:28:48,395 - INFO - [151-180/819] Translating 14 items...
2026-01-28 23:28:49,186 - INFO -   Saved (180/819)
2026-01-28 23:28:49,186 - INFO - [181-210/819] Translating 20 items...
2026-01-28 23:28:49,818 - INFO -   Saved (210/819)
2026-01-28 23:28:49,819 - INFO - [211-240/819] Translating 27 items...
2026-01-28 23:28:50,446 - INFO -   Saved (240/819)
2026-01-28 23:28:50,446 - INFO - [241-270/819] Translating 27 items...
2026-01-28 23:28:51,025 - INFO -   Saved (270/819)
2026-01-28 23:28:51,025 - INFO - [271-300/819] Translating 11 items...
2026-01-28 23:28:51,748 - INFO -   Saved (300/819)
2026-01-28 23:28:51,748 - INFO - [301-330/819] Translating 30 items...
2026-01-28 23:28:52,404 - INFO -   Saved (330/819)
2026-01-28 23:28:52,405 - INFO - [331-360/819] Translating 21 items...
2026-01-28 23:28:53,061 - INFO -   Saved (360/819)
2026-01-28 23:28:53,061 - INFO - [361-390/819] Translating 16 items...
2026-01-28 23:28:53,719 - INFO -   Saved (390/819)
2026-01-28 23:28:53,719 - INFO - [391-420/819] Translating 25 items...
2026-01-28 23:28:54,445 - INFO -   Saved (420/819)
2026-01-28 23:28:54,445 - INFO - [421-450/819] Translating 16 items...
2026-01-28 23:28:54,993 - INFO -   Saved (450/819)
2026-01-28 23:28:54,994 - INFO - [451-480/819] Translating 16 items...
2026-01-28 23:28:55,690 - INFO -   Saved (480/819)
2026-01-28 23:28:55,690 - INFO - [481-510/819] Translating 27 items...
2026-01-28 23:28:56,617 - INFO -   Saved (510/819)
2026-01-28 23:28:56,617 - INFO - [511-540/819] Translating 14 items...
2026-01-28 23:28:57,286 - INFO -   Saved (540/819)
2026-01-28 23:28:57,287 - INFO - [541-570/819] Translating 15 items...
2026-01-28 23:28:58,047 - INFO -   Saved (570/819)
2026-01-28 23:28:58,048 - INFO - [571-600/819] Translating 19 items...
2026-01-28 23:28:58,646 - INFO -   Saved (600/819)
2026-01-28 23:28:58,647 - INFO - [601-630/819] Translating 15 items...
2026-01-28 23:28:59,234 - INFO -   Saved (630/819)
2026-01-28 23:28:59,234 - INFO - [631-660/819] Translating 23 items...
2026-01-28 23:28:59,862 - INFO -   Saved (660/819)
2026-01-28 23:28:59,862 - INFO - [661-690/819] Translating 29 items...
2026-01-28 23:29:00,360 - INFO -   Saved (690/819)
2026-01-28 23:29:00,361 - INFO - [691-720/819] Translating 26 items...
2026-01-28 23:29:00,833 - INFO -   Saved (720/819)
2026-01-28 23:29:00,833 - INFO - [721-750/819] Translating 28 items...
2026-01-28 23:29:01,525 - INFO -   Saved (750/819)
2026-01-28 23:29:01,525 - INFO - [751-780/819] Translating 14 items...
2026-01-28 23:29:02,138 - INFO -   Saved (780/819)
2026-01-28 23:29:02,138 - INFO - [781-810/819] Translating 11 items...
2026-01-28 23:29:02,623 - INFO -   Saved (810/819)
2026-01-28 23:29:02,623 - INFO - [811-819/819] Translating 7 items...
2026-01-28 23:29:03,109 - INFO -   Saved (819/819)
2026-01-28 23:29:03,208 - INFO - ============================================================
2026-01-28 23:29:03,208 - INFO - A1 complete! Main: 63, Synonyms: 488, Examples: 0
2026-01-28 23:29:03,208 - INFO - ============================================================
2026-01-28 23:29:03,210 - INFO - ============================================================
2026-01-28 23:29:03,210 - INFO - Adding translations to A2
2026-01-28 23:29:03,210 - INFO - ============================================================
2026-01-28 23:29:03,227 - INFO - [1-30/616] Translating 22 items...
2026-01-28 23:29:03,736 - INFO -   Saved (30/616)
2026-01-28 23:29:03,736 - INFO - [31-60/616] Translating 13 items...
2026-01-28 23:29:04,298 - INFO -   Saved (60/616)
2026-01-28 23:29:04,298 - INFO - [61-90/616] Translating 28 items...
2026-01-28 23:29:05,198 - INFO -   Saved (90/616)
2026-01-28 23:29:05,199 - INFO - [91-120/616] Translating 25 items...
2026-01-28 23:29:05,739 - INFO -   Saved (120/616)
2026-01-28 23:29:05,740 - INFO - [121-150/616] Translating 17 items...
2026-01-28 23:29:06,237 - INFO -   Saved (150/616)
2026-01-28 23:29:06,237 - INFO - [151-180/616] Translating 19 items...
2026-01-28 23:29:07,099 - INFO -   Saved (180/616)
2026-01-28 23:29:07,099 - INFO - [181-210/616] Translating 30 items...
2026-01-28 23:29:07,672 - INFO -   Saved (210/616)
2026-01-28 23:29:07,672 - INFO - [211-240/616] Translating 12 items...
2026-01-28 23:29:08,363 - INFO -   Saved (240/616)
2026-01-28 23:29:08,364 - INFO - [241-270/616] Translating 12 items...
2026-01-28 23:29:09,174 - INFO -   Saved (270/616)
2026-01-28 23:29:09,175 - INFO - [271-300/616] Translating 17 items...
2026-01-28 23:29:09,647 - INFO -   Saved (300/616)
2026-01-28 23:29:09,647 - INFO - [301-330/616] Translating 15 items...
2026-01-28 23:29:10,459 - INFO -   Saved (330/616)
2026-01-28 23:29:10,460 - INFO - [331-360/616] Translating 19 items...
2026-01-28 23:29:10,905 - INFO -   Saved (360/616)
2026-01-28 23:29:10,906 - INFO - [361-390/616] Translating 28 items...
2026-01-28 23:29:11,349 - INFO -   Saved (390/616)
2026-01-28 23:29:11,350 - INFO - [391-420/616] Translating 27 items...
2026-01-28 23:29:11,890 - INFO -   Saved (420/616)
2026-01-28 23:29:11,890 - INFO - [421-450/616] Translating 20 items...
2026-01-28 23:29:12,620 - INFO -   Saved (450/616)
2026-01-28 23:29:12,620 - INFO - [451-480/616] Translating 25 items...
2026-01-28 23:29:13,459 - INFO -   Saved (480/616)
2026-01-28 23:29:13,459 - INFO - [481-510/616] Translating 18 items...
2026-01-28 23:29:14,265 - INFO -   Saved (510/616)
2026-01-28 23:29:14,265 - INFO - [511-540/616] Translating 32 items...
2026-01-28 23:29:15,139 - INFO -   Saved (540/616)
2026-01-28 23:29:15,140 - INFO - [541-570/616] Translating 30 items...
2026-01-28 23:29:16,017 - INFO -   Saved (570/616)
2026-01-28 23:29:16,018 - INFO - [571-600/616] Translating 22 items...
2026-01-28 23:29:16,773 - INFO -   Saved (600/616)
2026-01-28 23:29:16,773 - INFO - [601-616/616] Translating 11 items...
2026-01-28 23:29:17,631 - INFO -   Saved (616/616)
2026-01-28 23:29:17,706 - INFO - ============================================================
2026-01-28 23:29:17,706 - INFO - A2 complete! Main: 60, Synonyms: 382, Examples: 0
2026-01-28 23:29:17,706 - INFO - ============================================================
2026-01-28 23:29:17,708 - INFO - ============================================================
2026-01-28 23:29:17,708 - INFO - Adding translations to B1
2026-01-28 23:29:17,708 - INFO - ============================================================
2026-01-28 23:29:17,771 - INFO - [1-30/2497] Translating 49 items...
2026-01-28 23:29:18,712 - INFO -   Saved (30/2497)
2026-01-28 23:29:18,712 - INFO - [31-60/2497] Translating 62 items...
2026-01-28 23:29:19,433 - INFO -   Saved (60/2497)
2026-01-28 23:29:19,433 - INFO - [61-90/2497] Translating 50 items...
2026-01-28 23:29:20,308 - INFO -   Saved (90/2497)
2026-01-28 23:29:20,308 - INFO - [91-120/2497] Translating 39 items...
2026-01-28 23:29:21,200 - INFO -   Saved (120/2497)
2026-01-28 23:29:21,200 - INFO - [121-150/2497] Translating 59 items...
2026-01-28 23:29:22,058 - INFO -   Saved (150/2497)
2026-01-28 23:29:22,059 - INFO - [151-180/2497] Translating 40 items...
2026-01-28 23:29:22,992 - INFO -   Saved (180/2497)
2026-01-28 23:29:22,992 - INFO - [181-210/2497] Translating 50 items...
2026-01-28 23:29:23,991 - INFO -   Saved (210/2497)
2026-01-28 23:29:23,992 - INFO - [211-240/2497] Translating 55 items...
2026-01-28 23:29:24,894 - INFO -   Saved (240/2497)
2026-01-28 23:29:24,894 - INFO - [241-270/2497] Translating 49 items...
2026-01-28 23:29:25,738 - INFO -   Saved (270/2497)
2026-01-28 23:29:25,738 - INFO - [271-300/2497] Translating 42 items...
2026-01-28 23:29:26,708 - INFO -   Saved (300/2497)
2026-01-28 23:29:26,709 - INFO - [301-330/2497] Translating 58 items...
2026-01-28 23:29:27,805 - INFO -   Saved (330/2497)
2026-01-28 23:29:27,805 - INFO - [331-360/2497] Translating 52 items...
2026-01-28 23:29:28,816 - INFO -   Saved (360/2497)
2026-01-28 23:29:28,816 - INFO - [361-390/2497] Translating 52 items...
2026-01-28 23:29:29,527 - INFO -   Saved (390/2497)
2026-01-28 23:29:29,527 - INFO - [391-420/2497] Translating 60 items...
2026-01-28 23:29:30,650 - INFO -   Saved (420/2497)
2026-01-28 23:29:30,650 - INFO - [421-450/2497] Translating 34 items...
2026-01-28 23:29:31,686 - INFO -   Saved (450/2497)
2026-01-28 23:29:31,686 - INFO - [451-480/2497] Translating 51 items...
2026-01-28 23:29:32,649 - INFO -   Saved (480/2497)
2026-01-28 23:29:32,649 - INFO - [481-510/2497] Translating 53 items...
2026-01-28 23:29:33,409 - INFO -   Saved (510/2497)
2026-01-28 23:29:33,409 - INFO - [511-540/2497] Translating 46 items...
2026-01-28 23:29:34,139 - INFO -   Saved (540/2497)
2026-01-28 23:29:34,139 - INFO - [541-570/2497] Translating 49 items...
2026-01-28 23:29:34,952 - INFO -   Saved (570/2497)
2026-01-28 23:29:34,952 - INFO - [571-600/2497] Translating 50 items...
2026-01-28 23:29:35,762 - INFO -   Saved (600/2497)
2026-01-28 23:29:35,762 - INFO - [601-630/2497] Translating 42 items...
2026-01-28 23:29:36,455 - INFO -   Saved (630/2497)
2026-01-28 23:29:36,455 - INFO - [631-660/2497] Translating 50 items...
2026-01-28 23:29:37,284 - INFO -   Saved (660/2497)
2026-01-28 23:29:37,285 - INFO - [661-690/2497] Translating 44 items...
2026-01-28 23:29:38,142 - INFO -   Saved (690/2497)
2026-01-28 23:29:38,143 - INFO - [691-720/2497] Translating 53 items...
2026-01-28 23:29:38,951 - INFO -   Saved (720/2497)
2026-01-28 23:29:38,951 - INFO - [721-750/2497] Translating 61 items...
2026-01-28 23:29:39,882 - INFO -   Saved (750/2497)
2026-01-28 23:29:39,882 - INFO - [751-780/2497] Translating 57 items...
2026-01-28 23:29:40,776 - INFO -   Saved (780/2497)
2026-01-28 23:29:40,777 - INFO - [781-810/2497] Translating 39 items...
2026-01-28 23:29:41,735 - INFO -   Saved (810/2497)
2026-01-28 23:29:41,736 - INFO - [811-840/2497] Translating 56 items...
2026-01-28 23:29:42,643 - INFO -   Saved (840/2497)
2026-01-28 23:29:42,643 - INFO - [841-870/2497] Translating 56 items...
2026-01-28 23:29:43,369 - INFO -   Saved (870/2497)
2026-01-28 23:29:43,369 - INFO - [871-900/2497] Translating 40 items...
2026-01-28 23:29:44,100 - INFO -   Saved (900/2497)
2026-01-28 23:29:44,101 - INFO - [901-930/2497] Translating 46 items...
2026-01-28 23:29:44,838 - INFO -   Saved (930/2497)
2026-01-28 23:29:44,839 - INFO - [931-960/2497] Translating 42 items...
2026-01-28 23:29:45,533 - INFO -   Saved (960/2497)
2026-01-28 23:29:45,533 - INFO - [961-990/2497] Translating 52 items...
2026-01-28 23:29:46,307 - INFO -   Saved (990/2497)
2026-01-28 23:29:46,308 - INFO - [991-1020/2497] Translating 49 items...
2026-01-28 23:29:47,124 - INFO -   Saved (1020/2497)
2026-01-28 23:29:47,124 - INFO - [1021-1050/2497] Translating 46 items...
2026-01-28 23:29:47,906 - INFO -   Saved (1050/2497)
2026-01-28 23:29:47,906 - INFO - [1051-1080/2497] Translating 40 items...
2026-01-28 23:29:48,798 - INFO -   Saved (1080/2497)
2026-01-28 23:29:48,798 - INFO - [1081-1110/2497] Translating 47 items...
2026-01-28 23:29:49,553 - INFO -   Saved (1110/2497)
2026-01-28 23:29:49,553 - INFO - [1111-1140/2497] Translating 44 items...
2026-01-28 23:29:50,279 - INFO -   Saved (1140/2497)
2026-01-28 23:29:50,279 - INFO - [1141-1170/2497] Translating 60 items...
2026-01-28 23:29:50,976 - INFO -   Saved (1170/2497)
2026-01-28 23:29:50,976 - INFO - [1171-1200/2497] Translating 49 items...
2026-01-28 23:29:51,971 - INFO -   Saved (1200/2497)
2026-01-28 23:29:51,971 - INFO - [1201-1230/2497] Translating 42 items...
2026-01-28 23:29:52,940 - INFO -   Saved (1230/2497)
2026-01-28 23:29:52,940 - INFO - [1231-1260/2497] Translating 42 items...
2026-01-28 23:29:54,029 - INFO -   Saved (1260/2497)
2026-01-28 23:29:54,029 - INFO - [1261-1290/2497] Translating 51 items...
2026-01-28 23:29:55,017 - INFO -   Saved (1290/2497)
2026-01-28 23:29:55,017 - INFO - [1291-1320/2497] Translating 40 items...
2026-01-28 23:29:56,060 - INFO -   Saved (1320/2497)
2026-01-28 23:29:56,060 - INFO - [1321-1350/2497] Translating 52 items...
2026-01-28 23:29:56,744 - INFO -   Saved (1350/2497)
2026-01-28 23:29:56,744 - INFO - [1351-1380/2497] Translating 49 items...
2026-01-28 23:29:57,944 - INFO -   Saved (1380/2497)
2026-01-28 23:29:57,945 - INFO - [1381-1410/2497] Translating 49 items...
2026-01-28 23:29:58,753 - INFO -   Saved (1410/2497)
2026-01-28 23:29:58,753 - INFO - [1411-1440/2497] Translating 56 items...
2026-01-28 23:29:59,727 - INFO -   Saved (1440/2497)
2026-01-28 23:29:59,727 - INFO - [1441-1470/2497] Translating 48 items...
2026-01-28 23:30:00,721 - INFO -   Saved (1470/2497)
2026-01-28 23:30:00,722 - INFO - [1471-1500/2497] Translating 51 items...
2026-01-28 23:30:01,665 - INFO -   Saved (1500/2497)
2026-01-28 23:30:01,666 - INFO - [1501-1530/2497] Translating 53 items...
2026-01-28 23:30:02,545 - INFO -   Saved (1530/2497)
2026-01-28 23:30:02,546 - INFO - [1531-1560/2497] Translating 56 items...
2026-01-28 23:30:03,658 - INFO -   Saved (1560/2497)
2026-01-28 23:30:03,658 - INFO - [1561-1590/2497] Translating 50 items...
2026-01-28 23:30:04,682 - INFO -   Saved (1590/2497)
2026-01-28 23:30:04,682 - INFO - [1591-1620/2497] Translating 59 items...
2026-01-28 23:30:05,677 - INFO -   Saved (1620/2497)
2026-01-28 23:30:05,677 - INFO - [1621-1650/2497] Translating 52 items...
2026-01-28 23:30:06,555 - INFO -   Saved (1650/2497)
2026-01-28 23:30:06,555 - INFO - [1651-1680/2497] Translating 45 items...
2026-01-28 23:30:07,379 - INFO -   Saved (1680/2497)
2026-01-28 23:30:07,379 - INFO - [1681-1710/2497] Translating 56 items...
2026-01-28 23:30:08,396 - INFO -   Saved (1710/2497)
2026-01-28 23:30:08,396 - INFO - [1711-1740/2497] Translating 58 items...
2026-01-28 23:30:09,246 - INFO -   Saved (1740/2497)
2026-01-28 23:30:09,246 - INFO - [1741-1770/2497] Translating 46 items...
2026-01-28 23:30:10,150 - INFO -   Saved (1770/2497)
2026-01-28 23:30:10,150 - INFO - [1771-1800/2497] Translating 50 items...
2026-01-28 23:30:10,986 - INFO -   Saved (1800/2497)
2026-01-28 23:30:10,986 - INFO - [1801-1830/2497] Translating 63 items...
2026-01-28 23:30:11,862 - INFO -   Saved (1830/2497)
2026-01-28 23:30:11,862 - INFO - [1831-1860/2497] Translating 38 items...
2026-01-28 23:30:12,603 - INFO -   Saved (1860/2497)
2026-01-28 23:30:12,603 - INFO - [1861-1890/2497] Translating 43 items...
2026-01-28 23:30:13,518 - INFO -   Saved (1890/2497)
2026-01-28 23:30:13,518 - INFO - [1891-1920/2497] Translating 50 items...
2026-01-28 23:30:14,305 - INFO -   Saved (1920/2497)
2026-01-28 23:30:14,305 - INFO - [1921-1950/2497] Translating 57 items...
2026-01-28 23:30:15,202 - INFO -   Saved (1950/2497)
2026-01-28 23:30:15,202 - INFO - [1951-1980/2497] Translating 47 items...
2026-01-28 23:30:16,199 - INFO -   Saved (1980/2497)
2026-01-28 23:30:16,199 - INFO - [1981-2010/2497] Translating 40 items...
2026-01-28 23:30:16,958 - INFO -   Saved (2010/2497)
2026-01-28 23:30:16,958 - INFO - [2011-2040/2497] Translating 49 items...
2026-01-28 23:30:17,802 - INFO -   Saved (2040/2497)
2026-01-28 23:30:17,802 - INFO - [2041-2070/2497] Translating 55 items...
2026-01-28 23:30:18,593 - INFO -   Saved (2070/2497)
2026-01-28 23:30:18,594 - INFO - [2071-2100/2497] Translating 44 items...
2026-01-28 23:30:19,578 - INFO -   Saved (2100/2497)
2026-01-28 23:30:19,579 - INFO - [2101-2130/2497] Translating 55 items...
2026-01-28 23:30:20,366 - INFO -   Saved (2130/2497)
2026-01-28 23:30:20,366 - INFO - [2131-2160/2497] Translating 70 items...
2026-01-28 23:30:21,245 - INFO -   Saved (2160/2497)
2026-01-28 23:30:21,246 - INFO - [2161-2190/2497] Translating 55 items...
2026-01-28 23:30:22,124 - INFO -   Saved (2190/2497)
2026-01-28 23:30:22,124 - INFO - [2191-2220/2497] Translating 51 items...
2026-01-28 23:30:22,857 - INFO -   Saved (2220/2497)
2026-01-28 23:30:22,857 - INFO - [2221-2250/2497] Translating 40 items...
2026-01-28 23:30:23,649 - INFO -   Saved (2250/2497)
2026-01-28 23:30:23,650 - INFO - [2251-2280/2497] Translating 50 items...
2026-01-28 23:30:24,469 - INFO -   Saved (2280/2497)
2026-01-28 23:30:24,469 - INFO - [2281-2310/2497] Translating 51 items...
2026-01-28 23:30:25,257 - INFO -   Saved (2310/2497)
2026-01-28 23:30:25,258 - INFO - [2311-2340/2497] Translating 53 items...
2026-01-28 23:30:26,059 - INFO -   Saved (2340/2497)
2026-01-28 23:30:26,059 - INFO - [2341-2370/2497] Translating 50 items...
2026-01-28 23:30:26,889 - INFO -   Saved (2370/2497)
2026-01-28 23:30:26,889 - INFO - [2371-2400/2497] Translating 43 items...
2026-01-28 23:30:27,830 - INFO -   Saved (2400/2497)
2026-01-28 23:30:27,830 - INFO - [2401-2430/2497] Translating 62 items...
2026-01-28 23:30:28,801 - INFO -   Saved (2430/2497)
2026-01-28 23:30:28,801 - INFO - [2431-2460/2497] Translating 47 items...
2026-01-28 23:30:29,651 - INFO -   Saved (2460/2497)
2026-01-28 23:30:29,652 - INFO - [2461-2490/2497] Translating 38 items...
2026-01-28 23:30:30,616 - INFO -   Saved (2490/2497)
2026-01-28 23:30:30,616 - INFO - [2491-2497/2497] Translating 5 items...
2026-01-28 23:30:31,331 - INFO -   Saved (2497/2497)
2026-01-28 23:30:31,579 - INFO - ============================================================
2026-01-28 23:30:31,579 - INFO - B1 complete! Main: 2074, Synonyms: 2058, Examples: 2
2026-01-28 23:30:31,579 - INFO - ============================================================
2026-01-28 23:30:31,585 - INFO - ============================================================
2026-01-28 23:30:31,585 - INFO - Adding translations to B2
2026-01-28 23:30:31,585 - INFO - ============================================================
2026-01-28 23:30:31,600 - INFO - [1-30/665] Translating 10 items...
2026-01-28 23:30:32,065 - INFO -   Saved (30/665)
2026-01-28 23:30:32,065 - INFO - [31-60/665] Translating 34 items...
2026-01-28 23:30:32,521 - INFO -   Saved (60/665)
2026-01-28 23:30:32,521 - INFO - [61-90/665] Translating 9 items...
2026-01-28 23:30:32,961 - INFO -   Saved (90/665)
2026-01-28 23:30:32,962 - INFO - [91-120/665] Translating 9 items...
2026-01-28 23:30:33,404 - INFO -   Saved (120/665)
2026-01-28 23:30:33,405 - INFO - [121-150/665] Translating 23 items...
2026-01-28 23:30:33,882 - INFO -   Saved (150/665)
2026-01-28 23:30:33,882 - INFO - [151-180/665] Translating 28 items...
2026-01-28 23:30:34,325 - INFO -   Saved (180/665)
2026-01-28 23:30:34,325 - INFO - [181-210/665] Translating 20 items...
2026-01-28 23:30:34,774 - INFO -   Saved (210/665)
2026-01-28 23:30:34,774 - INFO - [211-240/665] Translating 21 items...
2026-01-28 23:30:35,210 - INFO -   Saved (240/665)
2026-01-28 23:30:35,210 - INFO - [241-270/665] Translating 22 items...
2026-01-28 23:30:35,661 - INFO -   Saved (270/665)
2026-01-28 23:30:35,661 - INFO - [271-300/665] Translating 30 items...
2026-01-28 23:30:36,098 - INFO -   Saved (300/665)
2026-01-28 23:30:36,098 - INFO - [301-330/665] Translating 25 items...
2026-01-28 23:30:36,526 - INFO -   Saved (330/665)
2026-01-28 23:30:36,526 - INFO - [331-360/665] Translating 22 items...
2026-01-28 23:30:36,956 - INFO -   Saved (360/665)
2026-01-28 23:30:36,956 - INFO - [361-390/665] Translating 16 items...
2026-01-28 23:30:37,403 - INFO -   Saved (390/665)
2026-01-28 23:30:37,403 - INFO - [391-420/665] Translating 27 items...
2026-01-28 23:30:37,882 - INFO -   Saved (420/665)
2026-01-28 23:30:37,882 - INFO - [421-450/665] Translating 24 items...
2026-01-28 23:30:38,342 - INFO -   Saved (450/665)
2026-01-28 23:30:38,342 - INFO - [451-480/665] Translating 31 items...
2026-01-28 23:30:38,792 - INFO -   Saved (480/665)
2026-01-28 23:30:38,793 - INFO - [481-510/665] Translating 40 items...
2026-01-28 23:30:39,257 - INFO -   Saved (510/665)
2026-01-28 23:30:39,257 - INFO - [511-540/665] Translating 19 items...
2026-01-28 23:30:39,706 - INFO -   Saved (540/665)
2026-01-28 23:30:39,706 - INFO - [541-570/665] Translating 17 items...
2026-01-28 23:30:40,259 - INFO -   Saved (570/665)
2026-01-28 23:30:40,259 - INFO - [571-600/665] Translating 20 items...
2026-01-28 23:30:40,729 - INFO -   Saved (600/665)
2026-01-28 23:30:40,730 - INFO - [601-630/665] Translating 26 items...
2026-01-28 23:30:41,191 - INFO -   Saved (630/665)
2026-01-28 23:30:41,191 - INFO - [631-660/665] Translating 17 items...
2026-01-28 23:30:41,976 - INFO -   Saved (660/665)
2026-01-28 23:30:42,044 - INFO - ============================================================
2026-01-28 23:30:42,044 - INFO - B2 complete! Main: 40, Synonyms: 450, Examples: 0
2026-01-28 23:30:42,044 - INFO - ============================================================
2026-01-28 23:30:42,046 - INFO - ============================================================
2026-01-28 23:30:42,046 - INFO - Adding translations to C1
2026-01-28 23:30:42,046 - INFO - ============================================================
2026-01-28 23:30:42,091 - INFO - [1-30/2621] Translating 40 items...
2026-01-28 23:30:42,988 - INFO -   Saved (30/2621)
2026-01-28 23:30:42,988 - INFO - [31-60/2621] Translating 38 items...
2026-01-28 23:30:43,838 - INFO -   Saved (60/2621)
2026-01-28 23:30:43,839 - INFO - [61-90/2621] Translating 43 items...
2026-01-28 23:30:44,726 - INFO -   Saved (90/2621)
2026-01-28 23:30:44,727 - INFO - [91-120/2621] Translating 33 items...
2026-01-28 23:30:45,470 - INFO -   Saved (120/2621)
2026-01-28 23:30:45,471 - INFO - [121-150/2621] Translating 40 items...
2026-01-28 23:30:46,271 - INFO -   Saved (150/2621)
2026-01-28 23:30:46,272 - INFO - [151-180/2621] Translating 35 items...
2026-01-28 23:30:47,101 - INFO -   Saved (180/2621)
2026-01-28 23:30:47,101 - INFO - [181-210/2621] Translating 44 items...
2026-01-28 23:30:47,965 - INFO -   Saved (210/2621)
2026-01-28 23:30:47,966 - INFO - [211-240/2621] Translating 35 items...
2026-01-28 23:30:48,748 - INFO -   Saved (240/2621)
2026-01-28 23:30:48,748 - INFO - [241-270/2621] Translating 38 items...
2026-01-28 23:30:49,633 - INFO -   Saved (270/2621)
2026-01-28 23:30:49,633 - INFO - [271-300/2621] Translating 43 items...
2026-01-28 23:30:50,542 - INFO -   Saved (300/2621)
2026-01-28 23:30:50,542 - INFO - [301-330/2621] Translating 46 items...
2026-01-28 23:30:51,466 - INFO -   Saved (330/2621)
2026-01-28 23:30:51,466 - INFO - [331-360/2621] Translating 46 items...
2026-01-28 23:30:52,239 - INFO -   Saved (360/2621)
2026-01-28 23:30:52,240 - INFO - [361-390/2621] Translating 37 items...
2026-01-28 23:30:52,978 - INFO -   Saved (390/2621)
2026-01-28 23:30:52,978 - INFO - [391-420/2621] Translating 44 items...
2026-01-28 23:30:54,019 - INFO -   Saved (420/2621)
2026-01-28 23:30:54,020 - INFO - [421-450/2621] Translating 32 items...
2026-01-28 23:30:54,952 - INFO -   Saved (450/2621)
2026-01-28 23:30:54,952 - INFO - [451-480/2621] Translating 44 items...
2026-01-28 23:30:56,066 - INFO -   Saved (480/2621)
2026-01-28 23:30:56,067 - INFO - [481-510/2621] Translating 33 items...
2026-01-28 23:30:57,210 - INFO -   Saved (510/2621)
2026-01-28 23:30:57,210 - INFO - [511-540/2621] Translating 36 items...
2026-01-28 23:30:58,158 - INFO -   Saved (540/2621)
2026-01-28 23:30:58,158 - INFO - [541-570/2621] Translating 41 items...
2026-01-28 23:30:58,949 - INFO -   Saved (570/2621)
2026-01-28 23:30:58,949 - INFO - [571-600/2621] Translating 34 items...
2026-01-28 23:31:00,103 - INFO -   Saved (600/2621)
2026-01-28 23:31:00,103 - INFO - [601-630/2621] Translating 42 items...
2026-01-28 23:31:00,995 - INFO -   Saved (630/2621)
2026-01-28 23:31:00,995 - INFO - [631-660/2621] Translating 56 items...
2026-01-28 23:31:02,089 - INFO -   Saved (660/2621)
2026-01-28 23:31:02,089 - INFO - [661-690/2621] Translating 51 items...
2026-01-28 23:31:02,965 - INFO -   Saved (690/2621)
2026-01-28 23:31:02,965 - INFO - [691-720/2621] Translating 38 items...
2026-01-28 23:31:03,888 - INFO -   Saved (720/2621)
2026-01-28 23:31:03,888 - INFO - [721-750/2621] Translating 36 items...
2026-01-28 23:31:04,891 - INFO -   Saved (750/2621)
2026-01-28 23:31:04,891 - INFO - [751-780/2621] Translating 52 items...
2026-01-28 23:31:05,917 - INFO -   Saved (780/2621)
2026-01-28 23:31:05,917 - INFO - [781-810/2621] Translating 35 items...
2026-01-28 23:31:06,774 - INFO -   Saved (810/2621)
2026-01-28 23:31:06,774 - INFO - [811-840/2621] Translating 41 items...
2026-01-28 23:31:07,696 - INFO -   Saved (840/2621)
2026-01-28 23:31:07,696 - INFO - [841-870/2621] Translating 44 items...
2026-01-28 23:31:08,457 - INFO -   Saved (870/2621)
2026-01-28 23:31:08,457 - INFO - [871-900/2621] Translating 38 items...
2026-01-28 23:31:09,163 - INFO -   Saved (900/2621)
2026-01-28 23:31:09,163 - INFO - [901-930/2621] Translating 34 items...
2026-01-28 23:31:09,995 - INFO -   Saved (930/2621)
2026-01-28 23:31:09,995 - INFO - [931-960/2621] Translating 35 items...
2026-01-28 23:31:10,883 - INFO -   Saved (960/2621)
2026-01-28 23:31:10,884 - INFO - [961-990/2621] Translating 39 items...
2026-01-28 23:31:11,712 - INFO -   Saved (990/2621)
2026-01-28 23:31:11,713 - INFO - [991-1020/2621] Translating 35 items...
2026-01-28 23:31:12,434 - INFO -   Saved (1020/2621)
2026-01-28 23:31:12,434 - INFO - [1021-1050/2621] Translating 45 items...
2026-01-28 23:31:13,400 - INFO -   Saved (1050/2621)
2026-01-28 23:31:13,400 - INFO - [1051-1080/2621] Translating 35 items...
2026-01-28 23:31:14,484 - INFO -   Saved (1080/2621)
2026-01-28 23:31:14,484 - INFO - [1081-1110/2621] Translating 39 items...
2026-01-28 23:31:15,314 - INFO -   Saved (1110/2621)
2026-01-28 23:31:15,314 - INFO - [1111-1140/2621] Translating 37 items...
2026-01-28 23:31:16,198 - INFO -   Saved (1140/2621)
2026-01-28 23:31:16,199 - INFO - [1141-1170/2621] Translating 38 items...
2026-01-28 23:31:17,205 - INFO -   Saved (1170/2621)
2026-01-28 23:31:17,206 - INFO - [1171-1200/2621] Translating 50 items...
2026-01-28 23:31:18,283 - INFO -   Saved (1200/2621)
2026-01-28 23:31:18,283 - INFO - [1201-1230/2621] Translating 36 items...
2026-01-28 23:31:19,015 - INFO -   Saved (1230/2621)
2026-01-28 23:31:19,015 - INFO - [1231-1260/2621] Translating 42 items...
2026-01-28 23:31:19,828 - INFO -   Saved (1260/2621)
2026-01-28 23:31:19,828 - INFO - [1261-1290/2621] Translating 49 items...
2026-01-28 23:31:20,755 - INFO -   Saved (1290/2621)
2026-01-28 23:31:20,755 - INFO - [1291-1320/2621] Translating 35 items...
2026-01-28 23:31:21,562 - INFO -   Saved (1320/2621)
2026-01-28 23:31:21,562 - INFO - [1321-1350/2621] Translating 43 items...
2026-01-28 23:31:22,400 - INFO -   Saved (1350/2621)
2026-01-28 23:31:22,400 - INFO - [1351-1380/2621] Translating 35 items...
2026-01-28 23:31:23,336 - INFO -   Saved (1380/2621)
2026-01-28 23:31:23,336 - INFO - [1381-1410/2621] Translating 40 items...
2026-01-28 23:31:24,271 - INFO -   Saved (1410/2621)
2026-01-28 23:31:24,272 - INFO - [1411-1440/2621] Translating 40 items...
2026-01-28 23:31:25,018 - INFO -   Saved (1440/2621)
2026-01-28 23:31:25,018 - INFO - [1441-1470/2621] Translating 38 items...
2026-01-28 23:31:25,759 - INFO -   Saved (1470/2621)
2026-01-28 23:31:25,759 - INFO - [1471-1500/2621] Translating 48 items...
2026-01-28 23:31:26,507 - INFO -   Saved (1500/2621)
2026-01-28 23:31:26,507 - INFO - [1501-1530/2621] Translating 36 items...
2026-01-28 23:31:27,304 - INFO -   Saved (1530/2621)
2026-01-28 23:31:27,304 - INFO - [1531-1560/2621] Translating 53 items...
2026-01-28 23:31:28,081 - INFO -   Saved (1560/2621)
2026-01-28 23:31:28,081 - INFO - [1561-1590/2621] Translating 45 items...
2026-01-28 23:31:28,852 - INFO -   Saved (1590/2621)
2026-01-28 23:31:28,852 - INFO - [1591-1620/2621] Translating 35 items...
2026-01-28 23:31:29,569 - INFO -   Saved (1620/2621)
2026-01-28 23:31:29,569 - INFO - [1621-1650/2621] Translating 48 items...
2026-01-28 23:31:30,580 - INFO -   Saved (1650/2621)
2026-01-28 23:31:30,581 - INFO - [1651-1680/2621] Translating 43 items...
2026-01-28 23:31:31,422 - INFO -   Saved (1680/2621)
2026-01-28 23:31:31,423 - INFO - [1681-1710/2621] Translating 35 items...
2026-01-28 23:31:32,415 - INFO -   Saved (1710/2621)
2026-01-28 23:31:32,416 - INFO - [1711-1740/2621] Translating 44 items...
2026-01-28 23:31:33,308 - INFO -   Saved (1740/2621)
2026-01-28 23:31:33,309 - INFO - [1741-1770/2621] Translating 36 items...
2026-01-28 23:31:34,214 - INFO -   Saved (1770/2621)
2026-01-28 23:31:34,214 - INFO - [1771-1800/2621] Translating 32 items...
2026-01-28 23:31:35,202 - INFO -   Saved (1800/2621)
2026-01-28 23:31:35,202 - INFO - [1801-1830/2621] Translating 39 items...
2026-01-28 23:31:36,104 - INFO -   Saved (1830/2621)
2026-01-28 23:31:36,104 - INFO - [1831-1860/2621] Translating 46 items...
2026-01-28 23:31:37,014 - INFO -   Saved (1860/2621)
2026-01-28 23:31:37,014 - INFO - [1861-1890/2621] Translating 37 items...
2026-01-28 23:31:37,914 - INFO -   Saved (1890/2621)
2026-01-28 23:31:37,914 - INFO - [1891-1920/2621] Translating 34 items...
2026-01-28 23:31:40,356 - INFO -   Saved (1920/2621)
2026-01-28 23:31:40,356 - INFO - [1921-1950/2621] Translating 42 items...
2026-01-28 23:31:41,388 - INFO -   Saved (1950/2621)
2026-01-28 23:31:41,388 - INFO - [1951-1980/2621] Translating 46 items...
2026-01-28 23:31:42,288 - INFO -   Saved (1980/2621)
2026-01-28 23:31:42,289 - INFO - [1981-2010/2621] Translating 39 items...
2026-01-28 23:31:43,267 - INFO -   Saved (2010/2621)
2026-01-28 23:31:43,267 - INFO - [2011-2040/2621] Translating 42 items...
2026-01-28 23:31:44,067 - INFO -   Saved (2040/2621)
2026-01-28 23:31:44,067 - INFO - [2041-2070/2621] Translating 37 items...
2026-01-28 23:31:44,868 - INFO -   Saved (2070/2621)
2026-01-28 23:31:44,868 - INFO - [2071-2100/2621] Translating 31 items...
2026-01-28 23:31:46,101 - INFO -   Saved (2100/2621)
2026-01-28 23:31:46,101 - INFO - [2101-2130/2621] Translating 46 items...
2026-01-28 23:31:46,846 - INFO -   Saved (2130/2621)
2026-01-28 23:31:46,846 - INFO - [2131-2160/2621] Translating 36 items...
2026-01-28 23:31:47,743 - INFO -   Saved (2160/2621)
2026-01-28 23:31:47,743 - INFO - [2161-2190/2621] Translating 33 items...
2026-01-28 23:31:48,593 - INFO -   Saved (2190/2621)
2026-01-28 23:31:48,593 - INFO - [2191-2220/2621] Translating 54 items...
2026-01-28 23:31:49,503 - INFO -   Saved (2220/2621)
2026-01-28 23:31:49,503 - INFO - [2221-2250/2621] Translating 34 items...
2026-01-28 23:31:50,368 - INFO -   Saved (2250/2621)
2026-01-28 23:31:50,369 - INFO - [2251-2280/2621] Translating 29 items...
2026-01-28 23:31:51,238 - INFO -   Saved (2280/2621)
2026-01-28 23:31:51,238 - INFO - [2281-2310/2621] Translating 37 items...
2026-01-28 23:31:51,995 - INFO -   Saved (2310/2621)
2026-01-28 23:31:51,995 - INFO - [2311-2340/2621] Translating 36 items...
2026-01-28 23:31:52,923 - INFO -   Saved (2340/2621)
2026-01-28 23:31:52,924 - INFO - [2341-2370/2621] Translating 32 items...
2026-01-28 23:31:53,629 - INFO -   Saved (2370/2621)
2026-01-28 23:31:53,629 - INFO - [2371-2400/2621] Translating 45 items...
2026-01-28 23:31:54,538 - INFO -   Saved (2400/2621)
2026-01-28 23:31:54,539 - INFO - [2401-2430/2621] Translating 43 items...
2026-01-28 23:31:55,305 - INFO -   Saved (2430/2621)
2026-01-28 23:31:55,305 - INFO - [2431-2460/2621] Translating 47 items...
2026-01-28 23:31:56,179 - INFO -   Saved (2460/2621)
2026-01-28 23:31:56,180 - INFO - [2461-2490/2621] Translating 49 items...
2026-01-28 23:31:57,136 - INFO -   Saved (2490/2621)
2026-01-28 23:31:57,136 - INFO - [2491-2520/2621] Translating 42 items...
2026-01-28 23:31:58,018 - INFO -   Saved (2520/2621)
2026-01-28 23:31:58,018 - INFO - [2521-2550/2621] Translating 44 items...
2026-01-28 23:31:58,940 - INFO -   Saved (2550/2621)
2026-01-28 23:31:58,941 - INFO - [2551-2580/2621] Translating 49 items...
2026-01-28 23:31:59,702 - INFO -   Saved (2580/2621)
2026-01-28 23:31:59,702 - INFO - [2581-2610/2621] Translating 38 items...
2026-01-28 23:32:00,634 - INFO -   Saved (2610/2621)
2026-01-28 23:32:00,634 - INFO - [2611-2621/2621] Translating 11 items...
2026-01-28 23:32:01,546 - INFO -   Saved (2621/2621)
2026-01-28 23:32:01,733 - INFO - ============================================================
2026-01-28 23:32:01,733 - INFO - C1 complete! Main: 2428, Synonyms: 1084, Examples: 1
2026-01-28 23:32:01,733 - INFO - ============================================================
2026-01-28 23:32:01,736 - INFO - ============================================================
2026-01-28 23:32:01,736 - INFO - Adding translations to C2
2026-01-28 23:32:01,736 - INFO - ============================================================
2026-01-28 23:32:01,770 - INFO - [1-30/2958] Translating 10 items...
2026-01-28 23:32:02,328 - INFO -   Saved (30/2958)
2026-01-28 23:32:02,328 - INFO - [31-60/2958] Translating 8 items...
2026-01-28 23:32:03,015 - INFO -   Saved (60/2958)
2026-01-28 23:32:03,015 - INFO - [61-90/2958] Translating 6 items...
2026-01-28 23:32:03,847 - INFO -   Saved (90/2958)
2026-01-28 23:32:03,847 - INFO - [91-120/2958] Translating 16 items...
2026-01-28 23:32:04,428 - INFO -   Saved (120/2958)
2026-01-28 23:32:04,429 - INFO - [121-150/2958] Translating 10 items...
2026-01-28 23:32:05,028 - INFO -   Saved (150/2958)
2026-01-28 23:32:05,028 - INFO - [151-180/2958] Translating 4 items...
2026-01-28 23:32:05,677 - INFO -   Saved (180/2958)
2026-01-28 23:32:05,677 - INFO - [181-210/2958] Translating 6 items...
2026-01-28 23:32:06,323 - INFO -   Saved (210/2958)
2026-01-28 23:32:06,323 - INFO - [211-240/2958] Translating 12 items...
2026-01-28 23:32:06,850 - INFO -   Saved (240/2958)
2026-01-28 23:32:06,850 - INFO - [241-270/2958] Translating 9 items...
2026-01-28 23:32:07,432 - INFO -   Saved (270/2958)
2026-01-28 23:32:07,432 - INFO - [271-300/2958] Translating 11 items...
2026-01-28 23:32:08,350 - INFO -   Saved (300/2958)
2026-01-28 23:32:08,350 - INFO - [301-330/2958] Translating 2 items...
2026-01-28 23:32:08,943 - INFO -   Saved (330/2958)
2026-01-28 23:32:08,943 - INFO - [331-360/2958] Translating 7 items...
2026-01-28 23:32:09,597 - INFO -   Saved (360/2958)
2026-01-28 23:32:09,597 - INFO - [361-390/2958] Translating 11 items...
2026-01-28 23:32:10,170 - INFO -   Saved (390/2958)
2026-01-28 23:32:10,170 - INFO - [391-420/2958] Translating 12 items...
2026-01-28 23:32:11,146 - INFO -   Saved (420/2958)
2026-01-28 23:32:11,146 - INFO - [421-450/2958] Translating 3 items...
2026-01-28 23:32:11,809 - INFO -   Saved (450/2958)
2026-01-28 23:32:11,809 - INFO - [451-480/2958] Translating 18 items...
2026-01-28 23:32:12,746 - INFO -   Saved (480/2958)
2026-01-28 23:32:12,746 - INFO - [481-510/2958] Translating 18 items...
2026-01-28 23:32:13,484 - INFO -   Saved (510/2958)
2026-01-28 23:32:13,484 - INFO - [511-540/2958] Translating 11 items...
2026-01-28 23:32:14,206 - INFO -   Saved (540/2958)
2026-01-28 23:32:14,206 - INFO - [541-570/2958] Translating 10 items...
2026-01-28 23:32:15,117 - INFO -   Saved (570/2958)
2026-01-28 23:32:15,117 - INFO - [571-600/2958] Translating 4 items...
2026-01-28 23:32:15,680 - INFO -   Saved (600/2958)
2026-01-28 23:32:15,680 - INFO - [601-630/2958] Translating 9 items...
2026-01-28 23:32:16,374 - INFO -   Saved (630/2958)
2026-01-28 23:32:16,374 - INFO - [631-660/2958] Translating 5 items...
2026-01-28 23:32:17,368 - INFO -   Saved (660/2958)
2026-01-28 23:32:17,368 - INFO - [661-690/2958] Translating 8 items...
2026-01-28 23:32:18,122 - INFO -   Saved (690/2958)
2026-01-28 23:32:18,122 - INFO - [691-720/2958] Translating 11 items...
2026-01-28 23:32:18,858 - INFO -   Saved (720/2958)
2026-01-28 23:32:18,858 - INFO - [721-750/2958] Translating 16 items...
2026-01-28 23:32:19,533 - INFO -   Saved (750/2958)
2026-01-28 23:32:19,533 - INFO - [751-780/2958] Translating 14 items...
2026-01-28 23:32:20,152 - INFO -   Saved (780/2958)
2026-01-28 23:32:20,152 - INFO - [781-810/2958] Translating 16 items...
2026-01-28 23:32:20,834 - INFO -   Saved (810/2958)
2026-01-28 23:32:20,834 - INFO - [811-840/2958] Translating 3 items...
2026-01-28 23:32:21,562 - INFO -   Saved (840/2958)
2026-01-28 23:32:21,563 - INFO - [841-870/2958] Translating 4 items...
2026-01-28 23:32:22,333 - INFO -   Saved (870/2958)
2026-01-28 23:32:22,334 - INFO - [871-900/2958] Translating 10 items...
2026-01-28 23:32:23,175 - INFO -   Saved (900/2958)
2026-01-28 23:32:23,175 - INFO - [901-930/2958] Translating 14 items...
2026-01-28 23:32:23,910 - INFO -   Saved (930/2958)
2026-01-28 23:32:23,910 - INFO - [931-960/2958] Translating 3 items...
2026-01-28 23:32:24,446 - INFO -   Saved (960/2958)
2026-01-28 23:32:24,446 - INFO - [961-990/2958] Translating 1 items...
2026-01-28 23:32:24,982 - INFO -   Saved (990/2958)
2026-01-28 23:32:24,982 - INFO - [991-1020/2958] Translating 11 items...
2026-01-28 23:32:25,650 - INFO -   Saved (1020/2958)
2026-01-28 23:32:25,650 - INFO - [1021-1050/2958] Translating 9 items...
2026-01-28 23:32:26,443 - INFO -   Saved (1050/2958)
2026-01-28 23:32:26,444 - INFO - [1051-1080/2958] Translating 9 items...
2026-01-28 23:32:27,215 - INFO -   Saved (1080/2958)
2026-01-28 23:32:27,215 - INFO - [1081-1110/2958] Translating 5 items...
2026-01-28 23:32:27,725 - INFO -   Saved (1110/2958)
2026-01-28 23:32:27,725 - INFO - [1111-1140/2958] Translating 5 items...
2026-01-28 23:32:28,310 - INFO -   Saved (1140/2958)
2026-01-28 23:32:28,311 - INFO - [1141-1170/2958] Translating 7 items...
2026-01-28 23:32:29,048 - INFO -   Saved (1170/2958)
2026-01-28 23:32:29,048 - INFO - [1171-1200/2958] Translating 5 items...
2026-01-28 23:32:29,779 - INFO -   Saved (1200/2958)
2026-01-28 23:32:29,779 - INFO - [1201-1230/2958] Translating 9 items...
2026-01-28 23:32:30,303 - INFO -   Saved (1230/2958)
2026-01-28 23:32:30,303 - INFO - [1231-1260/2958] Translating 10 items...
2026-01-28 23:32:30,985 - INFO -   Saved (1260/2958)
2026-01-28 23:32:30,985 - INFO - [1261-1290/2958] Translating 3 items...
2026-01-28 23:32:31,510 - INFO -   Saved (1290/2958)
2026-01-28 23:32:31,511 - INFO - [1291-1320/2958] Translating 6 items...
2026-01-28 23:32:32,167 - INFO -   Saved (1320/2958)
2026-01-28 23:32:32,167 - INFO - [1321-1350/2958] Translating 4 items...
2026-01-28 23:32:33,207 - INFO -   Saved (1350/2958)
2026-01-28 23:32:33,207 - INFO - [1351-1380/2958] Translating 6 items...
2026-01-28 23:32:34,019 - INFO -   Saved (1380/2958)
2026-01-28 23:32:34,019 - INFO - [1381-1410/2958] Translating 6 items...
2026-01-28 23:32:34,856 - INFO -   Saved (1410/2958)
2026-01-28 23:32:34,856 - INFO - [1411-1440/2958] Translating 4 items...
2026-01-28 23:32:35,404 - INFO -   Saved (1440/2958)
2026-01-28 23:32:35,404 - INFO - [1441-1470/2958] Translating 7 items...
2026-01-28 23:32:36,045 - INFO -   Saved (1470/2958)
2026-01-28 23:32:36,045 - INFO - [1471-1500/2958] Translating 8 items...
2026-01-28 23:32:36,923 - INFO -   Saved (1500/2958)
2026-01-28 23:32:36,923 - INFO - [1501-1530/2958] Translating 9 items...
2026-01-28 23:32:37,608 - INFO -   Saved (1530/2958)
2026-01-28 23:32:37,608 - INFO - [1531-1560/2958] Translating 7 items...
2026-01-28 23:32:38,330 - INFO -   Saved (1560/2958)
2026-01-28 23:32:38,330 - INFO - [1561-1590/2958] Translating 3 items...
2026-01-28 23:32:38,937 - INFO -   Saved (1590/2958)
2026-01-28 23:32:38,937 - INFO - [1591-1620/2958] Translating 6 items...
2026-01-28 23:32:39,709 - INFO -   Saved (1620/2958)
2026-01-28 23:32:39,709 - INFO - [1621-1650/2958] Translating 7 items...
2026-01-28 23:32:40,564 - INFO -   Saved (1650/2958)
2026-01-28 23:32:40,565 - INFO - [1651-1680/2958] Translating 12 items...
2026-01-28 23:32:41,530 - INFO -   Saved (1680/2958)
2026-01-28 23:32:41,530 - INFO - [1681-1710/2958] Translating 6 items...
2026-01-28 23:32:42,290 - INFO -   Saved (1710/2958)
2026-01-28 23:32:42,290 - INFO - [1711-1740/2958] Translating 6 items...
2026-01-28 23:32:43,058 - INFO -   Saved (1740/2958)
2026-01-28 23:32:43,058 - INFO - [1741-1770/2958] Translating 5 items...
2026-01-28 23:32:43,610 - INFO -   Saved (1770/2958)
2026-01-28 23:32:43,610 - INFO - [1771-1800/2958] Translating 14 items...
2026-01-28 23:32:44,287 - INFO -   Saved (1800/2958)
2026-01-28 23:32:44,287 - INFO - [1801-1830/2958] Translating 7 items...
2026-01-28 23:32:45,028 - INFO -   Saved (1830/2958)
2026-01-28 23:32:45,029 - INFO - [1831-1860/2958] Translating 16 items...
2026-01-28 23:32:45,690 - INFO -   Saved (1860/2958)
2026-01-28 23:32:45,690 - INFO - [1861-1890/2958] Translating 5 items...
2026-01-28 23:32:46,380 - INFO -   Saved (1890/2958)
2026-01-28 23:32:46,380 - INFO - [1891-1920/2958] Translating 8 items...
2026-01-28 23:32:46,927 - INFO -   Saved (1920/2958)
2026-01-28 23:32:46,927 - INFO - [1921-1950/2958] Translating 1 items...
2026-01-28 23:32:47,611 - INFO -   Saved (1950/2958)
2026-01-28 23:32:47,611 - INFO - [1951-1980/2958] Translating 19 items...
2026-01-28 23:32:48,610 - INFO -   Saved (1980/2958)
2026-01-28 23:32:48,610 - INFO - [1981-2010/2958] Translating 3 items...
2026-01-28 23:32:49,362 - INFO -   Saved (2010/2958)
2026-01-28 23:32:49,362 - INFO - [2011-2040/2958] Translating 12 items...
2026-01-28 23:32:50,044 - INFO -   Saved (2040/2958)
2026-01-28 23:32:50,044 - INFO - [2041-2070/2958] Translating 7 items...
2026-01-28 23:32:51,125 - INFO -   Saved (2070/2958)
2026-01-28 23:32:51,125 - INFO - [2071-2100/2958] Translating 2 items...
2026-01-28 23:32:51,632 - INFO -   Saved (2100/2958)
2026-01-28 23:32:51,633 - INFO - [2101-2130/2958] Translating 8 items...
2026-01-28 23:32:52,494 - INFO -   Saved (2130/2958)
2026-01-28 23:32:52,494 - INFO - [2131-2160/2958] Translating 6 items...
2026-01-28 23:32:53,449 - INFO -   Saved (2160/2958)
2026-01-28 23:32:53,450 - INFO - [2161-2190/2958] Translating 12 items...
2026-01-28 23:32:54,192 - INFO -   Saved (2190/2958)
2026-01-28 23:32:54,192 - INFO - [2191-2220/2958] Translating 6 items...
2026-01-28 23:32:54,882 - INFO -   Saved (2220/2958)
2026-01-28 23:32:54,882 - INFO - [2221-2250/2958] Translating 7 items...
2026-01-28 23:32:55,496 - INFO -   Saved (2250/2958)
2026-01-28 23:32:55,496 - INFO - [2251-2280/2958] Translating 7 items...
2026-01-28 23:32:56,117 - INFO -   Saved (2280/2958)
2026-01-28 23:32:56,118 - INFO - [2281-2310/2958] Translating 8 items...
2026-01-28 23:32:57,073 - INFO -   Saved (2310/2958)
2026-01-28 23:32:57,073 - INFO - [2311-2340/2958] Translating 13 items...
2026-01-28 23:32:58,063 - INFO -   Saved (2340/2958)
2026-01-28 23:32:58,063 - INFO - [2341-2370/2958] Translating 12 items...
2026-01-28 23:32:58,846 - INFO -   Saved (2370/2958)
2026-01-28 23:32:58,846 - INFO - [2371-2400/2958] Translating 6 items...
2026-01-28 23:32:59,444 - INFO -   Saved (2400/2958)
2026-01-28 23:32:59,444 - INFO - [2401-2430/2958] Translating 11 items...
2026-01-28 23:33:00,204 - INFO -   Saved (2430/2958)
2026-01-28 23:33:00,204 - INFO - [2431-2460/2958] Translating 8 items...
2026-01-28 23:33:01,147 - INFO -   Saved (2460/2958)
2026-01-28 23:33:01,147 - INFO - [2461-2490/2958] Translating 14 items...
2026-01-28 23:33:01,700 - INFO -   Saved (2490/2958)
2026-01-28 23:33:01,700 - INFO - [2491-2520/2958] Translating 4 items...
2026-01-28 23:33:02,477 - INFO -   Saved (2520/2958)
2026-01-28 23:33:02,477 - INFO - [2521-2550/2958] Translating 6 items...
2026-01-28 23:33:03,222 - INFO -   Saved (2550/2958)
2026-01-28 23:33:03,223 - INFO - [2551-2580/2958] Translating 9 items...
2026-01-28 23:33:03,807 - INFO -   Saved (2580/2958)
2026-01-28 23:33:03,808 - INFO - [2581-2610/2958] Translating 6 items...
2026-01-28 23:33:04,553 - INFO -   Saved (2610/2958)
2026-01-28 23:33:04,553 - INFO - [2611-2640/2958] Translating 6 items...
2026-01-28 23:33:05,099 - INFO -   Saved (2640/2958)
2026-01-28 23:33:05,099 - INFO - [2641-2670/2958] Translating 17 items...
2026-01-28 23:33:05,987 - INFO -   Saved (2670/2958)
2026-01-28 23:33:05,987 - INFO - [2671-2700/2958] Translating 7 items...
2026-01-28 23:33:06,532 - INFO -   Saved (2700/2958)
2026-01-28 23:33:06,532 - INFO - [2701-2730/2958] Translating 4 items...
2026-01-28 23:33:07,306 - INFO -   Saved (2730/2958)
2026-01-28 23:33:07,306 - INFO - [2731-2760/2958] Translating 3 items...
2026-01-28 23:33:07,856 - INFO -   Saved (2760/2958)
2026-01-28 23:33:07,857 - INFO - [2761-2790/2958] Translating 14 items...
2026-01-28 23:33:08,404 - INFO -   Saved (2790/2958)
2026-01-28 23:33:08,404 - INFO - [2791-2820/2958] Translating 16 items...
2026-01-28 23:33:09,393 - INFO -   Saved (2820/2958)
2026-01-28 23:33:09,393 - INFO - [2821-2850/2958] Translating 9 items...
2026-01-28 23:33:10,233 - INFO -   Saved (2850/2958)
2026-01-28 23:33:10,233 - INFO - [2851-2880/2958] Translating 19 items...
2026-01-28 23:33:11,195 - INFO -   Saved (2880/2958)
2026-01-28 23:33:11,195 - INFO - [2881-2910/2958] Translating 6 items...
2026-01-28 23:33:12,136 - INFO -   Saved (2910/2958)
2026-01-28 23:33:12,136 - INFO - [2911-2940/2958] Translating 7 items...
2026-01-28 23:33:13,106 - INFO -   Saved (2940/2958)
2026-01-28 23:33:13,106 - INFO - [2941-2958/2958] Translating 8 items...
2026-01-28 23:33:13,745 - INFO -   Saved (2958/2958)
2026-01-28 23:33:13,899 - INFO - ============================================================
2026-01-28 23:33:13,899 - INFO - C2 complete! Main: 289, Synonyms: 541, Examples: 0
2026-01-28 23:33:13,899 - INFO - ============================================================
2026-01-28 23:33:13,902 - INFO - Translation completed
