2026-01-28 22:07:36,585 - INFO - Translation started - Log file: translation_log_20260128_220736.log
2026-01-28 22:07:36,585 - INFO - ============================================================
2026-01-28 22:07:36,585 - INFO - Adding translations to A1
2026-01-28 22:07:36,585 - INFO - ============================================================
2026-01-28 22:07:36,612 - INFO - [1-30/819] Translating 14 items...
2026-01-28 22:07:37,259 - INFO -   Saved (30/819)
2026-01-28 22:07:37,259 - INFO - [31-60/819] Translating 16 items...
2026-01-28 22:07:37,796 - INFO -   Saved (60/819)
2026-01-28 22:07:37,797 - INFO - [61-90/819] Translating 22 items...
2026-01-28 22:07:38,339 - INFO -   Saved (90/819)
2026-01-28 22:07:38,339 - INFO - [91-120/819] Translating 20 items...
2026-01-28 22:07:38,839 - INFO -   Saved (120/819)
2026-01-28 22:07:38,839 - INFO - [121-150/819] Translating 20 items...
2026-01-28 22:07:39,818 - INFO -   Saved (150/819)
2026-01-28 22:07:39,819 - INFO - [151-180/819] Translating 13 items...
2026-01-28 22:07:40,438 - INFO -   Saved (180/819)
2026-01-28 22:07:40,439 - INFO - [181-210/819] Translating 18 items...
2026-01-28 22:07:41,474 - INFO -   Saved (210/819)
2026-01-28 22:07:41,474 - INFO - [211-240/819] Translating 24 items...
2026-01-28 22:07:42,496 - INFO -   Saved (240/819)
2026-01-28 22:07:42,496 - INFO - [241-270/819] Translating 24 items...
2026-01-28 22:07:43,557 - INFO -   Saved (270/819)
2026-01-28 22:07:43,557 - INFO - [271-300/819] Translating 8 items...
2026-01-28 22:07:44,078 - INFO -   Saved (300/819)
2026-01-28 22:07:44,078 - INFO - [301-330/819] Translating 25 items...
2026-01-28 22:07:44,554 - INFO -   Saved (330/819)
2026-01-28 22:07:44,555 - INFO - [331-360/819] Translating 17 items...
2026-01-28 22:07:45,080 - INFO -   Saved (360/819)
2026-01-28 22:07:45,080 - INFO - [361-390/819] Translating 10 items...
2026-01-28 22:07:45,587 - INFO -   Saved (390/819)
2026-01-28 22:07:45,588 - INFO - [391-420/819] Translating 24 items...
2026-01-28 22:07:46,064 - INFO -   Saved (420/819)
2026-01-28 22:07:46,064 - INFO - [421-450/819] Translating 14 items...
2026-01-28 22:07:46,551 - INFO -   Saved (450/819)
2026-01-28 22:07:46,551 - INFO - [451-480/819] Translating 15 items...
2026-01-28 22:07:47,044 - INFO -   Saved (480/819)
2026-01-28 22:07:47,044 - INFO - [481-510/819] Translating 24 items...
2026-01-28 22:07:47,792 - INFO -   Saved (510/819)
2026-01-28 22:07:47,792 - INFO - [511-540/819] Translating 13 items...
2026-01-28 22:07:48,259 - INFO -   Saved (540/819)
2026-01-28 22:07:48,260 - INFO - [541-570/819] Translating 12 items...
2026-01-28 22:07:48,752 - INFO -   Saved (570/819)
2026-01-28 22:07:48,752 - INFO - [571-600/819] Translating 15 items...
2026-01-28 22:07:49,247 - INFO -   Saved (600/819)
2026-01-28 22:07:49,247 - INFO - [601-630/819] Translating 14 items...
2026-01-28 22:07:49,916 - INFO -   Saved (630/819)
2026-01-28 22:07:49,916 - INFO - [631-660/819] Translating 18 items...
2026-01-28 22:07:50,566 - INFO -   Saved (660/819)
2026-01-28 22:07:50,566 - INFO - [661-690/819] Translating 28 items...
2026-01-28 22:07:51,071 - INFO -   Saved (690/819)
2026-01-28 22:07:51,072 - INFO - [691-720/819] Translating 24 items...
2026-01-28 22:07:51,741 - INFO -   Saved (720/819)
2026-01-28 22:07:51,741 - INFO - [721-750/819] Translating 25 items...
2026-01-28 22:07:52,212 - INFO -   Saved (750/819)
2026-01-28 22:07:52,212 - INFO - [751-780/819] Translating 13 items...
2026-01-28 22:07:52,722 - INFO -   Saved (780/819)
2026-01-28 22:07:52,722 - INFO - [781-810/819] Translating 11 items...
2026-01-28 22:07:53,216 - INFO -   Saved (810/819)
2026-01-28 22:07:53,217 - INFO - [811-819/819] Translating 7 items...
2026-01-28 22:07:54,065 - INFO -   Saved (819/819)
2026-01-28 22:07:54,165 - INFO - ============================================================
2026-01-28 22:07:54,165 - INFO - A1 complete! Synonyms: 488, Examples: 0
2026-01-28 22:07:54,165 - INFO - ============================================================
2026-01-28 22:07:54,167 - INFO - ============================================================
2026-01-28 22:07:54,167 - INFO - Adding translations to A2
2026-01-28 22:07:54,167 - INFO - ============================================================
2026-01-28 22:07:54,183 - INFO - [1-30/616] Translating 20 items...
2026-01-28 22:07:54,622 - INFO -   Saved (30/616)
2026-01-28 22:07:54,622 - INFO - [31-60/616] Translating 9 items...
2026-01-28 22:07:55,041 - INFO -   Saved (60/616)
2026-01-28 22:07:55,041 - INFO - [61-90/616] Translating 24 items...
2026-01-28 22:07:55,488 - INFO -   Saved (90/616)
2026-01-28 22:07:55,488 - INFO - [91-120/616] Translating 21 items...
2026-01-28 22:07:55,934 - INFO -   Saved (120/616)
2026-01-28 22:07:55,934 - INFO - [121-150/616] Translating 16 items...
2026-01-28 22:07:56,429 - INFO -   Saved (150/616)
2026-01-28 22:07:56,430 - INFO - [151-180/616] Translating 15 items...
2026-01-28 22:07:57,610 - INFO -   Saved (180/616)
2026-01-28 22:07:57,611 - INFO - [181-210/616] Translating 27 items...
2026-01-28 22:07:58,351 - INFO -   Saved (210/616)
2026-01-28 22:07:58,352 - INFO - [211-240/616] Translating 11 items...
2026-01-28 22:07:58,852 - INFO -   Saved (240/616)
2026-01-28 22:07:58,852 - INFO - [241-270/616] Translating 11 items...
2026-01-28 22:07:59,305 - INFO -   Saved (270/616)
2026-01-28 22:07:59,305 - INFO - [271-300/616] Translating 16 items...
2026-01-28 22:07:59,725 - INFO -   Saved (300/616)
2026-01-28 22:07:59,725 - INFO - [301-330/616] Translating 11 items...
2026-01-28 22:08:00,187 - INFO -   Saved (330/616)
2026-01-28 22:08:00,187 - INFO - [331-360/616] Translating 17 items...
2026-01-28 22:08:00,675 - INFO -   Saved (360/616)
2026-01-28 22:08:00,675 - INFO - [361-390/616] Translating 28 items...
2026-01-28 22:08:01,521 - INFO -   Saved (390/616)
2026-01-28 22:08:01,522 - INFO - [391-420/616] Translating 21 items...
2026-01-28 22:08:02,037 - INFO -   Saved (420/616)
2026-01-28 22:08:02,038 - INFO - [421-450/616] Translating 17 items...
2026-01-28 22:08:02,540 - INFO -   Saved (450/616)
2026-01-28 22:08:02,541 - INFO - [451-480/616] Translating 21 items...
2026-01-28 22:08:03,028 - INFO -   Saved (480/616)
2026-01-28 22:08:03,028 - INFO - [481-510/616] Translating 17 items...
2026-01-28 22:08:03,480 - INFO -   Saved (510/616)
2026-01-28 22:08:03,481 - INFO - [511-540/616] Translating 28 items...
2026-01-28 22:08:03,945 - INFO -   Saved (540/616)
2026-01-28 22:08:03,945 - INFO - [541-570/616] Translating 25 items...
2026-01-28 22:08:04,424 - INFO -   Saved (570/616)
2026-01-28 22:08:04,425 - INFO - [571-600/616] Translating 18 items...
2026-01-28 22:08:04,869 - INFO -   Saved (600/616)
2026-01-28 22:08:04,869 - INFO - [601-616/616] Translating 10 items...
2026-01-28 22:08:05,323 - INFO -   Saved (616/616)
2026-01-28 22:08:05,395 - INFO - ============================================================
2026-01-28 22:08:05,395 - INFO - A2 complete! Synonyms: 383, Examples: 0
2026-01-28 22:08:05,395 - INFO - ============================================================
2026-01-28 22:08:05,397 - INFO - ============================================================
2026-01-28 22:08:05,397 - INFO - Adding translations to B1
2026-01-28 22:08:05,397 - INFO - ============================================================
2026-01-28 22:08:05,458 - INFO - [1-30/2497] Translating 564 items...
2026-01-28 22:08:11,519 - INFO -   Saved (30/2497)
2026-01-28 22:08:11,519 - INFO - [31-60/2497] Translating 596 items...
2026-01-28 22:08:24,362 - INFO -   Saved (60/2497)
2026-01-28 22:08:24,362 - INFO - [61-90/2497] Translating 477 items...
2026-01-28 22:08:45,281 - INFO -   Saved (90/2497)
2026-01-28 22:08:45,281 - INFO - [91-120/2497] Translating 403 items...
2026-01-28 22:09:16,566 - WARNING - Chunk translation attempt 1 failed: ein heller, schwarzer, steifer, harter, weicher, hoher, großer, breitkrempiger, eingedrückter, neuer, moderner Hut ||| ein Hut mit schmaler Krempe, aufgeschlagenem Rand ||| den Hut aufsetzen, aufstülpen, (tief) ins Gesicht drücken, in die Stirn ziehen, aus der Stirn schieben, aufs Ohr setzen, auf dem Kopf behalten, in der Hand halten, im Genick haben, schwenken, vor Begeisterung in die Luft werfen, vom Kopfe ziehen ||| den Hut aufbehalten ||| mit dem Hut winken ||| nach dem Hut greifen ||| Kostenbeitrag ||| Unkostenbeitrag ||| Grundgebühr ||| Grundentgelt ||| Beitragszahlung ||| Mitgliedsbeitrag ||| Studienbeitrag ||| Studiengebühr ||| Versicherungsbeitrag ||| Versicherungsprämie ||| Prämie ||| Krankenkassenbeitrag ||| Kassenbeitrag ||| Liegegeld ||| Kickback ||| Rückvergütung ||| für die Benutzung der Toiletten wird eine Gebühr , werden Gebühren erhoben ||| Wer einen Computer mit schnellem Internetzugang besitzt und bislang noch keine Gebühren für Fernsehgerät und Radio bezahlt, muß dann die Grundgebühr von monatlich 5,52 Euro entrichten. ||| Die Räte beschäftigen sich unter anderem mit einer Satzung zur Erhebung von Gebühren für die Benutzung der städtischen Kindergärten […] . ||| Während im Westen die kommunalen Gebühren , etwa für die Straßenreinigung oder die Abfallbeseitigung höher sind oder ein Hausmeister mehr kostet, mussten Mieter im Osten für die Wasserversorgung einschließlich Abwasser etwa 15 Prozent mehr ausgeben. ||| In den vergangenen Jahrzehnten waren die Gebühren für Radio und Fernsehen nur gestiegen oder zumindest gleich hoch geblieben. ||| Die Einnahmen aus Gebühren für die Strandnutzung auch von Bürgern aus der näheren Umgebung sind fester Bestandteil aller Haushaltsaufstellungen. ||| Einbildungskraft ||| Imagination ||| Vorstellungsvermögen ||| Dichtung ||| Erdichtung ||| Realitätsflucht ||| Weltflucht ||| Wirklichkeitsflucht ||| Eskapismus ||| eine große, starke, reiche, fruchtbare, schöpferische, kindliche, jugendliche, dichterische Fantasie ||| eine üppige, überschäumende, überschwengliche, zügellose Fantasie ||| eine blühende Fantasie ||| eine ungesunde, begehrliche, erotische, lüsterne, schmutzige, verdorbene Fantasie ||| die Fantasie eines Denkers, Träumers ||| die lebhafte Fantasie eines Jugendlichen ||| eigenartig ||| eigentümlich ||| komisch ||| merkwürdig ||| mysteriös ||| obskur ||| seltsam (unerklärlich) ||| sonderbar ||| wunderlich ||| ominös ||| abartig ||| abnorm ||| abnormal ||| anomal ||| anormal ||| pervers ||| unnatürlich ||| unnormal ||| widernatürlich ||| anrüchig ||| er ist ein ungewöhnlicher Mensch ||| sie ist eine ungewöhnliche Frau, Erscheinung ||| ein Mädchen von ungewöhnlicher Schönheit ||| ungewöhnliche Kräfte haben ||| jmdn. mit ungewöhnlicher Freundlichkeit, Strenge behandeln ||| eine ungewöhnliche Begabung, Fähigkeit ||| Polster ||| Nackenrolle ||| Schlummerrolle ||| Kopfkissen ||| Ruhekissen ||| Sofakissen ||| Zierkissen ||| Paradekissen ||| das Kissen ist mit Federn, Rosshaar, Watte, Kapok gefüllt ||| ein rundes, viereckiges, weiches, warmes, gesticktes, großes, kleines Kissen ||| kühle, heiße Kissen ||| die Kissen im Bett, auf der Couch ||| ein Kissen aus Seide, Samt ||| ein Kissen auf den Stuhl legen ||| winzig ||| überschaubar ||| kleinwinzig ||| mickerig ||| mickrig ||| Abstufung ||| Ausmaß ||| Grad ||| Maß ||| Umfang ||| (ziemlich) bescheiden ||| durchschnittlich ||| durchwachsen ||| mittelmäßig ||| passabel ||| einigermaßen ||| medioker ||| mittelprächtig ||| mäßig ||| na ja ||| geringe Mengen, Abweichungen ||| geringe Kräfte ||| ich befinde mich in nicht geringer (= in sehr großer) Verlegenheit ||| ich habe alles bis auf die geringste Kleinigkeit bedacht ||| das geht zum geringsten Teil auf sein Konto ||| den Weg des geringsten Widerstandes gehen ||| Geschmacksrichtung ||| Wohlgeschmack ||| Würze ||| Gout ||| Gusto ||| (eine) Gaumenfreude (sein) ||| (gut) schmecken ||| (vortrefflich) munden ||| süffig ||| Anklang finden (bei) ||| auf fruchtbaren Boden fallen (Vorschlag, Idee) ||| gut ankommen (bei) ||| appetitlich ||| köstlich ||| lecker ||| schmackhaft ||| wohlschmeckend ||| Geschmacksexplosion ||| delektabel ||| deliziös ||| genussreich ||| gluschtig ||| appetitanregend ||| einladend ||| Zucker hat einen süßen Geschmack ||| das Essen hat einen guten, kräftigen, würzigen Geschmack ||| das Fleisch hat einen schlechten Geschmack ||| angenehm, köstlich im, von Geschmack sein ||| einen faden, schalen, hässlichen, üblen Geschmack im Munde haben --> No translation was found using the current translator. Try another translator?
2026-01-28 22:09:22,048 - INFO -   Saved (120/2497)
2026-01-28 22:09:22,049 - INFO - [121-150/2497] Translating 615 items...
2026-01-28 22:09:28,864 - INFO -   Saved (150/2497)
2026-01-28 22:09:28,864 - INFO - [151-180/2497] Translating 419 items...
2026-01-28 22:09:34,166 - INFO -   Saved (180/2497)
2026-01-28 22:09:34,167 - INFO - [181-210/2497] Translating 551 items...
2026-01-28 22:09:40,120 - INFO -   Saved (210/2497)
2026-01-28 22:09:40,120 - INFO - [211-240/2497] Translating 583 items...
2026-01-28 22:09:45,571 - INFO -   Saved (240/2497)
2026-01-28 22:09:45,571 - INFO - [241-270/2497] Translating 568 items...
2026-01-28 22:09:50,736 - INFO -   Saved (270/2497)
2026-01-28 22:09:50,737 - INFO - [271-300/2497] Translating 486 items...
2026-01-28 22:09:55,739 - INFO -   Saved (300/2497)
2026-01-28 22:09:55,739 - INFO - [301-330/2497] Translating 606 items...
2026-01-28 22:10:01,999 - INFO -   Saved (330/2497)
2026-01-28 22:10:01,999 - INFO - [331-360/2497] Translating 550 items...
2026-01-28 22:10:07,034 - INFO -   Saved (360/2497)
2026-01-28 22:10:07,034 - INFO - [361-390/2497] Translating 500 items...
2026-01-28 22:10:12,836 - INFO -   Saved (390/2497)
2026-01-28 22:10:12,836 - INFO - [391-420/2497] Translating 536 items...
2026-01-28 22:10:19,025 - INFO -   Saved (420/2497)
2026-01-28 22:10:19,025 - INFO - [421-450/2497] Translating 423 items...
2026-01-28 22:10:22,536 - INFO -   Saved (450/2497)
2026-01-28 22:10:22,536 - INFO - [451-480/2497] Translating 528 items...
2026-01-28 22:10:27,109 - INFO -   Saved (480/2497)
2026-01-28 22:10:27,109 - INFO - [481-510/2497] Translating 543 items...
2026-01-28 22:10:31,377 - INFO -   Saved (510/2497)
2026-01-28 22:10:31,378 - INFO - [511-540/2497] Translating 518 items...
2026-01-28 22:10:36,883 - INFO -   Saved (540/2497)
2026-01-28 22:10:36,884 - INFO - [541-570/2497] Translating 515 items...
2026-01-28 22:10:41,542 - INFO -   Saved (570/2497)
2026-01-28 22:10:41,542 - INFO - [571-600/2497] Translating 568 items...
2026-01-28 22:10:47,830 - INFO -   Saved (600/2497)
2026-01-28 22:10:47,831 - INFO - [601-630/2497] Translating 422 items...
2026-01-28 22:10:52,270 - INFO -   Saved (630/2497)
2026-01-28 22:10:52,270 - INFO - [631-660/2497] Translating 498 items...
2026-01-28 22:10:56,788 - INFO -   Saved (660/2497)
2026-01-28 22:10:56,788 - INFO - [661-690/2497] Translating 447 items...
2026-01-28 22:11:01,810 - INFO -   Saved (690/2497)
2026-01-28 22:11:01,810 - INFO - [691-720/2497] Translating 536 items...
2026-01-28 22:11:07,806 - INFO -   Saved (720/2497)
2026-01-28 22:11:07,807 - INFO - [721-750/2497] Translating 545 items...
2026-01-28 22:11:12,159 - INFO -   Saved (750/2497)
2026-01-28 22:11:12,160 - INFO - [751-780/2497] Translating 634 items...
2026-01-28 22:11:17,066 - INFO -   Saved (780/2497)
2026-01-28 22:11:17,066 - INFO - [781-810/2497] Translating 527 items...
2026-01-28 22:11:21,079 - INFO -   Saved (810/2497)
2026-01-28 22:11:21,079 - INFO - [811-840/2497] Translating 597 items...
2026-01-28 22:11:27,737 - INFO -   Saved (840/2497)
2026-01-28 22:11:27,738 - INFO - [841-870/2497] Translating 625 items...
2026-01-28 22:11:34,761 - INFO -   Saved (870/2497)
2026-01-28 22:11:34,761 - INFO - [871-900/2497] Translating 509 items...
2026-01-28 22:11:39,571 - INFO -   Saved (900/2497)
2026-01-28 22:11:39,571 - INFO - [901-930/2497] Translating 506 items...
2026-01-28 22:11:44,609 - INFO -   Saved (930/2497)
2026-01-28 22:11:44,609 - INFO - [931-960/2497] Translating 533 items...
2026-01-28 22:11:49,871 - INFO -   Saved (960/2497)
2026-01-28 22:11:49,872 - INFO - [961-990/2497] Translating 508 items...
2026-01-28 22:11:55,662 - INFO -   Saved (990/2497)
2026-01-28 22:11:55,662 - INFO - [991-1020/2497] Translating 427 items...
2026-01-28 22:12:01,408 - INFO -   Saved (1020/2497)
2026-01-28 22:12:01,408 - INFO - [1021-1050/2497] Translating 450 items...
2026-01-28 22:12:05,885 - INFO -   Saved (1050/2497)
2026-01-28 22:12:05,885 - INFO - [1051-1080/2497] Translating 431 items...
2026-01-28 22:12:11,899 - INFO -   Saved (1080/2497)
2026-01-28 22:12:11,899 - INFO - [1081-1110/2497] Translating 631 items...
2026-01-28 22:12:18,256 - INFO -   Saved (1110/2497)
2026-01-28 22:12:18,256 - INFO - [1111-1140/2497] Translating 476 items...
2026-01-28 22:12:23,257 - INFO -   Saved (1140/2497)
2026-01-28 22:12:23,257 - INFO - [1141-1170/2497] Translating 546 items...
2026-01-28 22:12:28,410 - INFO -   Saved (1170/2497)
2026-01-28 22:12:28,410 - INFO - [1171-1200/2497] Translating 543 items...
2026-01-28 22:12:32,601 - INFO -   Saved (1200/2497)
2026-01-28 22:12:32,602 - INFO - [1201-1230/2497] Translating 405 items...
2026-01-28 22:12:37,780 - INFO -   Saved (1230/2497)
2026-01-28 22:12:37,780 - INFO - [1231-1260/2497] Translating 428 items...
2026-01-28 22:12:42,895 - INFO -   Saved (1260/2497)
2026-01-28 22:12:42,895 - INFO - [1261-1290/2497] Translating 485 items...
2026-01-28 22:12:47,628 - INFO -   Saved (1290/2497)
2026-01-28 22:12:47,628 - INFO - [1291-1320/2497] Translating 476 items...
2026-01-28 22:12:52,703 - INFO -   Saved (1320/2497)
2026-01-28 22:12:52,704 - INFO - [1321-1350/2497] Translating 439 items...
2026-01-28 22:12:56,901 - INFO -   Saved (1350/2497)
2026-01-28 22:12:56,901 - INFO - [1351-1380/2497] Translating 629 items...
2026-01-28 22:13:01,450 - INFO -   Saved (1380/2497)
2026-01-28 22:13:01,451 - INFO - [1381-1410/2497] Translating 434 items...
2026-01-28 22:13:07,735 - INFO -   Saved (1410/2497)
2026-01-28 22:13:07,736 - INFO - [1411-1440/2497] Translating 557 items...
2026-01-28 22:13:13,963 - INFO -   Saved (1440/2497)
2026-01-28 22:13:13,963 - INFO - [1441-1470/2497] Translating 518 items...
2026-01-28 22:13:19,008 - INFO -   Saved (1470/2497)
2026-01-28 22:13:19,009 - INFO - [1471-1500/2497] Translating 529 items...
2026-01-28 22:13:24,119 - INFO -   Saved (1500/2497)
2026-01-28 22:13:24,120 - INFO - [1501-1530/2497] Translating 512 items...
2026-01-28 22:13:28,886 - INFO -   Saved (1530/2497)
2026-01-28 22:13:28,887 - INFO - [1531-1560/2497] Translating 524 items...
2026-01-28 22:13:33,404 - INFO -   Saved (1560/2497)
2026-01-28 22:13:33,404 - INFO - [1561-1590/2497] Translating 487 items...
2026-01-28 22:13:37,004 - INFO -   Saved (1590/2497)
2026-01-28 22:13:37,004 - INFO - [1591-1620/2497] Translating 591 items...
2026-01-28 22:13:41,045 - INFO -   Saved (1620/2497)
2026-01-28 22:13:41,046 - INFO - [1621-1650/2497] Translating 587 items...
2026-01-28 22:13:45,522 - INFO -   Saved (1650/2497)
2026-01-28 22:13:45,523 - INFO - [1651-1680/2497] Translating 479 items...
2026-01-28 22:13:51,557 - INFO -   Saved (1680/2497)
2026-01-28 22:13:51,558 - INFO - [1681-1710/2497] Translating 521 items...
2026-01-28 22:13:55,926 - INFO -   Saved (1710/2497)
2026-01-28 22:13:55,927 - INFO - [1711-1740/2497] Translating 456 items...
2026-01-28 22:14:00,244 - INFO -   Saved (1740/2497)
2026-01-28 22:14:00,244 - INFO - [1741-1770/2497] Translating 431 items...
2026-01-28 22:14:04,286 - INFO -   Saved (1770/2497)
2026-01-28 22:14:04,287 - INFO - [1771-1800/2497] Translating 461 items...
2026-01-28 22:14:08,088 - INFO -   Saved (1800/2497)
2026-01-28 22:14:08,088 - INFO - [1801-1830/2497] Translating 514 items...
2026-01-28 22:14:13,251 - INFO -   Saved (1830/2497)
2026-01-28 22:14:13,251 - INFO - [1831-1860/2497] Translating 419 items...
2026-01-28 22:14:17,199 - INFO -   Saved (1860/2497)
2026-01-28 22:14:17,199 - INFO - [1861-1890/2497] Translating 400 items...
2026-01-28 22:14:21,899 - INFO -   Saved (1890/2497)
2026-01-28 22:14:21,899 - INFO - [1891-1920/2497] Translating 521 items...
2026-01-28 22:14:26,756 - INFO -   Saved (1920/2497)
2026-01-28 22:14:26,757 - INFO - [1921-1950/2497] Translating 521 items...
2026-01-28 22:14:31,996 - INFO -   Saved (1950/2497)
2026-01-28 22:14:31,996 - INFO - [1951-1980/2497] Translating 474 items...
2026-01-28 22:14:37,754 - INFO -   Saved (1980/2497)
2026-01-28 22:14:37,755 - INFO - [1981-2010/2497] Translating 577 items...
2026-01-28 22:14:43,229 - INFO -   Saved (2010/2497)
2026-01-28 22:14:43,230 - INFO - [2011-2040/2497] Translating 386 items...
2026-01-28 22:14:47,427 - INFO -   Saved (2040/2497)
2026-01-28 22:14:47,427 - INFO - [2041-2070/2497] Translating 494 items...
2026-01-28 22:14:53,377 - INFO -   Saved (2070/2497)
2026-01-28 22:14:53,377 - INFO - [2071-2100/2497] Translating 463 items...
2026-01-28 22:14:57,251 - INFO -   Saved (2100/2497)
2026-01-28 22:14:57,251 - INFO - [2101-2130/2497] Translating 576 items...
2026-01-28 22:15:03,139 - INFO -   Saved (2130/2497)
2026-01-28 22:15:03,139 - INFO - [2131-2160/2497] Translating 674 items...
2026-01-28 22:15:09,073 - INFO -   Saved (2160/2497)
2026-01-28 22:15:09,074 - INFO - [2161-2190/2497] Translating 469 items...
2026-01-28 22:15:13,563 - INFO -   Saved (2190/2497)
2026-01-28 22:15:13,563 - INFO - [2191-2220/2497] Translating 538 items...
2026-01-28 22:15:17,434 - INFO -   Saved (2220/2497)
2026-01-28 22:15:17,434 - INFO - [2221-2250/2497] Translating 452 items...
2026-01-28 22:15:21,856 - INFO -   Saved (2250/2497)
2026-01-28 22:15:21,857 - INFO - [2251-2280/2497] Translating 485 items...
2026-01-28 22:15:25,519 - INFO -   Saved (2280/2497)
2026-01-28 22:15:25,519 - INFO - [2281-2310/2497] Translating 477 items...
2026-01-28 22:15:30,235 - INFO -   Saved (2310/2497)
2026-01-28 22:15:30,235 - INFO - [2311-2340/2497] Translating 496 items...
2026-01-28 22:15:35,919 - INFO -   Saved (2340/2497)
2026-01-28 22:15:35,920 - INFO - [2341-2370/2497] Translating 478 items...
2026-01-28 22:15:40,210 - INFO -   Saved (2370/2497)
2026-01-28 22:15:40,210 - INFO - [2371-2400/2497] Translating 513 items...
2026-01-28 22:15:44,245 - INFO -   Saved (2400/2497)
2026-01-28 22:15:44,245 - INFO - [2401-2430/2497] Translating 676 items...
2026-01-28 22:15:50,455 - INFO -   Saved (2430/2497)
2026-01-28 22:15:50,455 - INFO - [2431-2460/2497] Translating 524 items...
2026-01-28 22:15:55,348 - INFO -   Saved (2460/2497)
2026-01-28 22:15:55,348 - INFO - [2461-2490/2497] Translating 484 items...
2026-01-28 22:16:00,552 - INFO -   Saved (2490/2497)
2026-01-28 22:16:00,791 - INFO - ============================================================
2026-01-28 22:16:00,791 - INFO - B1 complete! Synonyms: 30818, Examples: 11682
2026-01-28 22:16:00,791 - INFO - ============================================================
2026-01-28 22:16:00,796 - INFO - ============================================================
2026-01-28 22:16:00,796 - INFO - Adding translations to B2
2026-01-28 22:16:00,796 - INFO - ============================================================
2026-01-28 22:16:00,814 - INFO - [1-30/665] Translating 22 items...
2026-01-28 22:16:01,254 - INFO -   Saved (30/665)
2026-01-28 22:16:01,254 - INFO - [31-60/665] Translating 10 items...
2026-01-28 22:16:01,751 - INFO -   Saved (60/665)
2026-01-28 22:16:01,751 - INFO - [61-90/665] Translating 16 items...
2026-01-28 22:16:02,197 - INFO -   Saved (90/665)
2026-01-28 22:16:02,197 - INFO - [91-120/665] Translating 20 items...
2026-01-28 22:16:02,653 - INFO -   Saved (120/665)
2026-01-28 22:16:02,653 - INFO - [121-150/665] Translating 22 items...
2026-01-28 22:16:03,130 - INFO -   Saved (150/665)
2026-01-28 22:16:03,131 - INFO - [151-180/665] Translating 18 items...
2026-01-28 22:16:03,607 - INFO -   Saved (180/665)
2026-01-28 22:16:03,607 - INFO - [181-210/665] Translating 20 items...
2026-01-28 22:16:04,053 - INFO -   Saved (210/665)
2026-01-28 22:16:04,053 - INFO - [211-240/665] Translating 16 items...
2026-01-28 22:16:04,531 - INFO -   Saved (240/665)
2026-01-28 22:16:04,531 - INFO - [241-270/665] Translating 31 items...
2026-01-28 22:16:05,405 - INFO -   Saved (270/665)
2026-01-28 22:16:05,405 - INFO - [271-300/665] Translating 26 items...
2026-01-28 22:16:05,936 - INFO -   Saved (300/665)
2026-01-28 22:16:05,937 - INFO - [301-330/665] Translating 24 items...
2026-01-28 22:16:06,382 - INFO -   Saved (330/665)
2026-01-28 22:16:06,383 - INFO - [331-360/665] Translating 20 items...
2026-01-28 22:16:06,871 - INFO -   Saved (360/665)
2026-01-28 22:16:06,871 - INFO - [361-390/665] Translating 27 items...
2026-01-28 22:16:07,695 - INFO -   Saved (390/665)
2026-01-28 22:16:07,696 - INFO - [391-420/665] Translating 20 items...
2026-01-28 22:16:08,209 - INFO -   Saved (420/665)
2026-01-28 22:16:08,209 - INFO - [421-450/665] Translating 15 items...
2026-01-28 22:16:08,671 - INFO -   Saved (450/665)
2026-01-28 22:16:08,671 - INFO - [451-480/665] Translating 22 items...
2026-01-28 22:16:09,322 - INFO -   Saved (480/665)
2026-01-28 22:16:09,323 - INFO - [481-510/665] Translating 17 items...
2026-01-28 22:16:09,764 - INFO -   Saved (510/665)
2026-01-28 22:16:09,764 - INFO - [511-540/665] Translating 21 items...
2026-01-28 22:16:10,244 - INFO -   Saved (540/665)
2026-01-28 22:16:10,244 - INFO - [541-570/665] Translating 24 items...
2026-01-28 22:16:10,687 - INFO -   Saved (570/665)
2026-01-28 22:16:10,687 - INFO - [571-600/665] Translating 26 items...
2026-01-28 22:16:11,144 - INFO -   Saved (600/665)
2026-01-28 22:16:11,144 - INFO - [601-630/665] Translating 20 items...
2026-01-28 22:16:11,617 - INFO -   Saved (630/665)
2026-01-28 22:16:11,618 - INFO - [631-660/665] Translating 18 items...
2026-01-28 22:16:12,129 - INFO -   Saved (660/665)
2026-01-28 22:16:12,195 - INFO - ============================================================
2026-01-28 22:16:12,195 - INFO - B2 complete! Synonyms: 455, Examples: 0
2026-01-28 22:16:12,195 - INFO - ============================================================
2026-01-28 22:16:12,196 - INFO - ============================================================
2026-01-28 22:16:12,196 - INFO - Adding translations to C1
2026-01-28 22:16:12,196 - INFO - ============================================================
2026-01-28 22:16:12,237 - INFO - [1-30/2621] Translating 375 items...
2026-01-28 22:16:18,365 - INFO -   Saved (30/2621)
2026-01-28 22:16:18,365 - INFO - [31-60/2621] Translating 301 items...
2026-01-28 22:16:24,241 - INFO -   Saved (60/2621)
2026-01-28 22:16:24,242 - INFO - [61-90/2621] Translating 444 items...
2026-01-28 22:16:29,492 - INFO -   Saved (90/2621)
2026-01-28 22:16:29,492 - INFO - [91-120/2621] Translating 413 items...
2026-01-28 22:16:35,973 - INFO -   Saved (120/2621)
2026-01-28 22:16:35,973 - INFO - [121-150/2621] Translating 327 items...
2026-01-28 22:16:40,722 - INFO -   Saved (150/2621)
2026-01-28 22:16:40,722 - INFO - [151-180/2621] Translating 411 items...
2026-01-28 22:16:48,110 - INFO -   Saved (180/2621)
2026-01-28 22:16:48,110 - INFO - [181-210/2621] Translating 421 items...
2026-01-28 22:16:54,895 - INFO -   Saved (210/2621)
2026-01-28 22:16:54,895 - INFO - [211-240/2621] Translating 459 items...
2026-01-28 22:17:00,679 - INFO -   Saved (240/2621)
2026-01-28 22:17:00,679 - INFO - [241-270/2621] Translating 317 items...
2026-01-28 22:17:06,919 - INFO -   Saved (270/2621)
2026-01-28 22:17:06,919 - INFO - [271-300/2621] Translating 470 items...
2026-01-28 22:17:14,131 - INFO -   Saved (300/2621)
2026-01-28 22:17:14,132 - INFO - [301-330/2621] Translating 406 items...
2026-01-28 22:17:22,926 - INFO -   Saved (330/2621)
2026-01-28 22:17:22,926 - INFO - [331-360/2621] Translating 376 items...
2026-01-28 22:17:29,401 - INFO -   Saved (360/2621)
2026-01-28 22:17:29,401 - INFO - [361-390/2621] Translating 394 items...
2026-01-28 22:17:35,185 - INFO -   Saved (390/2621)
2026-01-28 22:17:35,186 - INFO - [391-420/2621] Translating 322 items...
2026-01-28 22:17:41,701 - INFO -   Saved (420/2621)
2026-01-28 22:17:41,701 - INFO - [421-450/2621] Translating 310 items...
2026-01-28 22:17:47,944 - INFO -   Saved (450/2621)
2026-01-28 22:17:47,945 - INFO - [451-480/2621] Translating 314 items...
2026-01-28 22:17:53,001 - INFO -   Saved (480/2621)
2026-01-28 22:17:53,001 - INFO - [481-510/2621] Translating 452 items...
2026-01-28 22:17:59,027 - INFO -   Saved (510/2621)
2026-01-28 22:17:59,028 - INFO - [511-540/2621] Translating 391 items...
2026-01-28 22:18:05,692 - INFO -   Saved (540/2621)
2026-01-28 22:18:05,692 - INFO - [541-570/2621] Translating 335 items...
2026-01-28 22:18:10,559 - INFO -   Saved (570/2621)
2026-01-28 22:18:10,559 - INFO - [571-600/2621] Translating 403 items...
2026-01-28 22:18:17,644 - INFO -   Saved (600/2621)
2026-01-28 22:18:17,644 - INFO - [601-630/2621] Translating 430 items...
2026-01-28 22:18:24,348 - INFO -   Saved (630/2621)
2026-01-28 22:18:24,348 - INFO - [631-660/2621] Translating 365 items...
2026-01-28 22:18:31,637 - INFO -   Saved (660/2621)
2026-01-28 22:18:31,637 - INFO - [661-690/2621] Translating 349 items...
2026-01-28 22:18:38,962 - INFO -   Saved (690/2621)
2026-01-28 22:18:38,963 - INFO - [691-720/2621] Translating 374 items...
2026-01-28 22:18:45,708 - INFO -   Saved (720/2621)
2026-01-28 22:18:45,708 - INFO - [721-750/2621] Translating 299 items...
2026-01-28 22:18:51,835 - INFO -   Saved (750/2621)
2026-01-28 22:18:51,835 - INFO - [751-780/2621] Translating 330 items...
2026-01-28 22:18:57,383 - INFO -   Saved (780/2621)
2026-01-28 22:18:57,383 - INFO - [781-810/2621] Translating 318 items...
2026-01-28 22:19:03,986 - INFO -   Saved (810/2621)
2026-01-28 22:19:03,986 - INFO - [811-840/2621] Translating 365 items...
2026-01-28 22:19:09,783 - INFO -   Saved (840/2621)
2026-01-28 22:19:09,783 - INFO - [841-870/2621] Translating 371 items...
2026-01-28 22:19:15,045 - INFO -   Saved (870/2621)
2026-01-28 22:19:15,045 - INFO - [871-900/2621] Translating 255 items...
2026-01-28 22:19:18,613 - INFO -   Saved (900/2621)
2026-01-28 22:19:18,613 - INFO - [901-930/2621] Translating 337 items...
2026-01-28 22:19:24,599 - INFO -   Saved (930/2621)
2026-01-28 22:19:24,599 - INFO - [931-960/2621] Translating 415 items...
2026-01-28 22:19:32,437 - INFO -   Saved (960/2621)
2026-01-28 22:19:32,438 - INFO - [961-990/2621] Translating 369 items...
2026-01-28 22:19:38,913 - INFO -   Saved (990/2621)
2026-01-28 22:19:38,914 - INFO - [991-1020/2621] Translating 384 items...
2026-01-28 22:19:46,606 - INFO -   Saved (1020/2621)
2026-01-28 22:19:46,606 - INFO - [1021-1050/2621] Translating 426 items...
2026-01-28 22:19:52,065 - INFO -   Saved (1050/2621)
2026-01-28 22:19:52,065 - INFO - [1051-1080/2621] Translating 439 items...
2026-01-28 22:19:58,783 - INFO -   Saved (1080/2621)
2026-01-28 22:19:58,783 - INFO - [1081-1110/2621] Translating 415 items...
2026-01-28 22:20:05,453 - INFO -   Saved (1110/2621)
2026-01-28 22:20:05,454 - INFO - [1111-1140/2621] Translating 338 items...
2026-01-28 22:20:12,594 - INFO -   Saved (1140/2621)
2026-01-28 22:20:12,594 - INFO - [1141-1170/2621] Translating 409 items...
2026-01-28 22:20:18,782 - INFO -   Saved (1170/2621)
2026-01-28 22:20:18,783 - INFO - [1171-1200/2621] Translating 391 items...
2026-01-28 22:20:26,297 - INFO -   Saved (1200/2621)
2026-01-28 22:20:26,297 - INFO - [1201-1230/2621] Translating 410 items...
2026-01-28 22:20:32,701 - INFO -   Saved (1230/2621)
2026-01-28 22:20:32,701 - INFO - [1231-1260/2621] Translating 376 items...
2026-01-28 22:20:38,709 - INFO -   Saved (1260/2621)
2026-01-28 22:20:38,709 - INFO - [1261-1290/2621] Translating 387 items...
2026-01-28 22:20:44,122 - INFO -   Saved (1290/2621)
2026-01-28 22:20:44,122 - INFO - [1291-1320/2621] Translating 370 items...
2026-01-28 22:20:50,551 - INFO -   Saved (1320/2621)
2026-01-28 22:20:50,551 - INFO - [1321-1350/2621] Translating 351 items...
2026-01-28 22:20:56,487 - INFO -   Saved (1350/2621)
2026-01-28 22:20:56,487 - INFO - [1351-1380/2621] Translating 325 items...
2026-01-28 22:21:02,300 - INFO -   Saved (1380/2621)
2026-01-28 22:21:02,300 - INFO - [1381-1410/2621] Translating 290 items...
2026-01-28 22:21:07,857 - INFO -   Saved (1410/2621)
2026-01-28 22:21:07,858 - INFO - [1411-1440/2621] Translating 300 items...
2026-01-28 22:21:12,318 - INFO -   Saved (1440/2621)
2026-01-28 22:21:12,318 - INFO - [1441-1470/2621] Translating 308 items...
2026-01-28 22:21:17,767 - INFO -   Saved (1470/2621)
2026-01-28 22:21:17,768 - INFO - [1471-1500/2621] Translating 384 items...
2026-01-28 22:21:24,997 - INFO -   Saved (1500/2621)
2026-01-28 22:21:24,997 - INFO - [1501-1530/2621] Translating 406 items...
2026-01-28 22:21:37,741 - INFO -   Saved (1530/2621)
2026-01-28 22:21:37,742 - INFO - [1531-1560/2621] Translating 356 items...
2026-01-28 22:21:44,084 - INFO -   Saved (1560/2621)
2026-01-28 22:21:44,084 - INFO - [1561-1590/2621] Translating 414 items...
2026-01-28 22:21:48,975 - INFO -   Saved (1590/2621)
2026-01-28 22:21:48,975 - INFO - [1591-1620/2621] Translating 263 items...
2026-01-28 22:21:54,211 - INFO -   Saved (1620/2621)
2026-01-28 22:21:54,211 - INFO - [1621-1650/2621] Translating 320 items...
2026-01-28 22:21:58,526 - INFO -   Saved (1650/2621)
2026-01-28 22:21:58,526 - INFO - [1651-1680/2621] Translating 341 items...
2026-01-28 22:22:04,729 - INFO -   Saved (1680/2621)
2026-01-28 22:22:04,730 - INFO - [1681-1710/2621] Translating 340 items...
2026-01-28 22:22:11,499 - INFO -   Saved (1710/2621)
2026-01-28 22:22:11,499 - INFO - [1711-1740/2621] Translating 369 items...
2026-01-28 22:22:16,661 - INFO -   Saved (1740/2621)
2026-01-28 22:22:16,661 - INFO - [1741-1770/2621] Translating 303 items...
2026-01-28 22:22:22,852 - INFO -   Saved (1770/2621)
2026-01-28 22:22:22,852 - INFO - [1771-1800/2621] Translating 419 items...
2026-01-28 22:22:29,974 - INFO -   Saved (1800/2621)
2026-01-28 22:22:29,974 - INFO - [1801-1830/2621] Translating 357 items...
2026-01-28 22:22:35,779 - INFO -   Saved (1830/2621)
2026-01-28 22:22:35,779 - INFO - [1831-1860/2621] Translating 455 items...
2026-01-28 22:22:42,471 - INFO -   Saved (1860/2621)
2026-01-28 22:22:42,472 - INFO - [1861-1890/2621] Translating 307 items...
2026-01-28 22:22:47,056 - INFO -   Saved (1890/2621)
2026-01-28 22:22:47,057 - INFO - [1891-1920/2621] Translating 385 items...
2026-01-28 22:22:53,400 - INFO -   Saved (1920/2621)
2026-01-28 22:22:53,400 - INFO - [1921-1950/2621] Translating 299 items...
2026-01-28 22:22:58,636 - INFO -   Saved (1950/2621)
2026-01-28 22:22:58,636 - INFO - [1951-1980/2621] Translating 352 items...
2026-01-28 22:23:03,637 - INFO -   Saved (1980/2621)
2026-01-28 22:23:03,637 - INFO - [1981-2010/2621] Translating 294 items...
2026-01-28 22:23:08,089 - INFO -   Saved (2010/2621)
2026-01-28 22:23:08,090 - INFO - [2011-2040/2621] Translating 416 items...
2026-01-28 22:23:12,605 - INFO -   Saved (2040/2621)
2026-01-28 22:23:12,605 - INFO - [2041-2070/2621] Translating 423 items...
2026-01-28 22:23:18,364 - INFO -   Saved (2070/2621)
2026-01-28 22:23:18,364 - INFO - [2071-2100/2621] Translating 359 items...
2026-01-28 22:23:25,984 - INFO -   Saved (2100/2621)
2026-01-28 22:23:25,985 - INFO - [2101-2130/2621] Translating 414 items...
2026-01-28 22:23:31,777 - INFO -   Saved (2130/2621)
2026-01-28 22:23:31,777 - INFO - [2131-2160/2621] Translating 307 items...
2026-01-28 22:23:36,819 - INFO -   Saved (2160/2621)
2026-01-28 22:23:36,819 - INFO - [2161-2190/2621] Translating 342 items...
2026-01-28 22:23:42,980 - INFO -   Saved (2190/2621)
2026-01-28 22:23:42,980 - INFO - [2191-2220/2621] Translating 236 items...
2026-01-28 22:23:49,397 - INFO -   Saved (2220/2621)
2026-01-28 22:23:49,397 - INFO - [2221-2250/2621] Translating 430 items...
2026-01-28 22:23:55,759 - INFO -   Saved (2250/2621)
2026-01-28 22:23:55,759 - INFO - [2251-2280/2621] Translating 373 items...
2026-01-28 22:24:02,418 - INFO -   Saved (2280/2621)
2026-01-28 22:24:02,418 - INFO - [2281-2310/2621] Translating 446 items...
2026-01-28 22:24:07,976 - INFO -   Saved (2310/2621)
2026-01-28 22:24:07,976 - INFO - [2311-2340/2621] Translating 317 items...
2026-01-28 22:24:14,709 - INFO -   Saved (2340/2621)
2026-01-28 22:24:14,709 - INFO - [2341-2370/2621] Translating 357 items...
2026-01-28 22:24:22,813 - INFO -   Saved (2370/2621)
2026-01-28 22:24:22,813 - INFO - [2371-2400/2621] Translating 354 items...
2026-01-28 22:24:27,964 - INFO -   Saved (2400/2621)
2026-01-28 22:24:27,964 - INFO - [2401-2430/2621] Translating 297 items...
2026-01-28 22:24:35,714 - INFO -   Saved (2430/2621)
2026-01-28 22:24:35,714 - INFO - [2431-2460/2621] Translating 497 items...
2026-01-28 22:24:41,561 - INFO -   Saved (2460/2621)
2026-01-28 22:24:41,561 - INFO - [2461-2490/2621] Translating 417 items...
2026-01-28 22:24:47,200 - INFO -   Saved (2490/2621)
2026-01-28 22:24:47,200 - INFO - [2491-2520/2621] Translating 351 items...
2026-01-28 22:24:52,826 - INFO -   Saved (2520/2621)
2026-01-28 22:24:52,827 - INFO - [2521-2550/2621] Translating 413 items...
2026-01-28 22:25:00,110 - INFO -   Saved (2550/2621)
2026-01-28 22:25:00,110 - INFO - [2551-2580/2621] Translating 357 items...
2026-01-28 22:25:05,338 - INFO -   Saved (2580/2621)
2026-01-28 22:25:05,338 - INFO - [2581-2610/2621] Translating 421 items...
2026-01-28 22:25:11,020 - INFO -   Saved (2610/2621)
2026-01-28 22:25:11,020 - INFO - [2611-2621/2621] Translating 122 items...
2026-01-28 22:25:13,432 - INFO -   Saved (2621/2621)
2026-01-28 22:25:13,605 - INFO - ============================================================
2026-01-28 22:25:13,605 - INFO - C1 complete! Synonyms: 18810, Examples: 13340
2026-01-28 22:25:13,605 - INFO - ============================================================
2026-01-28 22:25:13,610 - INFO - ============================================================
2026-01-28 22:25:13,610 - INFO - Adding translations to C2
2026-01-28 22:25:13,610 - INFO - ============================================================
2026-01-28 22:25:13,648 - INFO - [1-30/2958] Translating 18 items...
2026-01-28 22:25:15,118 - INFO -   Saved (30/2958)
2026-01-28 22:25:15,118 - INFO - [31-60/2958] Translating 29 items...
2026-01-28 22:25:17,075 - INFO -   Saved (60/2958)
2026-01-28 22:25:17,075 - INFO - [61-90/2958] Translating 4 items...
2026-01-28 22:25:17,689 - INFO -   Saved (90/2958)
2026-01-28 22:25:17,689 - INFO - [91-120/2958] Translating 37 items...
2026-01-28 22:25:18,714 - INFO -   Saved (120/2958)
2026-01-28 22:25:18,714 - INFO - [121-150/2958] Translating 19 items...
2026-01-28 22:25:19,809 - INFO -   Saved (150/2958)
2026-01-28 22:25:19,809 - INFO - [151-180/2958] Translating 3 items...
2026-01-28 22:25:20,343 - INFO -   Saved (180/2958)
2026-01-28 22:25:20,344 - INFO - [181-210/2958] Translating 34 items...
2026-01-28 22:25:23,030 - INFO -   Saved (210/2958)
2026-01-28 22:25:23,030 - INFO - [211-240/2958] Translating 18 items...
2026-01-28 22:25:24,417 - INFO -   Saved (240/2958)
2026-01-28 22:25:24,417 - INFO - [241-270/2958] Translating 70 items...
2026-01-28 22:25:25,592 - INFO -   Saved (270/2958)
2026-01-28 22:25:25,592 - INFO - [271-300/2958] Translating 47 items...
2026-01-28 22:25:26,897 - INFO -   Saved (300/2958)
2026-01-28 22:25:26,898 - INFO - [301-330/2958] Translating 6 items...
2026-01-28 22:25:27,426 - INFO -   Saved (330/2958)
2026-01-28 22:25:27,426 - INFO - [331-360/2958] Translating 41 items...
2026-01-28 22:25:29,830 - INFO -   Saved (360/2958)
2026-01-28 22:25:29,830 - INFO - [361-390/2958] Translating 6 items...
2026-01-28 22:25:30,685 - INFO -   Saved (390/2958)
2026-01-28 22:25:30,685 - INFO - [391-420/2958] Translating 4 items...
2026-01-28 22:25:31,227 - INFO -   Saved (420/2958)
2026-01-28 22:25:31,227 - INFO - [421-450/2958] Translating 56 items...
2026-01-28 22:25:32,144 - INFO -   Saved (450/2958)
2026-01-28 22:25:32,144 - INFO - [451-480/2958] Translating 24 items...
2026-01-28 22:25:33,126 - INFO -   Saved (480/2958)
2026-01-28 22:25:33,126 - INFO - [481-510/2958] Translating 1 items...
2026-01-28 22:25:33,677 - INFO -   Saved (510/2958)
2026-01-28 22:25:33,677 - INFO - [511-540/2958] Translating 55 items...
2026-01-28 22:25:34,649 - INFO -   Saved (540/2958)
2026-01-28 22:25:34,649 - INFO - [541-570/2958] Translating 12 items...
2026-01-28 22:25:35,563 - INFO -   Saved (570/2958)
2026-01-28 22:25:35,563 - INFO - [571-600/2958] Translating 30 items...
2026-01-28 22:25:36,617 - INFO -   Saved (600/2958)
2026-01-28 22:25:36,618 - INFO - [601-630/2958] Translating 15 items...
2026-01-28 22:25:37,472 - INFO -   Saved (630/2958)
2026-01-28 22:25:37,472 - INFO - [631-660/2958] Translating 31 items...
2026-01-28 22:25:38,407 - INFO -   Saved (660/2958)
2026-01-28 22:25:38,407 - INFO - [661-690/2958] Translating 25 items...
2026-01-28 22:25:39,440 - INFO -   Saved (690/2958)
2026-01-28 22:25:39,440 - INFO - [691-720/2958] Translating 10 items...
2026-01-28 22:25:40,373 - INFO -   Saved (720/2958)
2026-01-28 22:25:40,373 - INFO - [721-750/2958] Translating 21 items...
2026-01-28 22:25:41,387 - INFO -   Saved (750/2958)
2026-01-28 22:25:41,387 - INFO - [781-810/2958] Translating 36 items...
2026-01-28 22:25:42,382 - INFO -   Saved (810/2958)
2026-01-28 22:25:42,382 - INFO - [811-840/2958] Translating 43 items...
2026-01-28 22:25:43,560 - INFO -   Saved (840/2958)
2026-01-28 22:25:43,560 - INFO - [841-870/2958] Translating 5 items...
2026-01-28 22:25:44,084 - INFO -   Saved (870/2958)
2026-01-28 22:25:44,084 - INFO - [871-900/2958] Translating 76 items...
2026-01-28 22:25:50,582 - INFO -   Saved (900/2958)
2026-01-28 22:25:50,583 - INFO - [901-930/2958] Translating 46 items...
2026-01-28 22:25:51,541 - INFO -   Saved (930/2958)
2026-01-28 22:25:51,541 - INFO - [931-960/2958] Translating 39 items...
2026-01-28 22:25:52,551 - INFO -   Saved (960/2958)
2026-01-28 22:25:52,551 - INFO - [961-990/2958] Translating 13 items...
2026-01-28 22:25:53,862 - INFO -   Saved (990/2958)
2026-01-28 22:25:53,863 - INFO - [991-1020/2958] Translating 8 items...
2026-01-28 22:25:54,987 - INFO -   Saved (1020/2958)
2026-01-28 22:25:54,987 - INFO - [1021-1050/2958] Translating 26 items...
2026-01-28 22:25:56,133 - INFO -   Saved (1050/2958)
2026-01-28 22:25:56,134 - INFO - [1051-1080/2958] Translating 71 items...
2026-01-28 22:25:59,642 - INFO -   Saved (1080/2958)
2026-01-28 22:25:59,642 - INFO - [1081-1110/2958] Translating 7 items...
2026-01-28 22:26:00,355 - INFO -   Saved (1110/2958)
2026-01-28 22:26:00,355 - INFO - [1111-1140/2958] Translating 67 items...
2026-01-28 22:26:01,794 - INFO -   Saved (1140/2958)
2026-01-28 22:26:01,794 - INFO - [1141-1170/2958] Translating 16 items...
2026-01-28 22:26:02,754 - INFO -   Saved (1170/2958)
2026-01-28 22:26:02,754 - INFO - [1171-1200/2958] Translating 21 items...
2026-01-28 22:26:04,173 - INFO -   Saved (1200/2958)
2026-01-28 22:26:04,174 - INFO - [1201-1230/2958] Translating 7 items...
2026-01-28 22:26:04,706 - INFO -   Saved (1230/2958)
2026-01-28 22:26:04,706 - INFO - [1231-1260/2958] Translating 39 items...
2026-01-28 22:26:06,949 - INFO -   Saved (1260/2958)
2026-01-28 22:26:06,949 - INFO - [1261-1290/2958] Translating 9 items...
2026-01-28 22:26:08,016 - INFO -   Saved (1290/2958)
2026-01-28 22:26:08,017 - INFO - [1291-1320/2958] Translating 24 items...
2026-01-28 22:26:09,460 - INFO -   Saved (1320/2958)
2026-01-28 22:26:09,461 - INFO - [1321-1350/2958] Translating 49 items...
2026-01-28 22:26:10,939 - INFO -   Saved (1350/2958)
2026-01-28 22:26:10,939 - INFO - [1351-1380/2958] Translating 23 items...
2026-01-28 22:26:12,023 - INFO -   Saved (1380/2958)
2026-01-28 22:26:12,023 - INFO - [1381-1410/2958] Translating 32 items...
2026-01-28 22:26:13,150 - INFO -   Saved (1410/2958)
2026-01-28 22:26:13,150 - INFO - [1411-1440/2958] Translating 6 items...
2026-01-28 22:26:14,030 - INFO -   Saved (1440/2958)
2026-01-28 22:26:14,030 - INFO - [1441-1470/2958] Translating 21 items...
2026-01-28 22:26:14,902 - INFO -   Saved (1470/2958)
2026-01-28 22:26:14,903 - INFO - [1471-1500/2958] Translating 29 items...
2026-01-28 22:26:15,932 - INFO -   Saved (1500/2958)
2026-01-28 22:26:15,932 - INFO - [1501-1530/2958] Translating 3 items...
2026-01-28 22:26:16,469 - INFO -   Saved (1530/2958)
2026-01-28 22:26:16,469 - INFO - [1531-1560/2958] Translating 4 items...
2026-01-28 22:26:16,996 - INFO -   Saved (1560/2958)
2026-01-28 22:26:16,996 - INFO - [1561-1590/2958] Translating 16 items...
2026-01-28 22:26:18,872 - INFO -   Saved (1590/2958)
2026-01-28 22:26:18,872 - INFO - [1591-1620/2958] Translating 12 items...
2026-01-28 22:26:19,993 - INFO -   Saved (1620/2958)
2026-01-28 22:26:19,994 - INFO - [1621-1650/2958] Translating 8 items...
2026-01-28 22:26:21,434 - INFO -   Saved (1650/2958)
2026-01-28 22:26:21,435 - INFO - [1651-1680/2958] Translating 56 items...
2026-01-28 22:26:22,454 - INFO -   Saved (1680/2958)
2026-01-28 22:26:22,454 - INFO - [1681-1710/2958] Translating 9 items...
2026-01-28 22:26:22,955 - INFO -   Saved (1710/2958)
2026-01-28 22:26:22,955 - INFO - [1711-1740/2958] Translating 40 items...
2026-01-28 22:26:24,724 - INFO -   Saved (1740/2958)
2026-01-28 22:26:24,724 - INFO - [1741-1770/2958] Translating 32 items...
2026-01-28 22:26:26,388 - INFO -   Saved (1770/2958)
2026-01-28 22:26:26,388 - INFO - [1771-1800/2958] Translating 23 items...
2026-01-28 22:26:28,057 - INFO -   Saved (1800/2958)
2026-01-28 22:26:28,057 - INFO - [1801-1830/2958] Translating 9 items...
2026-01-28 22:26:28,903 - INFO -   Saved (1830/2958)
2026-01-28 22:26:28,904 - INFO - [1831-1860/2958] Translating 57 items...
2026-01-28 22:26:30,576 - INFO -   Saved (1860/2958)
2026-01-28 22:26:30,576 - INFO - [1861-1890/2958] Translating 31 items...
2026-01-28 22:26:31,691 - INFO -   Saved (1890/2958)
2026-01-28 22:26:31,691 - INFO - [1891-1920/2958] Translating 6 items...
2026-01-28 22:26:33,141 - INFO -   Saved (1920/2958)
2026-01-28 22:26:33,141 - INFO - [1921-1950/2958] Translating 68 items...
2026-01-28 22:26:34,325 - INFO -   Saved (1950/2958)
2026-01-28 22:26:34,325 - INFO - [1951-1980/2958] Translating 11 items...
2026-01-28 22:26:35,215 - INFO -   Saved (1980/2958)
2026-01-28 22:26:35,215 - INFO - [1981-2010/2958] Translating 45 items...
2026-01-28 22:26:36,209 - INFO -   Saved (2010/2958)
2026-01-28 22:26:36,209 - INFO - [2011-2040/2958] Translating 55 items...
2026-01-28 22:26:38,145 - INFO -   Saved (2040/2958)
2026-01-28 22:26:38,146 - INFO - [2041-2070/2958] Translating 31 items...
2026-01-28 22:26:38,894 - INFO -   Saved (2070/2958)
2026-01-28 22:26:38,895 - INFO - [2071-2100/2958] Translating 12 items...
2026-01-28 22:26:39,984 - INFO -   Saved (2100/2958)
2026-01-28 22:26:39,984 - INFO - [2101-2130/2958] Translating 21 items...
2026-01-28 22:26:40,945 - INFO -   Saved (2130/2958)
2026-01-28 22:26:40,945 - INFO - [2131-2160/2958] Translating 48 items...
2026-01-28 22:26:42,659 - INFO -   Saved (2160/2958)
2026-01-28 22:26:42,659 - INFO - [2161-2190/2958] Translating 7 items...
2026-01-28 22:26:43,726 - INFO -   Saved (2190/2958)
2026-01-28 22:26:43,727 - INFO - [2191-2220/2958] Translating 55 items...
2026-01-28 22:26:45,641 - INFO -   Saved (2220/2958)
2026-01-28 22:26:45,641 - INFO - [2221-2250/2958] Translating 45 items...
2026-01-28 22:26:46,651 - INFO -   Saved (2250/2958)
2026-01-28 22:26:46,651 - INFO - [2251-2280/2958] Translating 33 items...
2026-01-28 22:26:47,913 - INFO -   Saved (2280/2958)
2026-01-28 22:26:47,913 - INFO - [2281-2310/2958] Translating 41 items...
2026-01-28 22:26:48,935 - INFO -   Saved (2310/2958)
2026-01-28 22:26:48,935 - INFO - [2311-2340/2958] Translating 27 items...
2026-01-28 22:26:49,820 - INFO -   Saved (2340/2958)
2026-01-28 22:26:49,821 - INFO - [2341-2370/2958] Translating 51 items...
2026-01-28 22:26:50,658 - INFO -   Saved (2370/2958)
2026-01-28 22:26:50,658 - INFO - [2371-2400/2958] Translating 36 items...
2026-01-28 22:26:52,695 - INFO -   Saved (2400/2958)
2026-01-28 22:26:52,695 - INFO - [2401-2430/2958] Translating 33 items...
2026-01-28 22:26:53,496 - INFO -   Saved (2430/2958)
2026-01-28 22:26:53,497 - INFO - [2431-2460/2958] Translating 8 items...
2026-01-28 22:26:55,157 - INFO -   Saved (2460/2958)
2026-01-28 22:26:55,157 - INFO - [2461-2490/2958] Translating 14 items...
2026-01-28 22:26:56,569 - INFO -   Saved (2490/2958)
2026-01-28 22:26:56,569 - INFO - [2491-2520/2958] Translating 20 items...
2026-01-28 22:26:57,691 - INFO -   Saved (2520/2958)
2026-01-28 22:26:57,691 - INFO - [2521-2550/2958] Translating 13 items...
2026-01-28 22:26:58,722 - INFO -   Saved (2550/2958)
2026-01-28 22:26:58,722 - INFO - [2551-2580/2958] Translating 6 items...
2026-01-28 22:27:00,252 - INFO -   Saved (2580/2958)
2026-01-28 22:27:00,252 - INFO - [2581-2610/2958] Translating 19 items...
2026-01-28 22:27:01,424 - INFO -   Saved (2610/2958)
2026-01-28 22:27:01,424 - INFO - [2611-2640/2958] Translating 18 items...
2026-01-28 22:27:02,924 - INFO -   Saved (2640/2958)
2026-01-28 22:27:02,925 - INFO - [2641-2670/2958] Translating 12 items...
2026-01-28 22:27:03,837 - INFO -   Saved (2670/2958)
2026-01-28 22:27:03,837 - INFO - [2671-2700/2958] Translating 17 items...
2026-01-28 22:27:04,985 - INFO -   Saved (2700/2958)
2026-01-28 22:27:04,985 - INFO - [2701-2730/2958] Translating 28 items...
2026-01-28 22:27:06,064 - INFO -   Saved (2730/2958)
2026-01-28 22:27:06,064 - INFO - [2731-2760/2958] Translating 5 items...
2026-01-28 22:27:06,637 - INFO -   Saved (2760/2958)
2026-01-28 22:27:06,637 - INFO - [2761-2790/2958] Translating 39 items...
2026-01-28 22:27:08,349 - INFO -   Saved (2790/2958)
2026-01-28 22:27:08,349 - INFO - [2791-2820/2958] Translating 7 items...
2026-01-28 22:27:08,887 - INFO -   Saved (2820/2958)
2026-01-28 22:27:08,887 - INFO - [2821-2850/2958] Translating 32 items...
2026-01-28 22:27:10,503 - INFO -   Saved (2850/2958)
2026-01-28 22:27:10,504 - INFO - [2851-2880/2958] Translating 11 items...
2026-01-28 22:27:11,393 - INFO -   Saved (2880/2958)
2026-01-28 22:27:11,393 - INFO - [2881-2910/2958] Translating 2 items...
2026-01-28 22:27:11,937 - INFO -   Saved (2910/2958)
2026-01-28 22:27:11,937 - INFO - [2911-2940/2958] Translating 22 items...
2026-01-28 22:27:13,354 - INFO -   Saved (2940/2958)
2026-01-28 22:27:13,354 - INFO - [2941-2958/2958] Translating 12 items...
2026-01-28 22:27:13,889 - INFO -   Saved (2958/2958)
2026-01-28 22:27:14,036 - INFO - ============================================================
2026-01-28 22:27:14,036 - INFO - C2 complete! Synonyms: 1549, Examples: 990
2026-01-28 22:27:14,036 - INFO - ============================================================
2026-01-28 22:27:14,040 - INFO - Translation completed
