2026-02-03 00:31:44,532 - INFO - Translation started - Log file: translation_log_20260203_003144.log
2026-02-03 00:31:44,532 - INFO - ============================================================
2026-02-03 00:31:44,532 - INFO - Adding translations to A1
2026-02-03 00:31:44,532 - INFO - ============================================================
2026-02-03 00:31:44,557 - INFO - [1-30/819] Translating 16 items...
2026-02-03 00:31:45,468 - INFO -   Saved (30/819)
2026-02-03 00:31:45,469 - INFO - [31-60/819] Translating 17 items...
2026-02-03 00:31:46,299 - INFO -   Saved (60/819)
2026-02-03 00:31:46,299 - INFO - [61-90/819] Translating 23 items...
2026-02-03 00:31:47,091 - INFO -   Saved (90/819)
2026-02-03 00:31:47,091 - INFO - [91-120/819] Translating 22 items...
2026-02-03 00:31:48,021 - INFO -   Saved (120/819)
2026-02-03 00:31:48,021 - INFO - [121-150/819] Translating 22 items...
2026-02-03 00:31:48,892 - INFO -   Saved (150/819)
2026-02-03 00:31:48,893 - INFO - [151-180/819] Translating 14 items...
2026-02-03 00:31:49,544 - INFO -   Saved (180/819)
2026-02-03 00:31:49,544 - INFO - [181-210/819] Translating 20 items...
2026-02-03 00:31:51,729 - INFO -   Saved (210/819)
2026-02-03 00:31:51,729 - INFO - [211-240/819] Translating 27 items...
2026-02-03 00:31:52,606 - INFO -   Saved (240/819)
2026-02-03 00:31:52,606 - INFO - [241-270/819] Translating 27 items...
2026-02-03 00:31:53,658 - INFO -   Saved (270/819)
2026-02-03 00:31:53,658 - INFO - [271-300/819] Translating 11 items...
2026-02-03 00:31:54,523 - INFO -   Saved (300/819)
2026-02-03 00:31:54,523 - INFO - [301-330/819] Translating 29 items...
2026-02-03 00:31:55,848 - INFO -   Saved (330/819)
2026-02-03 00:31:55,848 - INFO - [331-360/819] Translating 21 items...
2026-02-03 00:31:56,707 - INFO -   Saved (360/819)
2026-02-03 00:31:56,707 - INFO - [361-390/819] Translating 16 items...
2026-02-03 00:31:57,679 - INFO -   Saved (390/819)
2026-02-03 00:31:57,680 - INFO - [391-420/819] Translating 25 items...
2026-02-03 00:31:58,608 - INFO -   Saved (420/819)
2026-02-03 00:31:58,608 - INFO - [421-450/819] Translating 15 items...
2026-02-03 00:31:59,388 - INFO -   Saved (450/819)
2026-02-03 00:31:59,388 - INFO - [451-480/819] Translating 16 items...
2026-02-03 00:32:00,525 - INFO -   Saved (480/819)
2026-02-03 00:32:00,525 - INFO - [481-510/819] Translating 27 items...
2026-02-03 00:32:01,342 - INFO -   Saved (510/819)
2026-02-03 00:32:01,343 - INFO - [511-540/819] Translating 14 items...
2026-02-03 00:32:02,310 - INFO -   Saved (540/819)
2026-02-03 00:32:02,310 - INFO - [541-570/819] Translating 15 items...
2026-02-03 00:32:03,231 - INFO -   Saved (570/819)
2026-02-03 00:32:03,232 - INFO - [571-600/819] Translating 19 items...
2026-02-03 00:32:03,830 - INFO -   Saved (600/819)
2026-02-03 00:32:03,830 - INFO - [601-630/819] Translating 15 items...
2026-02-03 00:32:04,830 - INFO -   Saved (630/819)
2026-02-03 00:32:04,831 - INFO - [631-660/819] Translating 22 items...
2026-02-03 00:32:05,820 - INFO -   Saved (660/819)
2026-02-03 00:32:05,821 - INFO - [661-690/819] Translating 29 items...
2026-02-03 00:32:06,684 - INFO -   Saved (690/819)
2026-02-03 00:32:06,684 - INFO - [691-720/819] Translating 25 items...
2026-02-03 00:32:08,643 - INFO -   Saved (720/819)
2026-02-03 00:32:08,643 - INFO - [721-750/819] Translating 28 items...
2026-02-03 00:32:09,582 - INFO -   Saved (750/819)
2026-02-03 00:32:09,582 - INFO - [751-780/819] Translating 14 items...
2026-02-03 00:32:10,323 - INFO -   Saved (780/819)
2026-02-03 00:32:10,323 - INFO - [781-810/819] Translating 11 items...
2026-02-03 00:32:11,316 - INFO -   Saved (810/819)
2026-02-03 00:32:11,316 - INFO - [811-819/819] Translating 7 items...
2026-02-03 00:32:12,165 - INFO -   Saved (819/819)
2026-02-03 00:32:12,261 - INFO - ============================================================
2026-02-03 00:32:12,261 - INFO - A1 complete! Main: 59, Synonyms: 488, Examples: 0
2026-02-03 00:32:12,261 - INFO - ============================================================
2026-02-03 00:32:12,262 - INFO - ============================================================
2026-02-03 00:32:12,262 - INFO - Adding translations to A2
2026-02-03 00:32:12,262 - INFO - ============================================================
2026-02-03 00:32:12,281 - INFO - [1-30/616] Translating 22 items...
2026-02-03 00:32:12,951 - INFO -   Saved (30/616)
2026-02-03 00:32:12,951 - INFO - [31-60/616] Translating 13 items...
2026-02-03 00:32:13,802 - INFO -   Saved (60/616)
2026-02-03 00:32:13,802 - INFO - [61-90/616] Translating 27 items...
2026-02-03 00:32:14,522 - INFO -   Saved (90/616)
2026-02-03 00:32:14,523 - INFO - [91-120/616] Translating 24 items...
2026-02-03 00:32:15,176 - INFO -   Saved (120/616)
2026-02-03 00:32:15,176 - INFO - [121-150/616] Translating 17 items...
2026-02-03 00:32:16,037 - INFO -   Saved (150/616)
2026-02-03 00:32:16,037 - INFO - [151-180/616] Translating 19 items...
2026-02-03 00:32:16,806 - INFO -   Saved (180/616)
2026-02-03 00:32:16,806 - INFO - [181-210/616] Translating 29 items...
2026-02-03 00:32:17,609 - INFO -   Saved (210/616)
2026-02-03 00:32:17,609 - INFO - [211-240/616] Translating 12 items...
2026-02-03 00:32:18,511 - INFO -   Saved (240/616)
2026-02-03 00:32:18,512 - INFO - [241-270/616] Translating 12 items...
2026-02-03 00:32:20,587 - INFO -   Saved (270/616)
2026-02-03 00:32:20,587 - INFO - [271-300/616] Translating 17 items...
2026-02-03 00:32:21,313 - INFO -   Saved (300/616)
2026-02-03 00:32:21,314 - INFO - [301-330/616] Translating 15 items...
2026-02-03 00:32:21,859 - INFO -   Saved (330/616)
2026-02-03 00:32:21,859 - INFO - [331-360/616] Translating 18 items...
2026-02-03 00:32:22,630 - INFO -   Saved (360/616)
2026-02-03 00:32:22,630 - INFO - [361-390/616] Translating 27 items...
2026-02-03 00:32:23,649 - INFO -   Saved (390/616)
2026-02-03 00:32:23,649 - INFO - [391-420/616] Translating 27 items...
2026-02-03 00:32:24,552 - INFO -   Saved (420/616)
2026-02-03 00:32:24,552 - INFO - [421-450/616] Translating 20 items...
2026-02-03 00:32:25,481 - INFO -   Saved (450/616)
2026-02-03 00:32:25,481 - INFO - [451-480/616] Translating 25 items...
2026-02-03 00:32:26,424 - INFO -   Saved (480/616)
2026-02-03 00:32:26,424 - INFO - [481-510/616] Translating 18 items...
2026-02-03 00:32:27,476 - INFO -   Saved (510/616)
2026-02-03 00:32:27,477 - INFO - [511-540/616] Translating 31 items...
2026-02-03 00:32:28,174 - INFO -   Saved (540/616)
2026-02-03 00:32:28,174 - INFO - [541-570/616] Translating 30 items...
2026-02-03 00:32:29,012 - INFO -   Saved (570/616)
2026-02-03 00:32:29,013 - INFO - [571-600/616] Translating 21 items...
2026-02-03 00:32:29,684 - INFO -   Saved (600/616)
2026-02-03 00:32:29,684 - INFO - [601-616/616] Translating 11 items...
2026-02-03 00:32:30,242 - INFO -   Saved (616/616)
2026-02-03 00:32:30,311 - INFO - ============================================================
2026-02-03 00:32:30,311 - INFO - A2 complete! Main: 53, Synonyms: 382, Examples: 0
2026-02-03 00:32:30,311 - INFO - ============================================================
2026-02-03 00:32:30,312 - INFO - ============================================================
2026-02-03 00:32:30,312 - INFO - Adding translations to B1
2026-02-03 00:32:30,312 - INFO - ============================================================
2026-02-03 00:32:30,369 - INFO - [1-30/2497] Translating 25 items...
2026-02-03 00:32:31,306 - INFO -   Saved (30/2497)
2026-02-03 00:32:31,306 - INFO - [31-60/2497] Translating 39 items...
2026-02-03 00:32:32,439 - INFO -   Saved (60/2497)
2026-02-03 00:32:32,439 - INFO - [61-90/2497] Translating 32 items...
2026-02-03 00:32:34,592 - INFO -   Saved (90/2497)
2026-02-03 00:32:34,592 - INFO - [91-120/2497] Translating 18 items...
2026-02-03 00:32:35,637 - INFO -   Saved (120/2497)
2026-02-03 00:32:35,637 - INFO - [121-150/2497] Translating 36 items...
2026-02-03 00:32:36,575 - INFO -   Saved (150/2497)
2026-02-03 00:32:36,576 - INFO - [151-180/2497] Translating 20 items...
2026-02-03 00:32:37,789 - INFO -   Saved (180/2497)
2026-02-03 00:32:37,790 - INFO - [181-210/2497] Translating 29 items...
2026-02-03 00:32:38,684 - INFO -   Saved (210/2497)
2026-02-03 00:32:38,684 - INFO - [211-240/2497] Translating 30 items...
2026-02-03 00:32:39,534 - INFO -   Saved (240/2497)
2026-02-03 00:32:39,534 - INFO - [241-270/2497] Translating 23 items...
2026-02-03 00:32:40,378 - INFO -   Saved (270/2497)
2026-02-03 00:32:40,378 - INFO - [271-300/2497] Translating 19 items...
2026-02-03 00:32:42,423 - INFO -   Saved (300/2497)
2026-02-03 00:32:42,424 - INFO - [301-330/2497] Translating 32 items...
2026-02-03 00:32:43,460 - INFO -   Saved (330/2497)
2026-02-03 00:32:43,460 - INFO - [331-360/2497] Translating 31 items...
2026-02-03 00:32:45,382 - INFO -   Saved (360/2497)
2026-02-03 00:32:45,382 - INFO - [361-390/2497] Translating 29 items...
2026-02-03 00:32:47,011 - INFO -   Saved (390/2497)
2026-02-03 00:32:47,012 - INFO - [391-420/2497] Translating 38 items...
2026-02-03 00:32:47,992 - INFO -   Saved (420/2497)
2026-02-03 00:32:47,992 - INFO - [421-450/2497] Translating 18 items...
2026-02-03 00:32:48,937 - INFO -   Saved (450/2497)
2026-02-03 00:32:48,938 - INFO - [451-480/2497] Translating 30 items...
2026-02-03 00:32:49,876 - INFO -   Saved (480/2497)
2026-02-03 00:32:49,877 - INFO - [481-510/2497] Translating 31 items...
2026-02-03 00:32:50,724 - INFO -   Saved (510/2497)
2026-02-03 00:32:50,724 - INFO - [511-540/2497] Translating 28 items...
2026-02-03 00:32:51,723 - INFO -   Saved (540/2497)
2026-02-03 00:32:51,723 - INFO - [541-570/2497] Translating 27 items...
2026-02-03 00:32:52,777 - INFO -   Saved (570/2497)
2026-02-03 00:32:52,778 - INFO - [571-600/2497] Translating 25 items...
2026-02-03 00:32:54,818 - INFO -   Saved (600/2497)
2026-02-03 00:32:54,818 - INFO - [601-630/2497] Translating 19 items...
2026-02-03 00:32:55,782 - INFO -   Saved (630/2497)
2026-02-03 00:32:55,782 - INFO - [631-660/2497] Translating 28 items...
2026-02-03 00:32:57,622 - INFO -   Saved (660/2497)
2026-02-03 00:32:57,622 - INFO - [661-690/2497] Translating 23 items...
2026-02-03 00:32:58,632 - INFO -   Saved (690/2497)
2026-02-03 00:32:58,632 - INFO - [691-720/2497] Translating 31 items...
2026-02-03 00:32:59,656 - INFO -   Saved (720/2497)
2026-02-03 00:32:59,656 - INFO - [721-750/2497] Translating 40 items...
2026-02-03 00:33:00,617 - INFO -   Saved (750/2497)
2026-02-03 00:33:00,617 - INFO - [751-780/2497] Translating 32 items...
2026-02-03 00:33:01,895 - INFO -   Saved (780/2497)
2026-02-03 00:33:01,895 - INFO - [781-810/2497] Translating 17 items...
2026-02-03 00:33:03,059 - INFO -   Saved (810/2497)
2026-02-03 00:33:03,059 - INFO - [811-840/2497] Translating 33 items...
2026-02-03 00:33:04,103 - INFO -   Saved (840/2497)
2026-02-03 00:33:04,104 - INFO - [841-870/2497] Translating 31 items...
2026-02-03 00:33:05,172 - INFO -   Saved (870/2497)
2026-02-03 00:33:05,172 - INFO - [871-900/2497] Translating 21 items...
2026-02-03 00:33:06,189 - INFO -   Saved (900/2497)
2026-02-03 00:33:06,189 - INFO - [901-930/2497] Translating 22 items...
2026-02-03 00:33:07,261 - INFO -   Saved (930/2497)
2026-02-03 00:33:07,261 - INFO - [931-960/2497] Translating 20 items...
2026-02-03 00:33:08,016 - INFO -   Saved (960/2497)
2026-02-03 00:33:08,017 - INFO - [961-990/2497] Translating 30 items...
2026-02-03 00:33:08,793 - INFO -   Saved (990/2497)
2026-02-03 00:33:08,793 - INFO - [991-1020/2497] Translating 25 items...
2026-02-03 00:33:09,762 - INFO -   Saved (1020/2497)
2026-02-03 00:33:09,762 - INFO - [1021-1050/2497] Translating 27 items...
2026-02-03 00:33:10,800 - INFO -   Saved (1050/2497)
2026-02-03 00:33:10,800 - INFO - [1051-1080/2497] Translating 20 items...
2026-02-03 00:33:11,658 - INFO -   Saved (1080/2497)
2026-02-03 00:33:11,658 - INFO - [1081-1110/2497] Translating 25 items...
2026-02-03 00:33:12,469 - INFO -   Saved (1110/2497)
2026-02-03 00:33:12,470 - INFO - [1111-1140/2497] Translating 25 items...
2026-02-03 00:33:13,411 - INFO -   Saved (1140/2497)
2026-02-03 00:33:13,411 - INFO - [1141-1170/2497] Translating 33 items...
2026-02-03 00:33:14,350 - INFO -   Saved (1170/2497)
2026-02-03 00:33:14,351 - INFO - [1171-1200/2497] Translating 26 items...
2026-02-03 00:33:15,107 - INFO -   Saved (1200/2497)
2026-02-03 00:33:15,107 - INFO - [1201-1230/2497] Translating 22 items...
2026-02-03 00:33:16,226 - INFO -   Saved (1230/2497)
2026-02-03 00:33:16,227 - INFO - [1231-1260/2497] Translating 24 items...
2026-02-03 00:33:16,984 - INFO -   Saved (1260/2497)
2026-02-03 00:33:16,984 - INFO - [1261-1290/2497] Translating 30 items...
2026-02-03 00:33:17,957 - INFO -   Saved (1290/2497)
2026-02-03 00:33:17,957 - INFO - [1291-1320/2497] Translating 20 items...
2026-02-03 00:33:19,026 - INFO -   Saved (1320/2497)
2026-02-03 00:33:19,026 - INFO - [1321-1350/2497] Translating 34 items...
2026-02-03 00:33:19,997 - INFO -   Saved (1350/2497)
2026-02-03 00:33:19,997 - INFO - [1351-1380/2497] Translating 21 items...
2026-02-03 00:33:20,965 - INFO -   Saved (1380/2497)
2026-02-03 00:33:20,965 - INFO - [1381-1410/2497] Translating 29 items...
2026-02-03 00:33:23,094 - INFO -   Saved (1410/2497)
2026-02-03 00:33:23,094 - INFO - [1411-1440/2497] Translating 35 items...
2026-02-03 00:33:23,785 - INFO -   Saved (1440/2497)
2026-02-03 00:33:23,785 - INFO - [1441-1470/2497] Translating 25 items...
2026-02-03 00:33:24,525 - INFO -   Saved (1470/2497)
2026-02-03 00:33:24,525 - INFO - [1471-1500/2497] Translating 26 items...
2026-02-03 00:33:25,204 - INFO -   Saved (1500/2497)
2026-02-03 00:33:25,204 - INFO - [1501-1530/2497] Translating 32 items...
2026-02-03 00:33:25,917 - INFO -   Saved (1530/2497)
2026-02-03 00:33:25,917 - INFO - [1531-1560/2497] Translating 32 items...
2026-02-03 00:33:27,278 - INFO -   Saved (1560/2497)
2026-02-03 00:33:27,278 - INFO - [1561-1590/2497] Translating 28 items...
2026-02-03 00:33:29,117 - INFO -   Saved (1590/2497)
2026-02-03 00:33:29,117 - INFO - [1591-1620/2497] Translating 37 items...
2026-02-03 00:33:29,800 - INFO -   Saved (1620/2497)
2026-02-03 00:33:29,800 - INFO - [1621-1650/2497] Translating 28 items...
2026-02-03 00:33:30,641 - INFO -   Saved (1650/2497)
2026-02-03 00:33:30,641 - INFO - [1651-1680/2497] Translating 22 items...
2026-02-03 00:33:31,833 - INFO -   Saved (1680/2497)
2026-02-03 00:33:31,833 - INFO - [1681-1710/2497] Translating 33 items...
2026-02-03 00:33:32,923 - INFO -   Saved (1710/2497)
2026-02-03 00:33:32,923 - INFO - [1711-1740/2497] Translating 37 items...
2026-02-03 00:33:33,722 - INFO -   Saved (1740/2497)
2026-02-03 00:33:33,722 - INFO - [1741-1770/2497] Translating 29 items...
2026-02-03 00:33:34,832 - INFO -   Saved (1770/2497)
2026-02-03 00:33:34,832 - INFO - [1771-1800/2497] Translating 30 items...
2026-02-03 00:33:35,734 - INFO -   Saved (1800/2497)
2026-02-03 00:33:35,735 - INFO - [1801-1830/2497] Translating 40 items...
2026-02-03 00:33:36,502 - INFO -   Saved (1830/2497)
2026-02-03 00:33:36,502 - INFO - [1831-1860/2497] Translating 20 items...
2026-02-03 00:33:37,397 - INFO -   Saved (1860/2497)
2026-02-03 00:33:37,397 - INFO - [1861-1890/2497] Translating 21 items...
2026-02-03 00:33:38,171 - INFO -   Saved (1890/2497)
2026-02-03 00:33:38,172 - INFO - [1891-1920/2497] Translating 28 items...
2026-02-03 00:33:39,192 - INFO -   Saved (1920/2497)
2026-02-03 00:33:39,192 - INFO - [1921-1950/2497] Translating 35 items...
2026-02-03 00:33:39,983 - INFO -   Saved (1950/2497)
2026-02-03 00:33:39,983 - INFO - [1951-1980/2497] Translating 26 items...
2026-02-03 00:33:40,952 - INFO -   Saved (1980/2497)
2026-02-03 00:33:40,952 - INFO - [1981-2010/2497] Translating 17 items...
2026-02-03 00:33:41,851 - INFO -   Saved (2010/2497)
2026-02-03 00:33:41,851 - INFO - [2011-2040/2497] Translating 30 items...
2026-02-03 00:33:42,932 - INFO -   Saved (2040/2497)
2026-02-03 00:33:42,933 - INFO - [2041-2070/2497] Translating 32 items...
2026-02-03 00:33:43,791 - INFO -   Saved (2070/2497)
2026-02-03 00:33:43,791 - INFO - [2071-2100/2497] Translating 22 items...
2026-02-03 00:33:44,718 - INFO -   Saved (2100/2497)
2026-02-03 00:33:44,718 - INFO - [2101-2130/2497] Translating 33 items...
2026-02-03 00:33:45,535 - INFO -   Saved (2130/2497)
2026-02-03 00:33:45,535 - INFO - [2131-2160/2497] Translating 42 items...
2026-02-03 00:33:46,238 - INFO -   Saved (2160/2497)
2026-02-03 00:33:46,238 - INFO - [2161-2190/2497] Translating 34 items...
2026-02-03 00:33:47,015 - INFO -   Saved (2190/2497)
2026-02-03 00:33:47,016 - INFO - [2191-2220/2497] Translating 31 items...
2026-02-03 00:33:48,147 - INFO -   Saved (2220/2497)
2026-02-03 00:33:48,147 - INFO - [2221-2250/2497] Translating 16 items...
2026-02-03 00:33:49,213 - INFO -   Saved (2250/2497)
2026-02-03 00:33:49,213 - INFO - [2251-2280/2497] Translating 28 items...
2026-02-03 00:33:50,193 - INFO -   Saved (2280/2497)
2026-02-03 00:33:50,194 - INFO - [2281-2310/2497] Translating 35 items...
2026-02-03 00:33:51,366 - INFO -   Saved (2310/2497)
2026-02-03 00:33:51,366 - INFO - [2311-2340/2497] Translating 27 items...
2026-02-03 00:33:52,208 - INFO -   Saved (2340/2497)
2026-02-03 00:33:52,209 - INFO - [2341-2370/2497] Translating 31 items...
2026-02-03 00:33:53,039 - INFO -   Saved (2370/2497)
2026-02-03 00:33:53,040 - INFO - [2371-2400/2497] Translating 23 items...
2026-02-03 00:33:53,927 - INFO -   Saved (2400/2497)
2026-02-03 00:33:53,927 - INFO - [2401-2430/2497] Translating 33 items...
2026-02-03 00:33:55,010 - INFO -   Saved (2430/2497)
2026-02-03 00:33:55,010 - INFO - [2431-2460/2497] Translating 26 items...
2026-02-03 00:33:56,071 - INFO -   Saved (2460/2497)
2026-02-03 00:33:56,071 - INFO - [2461-2490/2497] Translating 15 items...
2026-02-03 00:33:57,299 - INFO -   Saved (2490/2497)
2026-02-03 00:33:57,299 - INFO - [2491-2497/2497] Translating 3 items...
2026-02-03 00:33:58,154 - INFO -   Saved (2497/2497)
2026-02-03 00:33:58,399 - INFO - ============================================================
2026-02-03 00:33:58,399 - INFO - B1 complete! Main: 269, Synonyms: 2041, Examples: 0
2026-02-03 00:33:58,399 - INFO - ============================================================
2026-02-03 00:33:58,404 - INFO - ============================================================
2026-02-03 00:33:58,404 - INFO - Adding translations to B2
2026-02-03 00:33:58,404 - INFO - ============================================================
2026-02-03 00:33:58,466 - INFO - [1-30/2986] Translating 480 items...
2026-02-03 00:34:05,627 - INFO -   Saved (30/2986)
2026-02-03 00:34:05,627 - INFO - [31-60/2986] Translating 603 items...
2026-02-03 00:34:15,529 - INFO -   Saved (60/2986)
2026-02-03 00:34:15,529 - INFO - [61-90/2986] Translating 589 items...
2026-02-03 00:34:20,981 - INFO -   Saved (90/2986)
2026-02-03 00:34:20,981 - INFO - [91-120/2986] Translating 574 items...
2026-02-03 00:34:27,491 - INFO -   Saved (120/2986)
2026-02-03 00:34:27,491 - INFO - [121-150/2986] Translating 591 items...
2026-02-03 00:34:36,139 - INFO -   Saved (150/2986)
2026-02-03 00:34:36,140 - INFO - [151-180/2986] Translating 522 items...
2026-02-03 00:34:42,400 - INFO -   Saved (180/2986)
2026-02-03 00:34:42,401 - INFO - [181-210/2986] Translating 614 items...
2026-02-03 00:34:50,553 - INFO -   Saved (210/2986)
2026-02-03 00:34:50,553 - INFO - [211-240/2986] Translating 599 items...
2026-02-03 00:34:58,948 - INFO -   Saved (240/2986)
2026-02-03 00:34:58,948 - INFO - [241-270/2986] Translating 564 items...
2026-02-03 00:35:05,460 - INFO -   Saved (270/2986)
2026-02-03 00:35:05,460 - INFO - [271-300/2986] Translating 551 items...
2026-02-03 00:35:13,044 - INFO -   Saved (300/2986)
2026-02-03 00:35:13,045 - INFO - [301-330/2986] Translating 507 items...
2026-02-03 00:35:19,209 - INFO -   Saved (330/2986)
2026-02-03 00:35:19,209 - INFO - [331-360/2986] Translating 585 items...
2026-02-03 00:35:25,354 - INFO -   Saved (360/2986)
2026-02-03 00:35:25,355 - INFO - [361-390/2986] Translating 706 items...
2026-02-03 00:35:33,060 - INFO -   Saved (390/2986)
2026-02-03 00:35:33,060 - INFO - [391-420/2986] Translating 590 items...
2026-02-03 00:35:41,292 - INFO -   Saved (420/2986)
2026-02-03 00:35:41,293 - INFO - [421-450/2986] Translating 613 items...
2026-02-03 00:35:49,555 - INFO -   Saved (450/2986)
2026-02-03 00:35:49,555 - INFO - [451-480/2986] Translating 520 items...
2026-02-03 00:35:56,406 - INFO -   Saved (480/2986)
2026-02-03 00:35:56,406 - INFO - [481-510/2986] Translating 628 items...
2026-02-03 00:36:04,720 - INFO -   Saved (510/2986)
2026-02-03 00:36:04,721 - INFO - [511-540/2986] Translating 439 items...
2026-02-03 00:36:12,225 - INFO -   Saved (540/2986)
2026-02-03 00:36:12,225 - INFO - [541-570/2986] Translating 522 items...
2026-02-03 00:36:18,775 - INFO -   Saved (570/2986)
2026-02-03 00:36:18,776 - INFO - [571-600/2986] Translating 510 items...
2026-02-03 00:36:25,193 - INFO -   Saved (600/2986)
2026-02-03 00:36:25,193 - INFO - [601-630/2986] Translating 562 items...
2026-02-03 00:36:31,374 - INFO -   Saved (630/2986)
2026-02-03 00:36:31,374 - INFO - [631-660/2986] Translating 559 items...
2026-02-03 00:36:39,457 - INFO -   Saved (660/2986)
2026-02-03 00:36:39,457 - INFO - [661-690/2986] Translating 564 items...
2026-02-03 00:36:48,051 - INFO -   Saved (690/2986)
2026-02-03 00:36:48,052 - INFO - [691-720/2986] Translating 564 items...
2026-02-03 00:36:55,939 - INFO -   Saved (720/2986)
2026-02-03 00:36:55,940 - INFO - [721-750/2986] Translating 589 items...
2026-02-03 00:37:03,432 - INFO -   Saved (750/2986)
2026-02-03 00:37:03,432 - INFO - [751-780/2986] Translating 526 items...
2026-02-03 00:37:10,030 - INFO -   Saved (780/2986)
2026-02-03 00:37:10,030 - INFO - [781-810/2986] Translating 367 items...
2026-02-03 00:37:18,950 - INFO -   Saved (810/2986)
2026-02-03 00:37:18,950 - INFO - [811-840/2986] Translating 461 items...
2026-02-03 00:37:24,430 - INFO -   Saved (840/2986)
2026-02-03 00:37:24,430 - INFO - [841-870/2986] Translating 508 items...
2026-02-03 00:37:31,757 - INFO -   Saved (870/2986)
2026-02-03 00:37:31,758 - INFO - [871-900/2986] Translating 615 items...
2026-02-03 00:37:40,936 - INFO -   Saved (900/2986)
2026-02-03 00:37:40,936 - INFO - [901-930/2986] Translating 599 items...
2026-02-03 00:37:50,225 - INFO -   Saved (930/2986)
2026-02-03 00:37:50,225 - INFO - [931-960/2986] Translating 563 items...
2026-02-03 00:37:56,065 - INFO -   Saved (960/2986)
2026-02-03 00:37:56,065 - INFO - [961-990/2986] Translating 552 items...
2026-02-03 00:38:03,454 - INFO -   Saved (990/2986)
2026-02-03 00:38:03,454 - INFO - [991-1020/2986] Translating 551 items...
2026-02-03 00:38:10,688 - INFO -   Saved (1020/2986)
2026-02-03 00:38:10,689 - INFO - [1021-1050/2986] Translating 539 items...
2026-02-03 00:38:16,619 - INFO -   Saved (1050/2986)
2026-02-03 00:38:16,619 - INFO - [1051-1080/2986] Translating 536 items...
2026-02-03 00:38:23,504 - INFO -   Saved (1080/2986)
2026-02-03 00:38:23,505 - INFO - [1081-1110/2986] Translating 570 items...
2026-02-03 00:38:29,567 - INFO -   Saved (1110/2986)
2026-02-03 00:38:29,567 - INFO - [1111-1140/2986] Translating 412 items...
2026-02-03 00:38:36,658 - INFO -   Saved (1140/2986)
2026-02-03 00:38:36,658 - INFO - [1141-1170/2986] Translating 455 items...
2026-02-03 00:38:42,389 - INFO -   Saved (1170/2986)
2026-02-03 00:38:42,390 - INFO - [1171-1200/2986] Translating 587 items...
2026-02-03 00:38:48,547 - INFO -   Saved (1200/2986)
2026-02-03 00:38:48,548 - INFO - [1201-1230/2986] Translating 589 items...
2026-02-03 00:38:56,485 - INFO -   Saved (1230/2986)
2026-02-03 00:38:56,485 - INFO - [1231-1260/2986] Translating 608 items...
2026-02-03 00:39:05,842 - INFO -   Saved (1260/2986)
2026-02-03 00:39:05,843 - INFO - [1261-1290/2986] Translating 575 items...
2026-02-03 00:39:11,749 - INFO -   Saved (1290/2986)
2026-02-03 00:39:11,749 - INFO - [1291-1320/2986] Translating 476 items...
2026-02-03 00:39:20,793 - INFO -   Saved (1320/2986)
2026-02-03 00:39:20,793 - INFO - [1321-1350/2986] Translating 594 items...
2026-02-03 00:39:28,921 - INFO -   Saved (1350/2986)
2026-02-03 00:39:28,921 - INFO - [1351-1380/2986] Translating 526 items...
2026-02-03 00:39:36,962 - INFO -   Saved (1380/2986)
2026-02-03 00:39:36,963 - INFO - [1381-1410/2986] Translating 542 items...
2026-02-03 00:39:44,836 - INFO -   Saved (1410/2986)
2026-02-03 00:39:44,837 - INFO - [1411-1440/2986] Translating 543 items...
2026-02-03 00:39:51,592 - INFO -   Saved (1440/2986)
2026-02-03 00:39:51,593 - INFO - [1441-1470/2986] Translating 430 items...
2026-02-03 00:39:58,694 - INFO -   Saved (1470/2986)
2026-02-03 00:39:58,694 - INFO - [1471-1500/2986] Translating 557 items...
2026-02-03 00:40:06,229 - INFO -   Saved (1500/2986)
2026-02-03 00:40:06,229 - INFO - [1501-1530/2986] Translating 489 items...
2026-02-03 00:40:12,592 - INFO -   Saved (1530/2986)
2026-02-03 00:40:12,592 - INFO - [1531-1560/2986] Translating 607 items...
2026-02-03 00:40:18,475 - INFO -   Saved (1560/2986)
2026-02-03 00:40:18,475 - INFO - [1561-1590/2986] Translating 508 items...
2026-02-03 00:40:24,963 - INFO -   Saved (1590/2986)
2026-02-03 00:40:24,964 - INFO - [1591-1620/2986] Translating 549 items...
2026-02-03 00:40:32,781 - INFO -   Saved (1620/2986)
2026-02-03 00:40:32,781 - INFO - [1621-1650/2986] Translating 610 items...
2026-02-03 00:40:42,229 - INFO -   Saved (1650/2986)
2026-02-03 00:40:42,230 - INFO - [1651-1680/2986] Translating 506 items...
2026-02-03 00:40:48,838 - INFO -   Saved (1680/2986)
2026-02-03 00:40:48,838 - INFO - [1681-1710/2986] Translating 525 items...
2026-02-03 00:40:57,045 - INFO -   Saved (1710/2986)
2026-02-03 00:40:57,046 - INFO - [1711-1740/2986] Translating 508 items...
2026-02-03 00:41:04,407 - INFO -   Saved (1740/2986)
2026-02-03 00:41:04,407 - INFO - [1741-1770/2986] Translating 507 items...
2026-02-03 00:41:10,077 - INFO -   Saved (1770/2986)
2026-02-03 00:41:10,077 - INFO - [1771-1800/2986] Translating 595 items...
2026-02-03 00:41:18,537 - INFO -   Saved (1800/2986)
2026-02-03 00:41:18,538 - INFO - [1801-1830/2986] Translating 439 items...
2026-02-03 00:41:26,015 - INFO -   Saved (1830/2986)
2026-02-03 00:41:26,015 - INFO - [1831-1860/2986] Translating 550 items...
2026-02-03 00:41:31,542 - INFO -   Saved (1860/2986)
2026-02-03 00:41:31,543 - INFO - [1861-1890/2986] Translating 607 items...
2026-02-03 00:41:38,378 - INFO -   Saved (1890/2986)
2026-02-03 00:41:38,378 - INFO - [1891-1920/2986] Translating 566 items...
2026-02-03 00:41:45,753 - INFO -   Saved (1920/2986)
2026-02-03 00:41:45,753 - INFO - [1921-1950/2986] Translating 613 items...
2026-02-03 00:41:52,625 - INFO -   Saved (1950/2986)
2026-02-03 00:41:52,625 - INFO - [1951-1980/2986] Translating 567 items...
2026-02-03 00:42:01,087 - INFO -   Saved (1980/2986)
2026-02-03 00:42:01,087 - INFO - [1981-2010/2986] Translating 665 items...
2026-02-03 00:42:09,505 - INFO -   Saved (2010/2986)
2026-02-03 00:42:09,505 - INFO - [2011-2040/2986] Translating 516 items...
2026-02-03 00:42:16,595 - INFO -   Saved (2040/2986)
2026-02-03 00:42:16,595 - INFO - [2041-2070/2986] Translating 662 items...
2026-02-03 00:42:24,281 - INFO -   Saved (2070/2986)
2026-02-03 00:42:24,281 - INFO - [2071-2100/2986] Translating 598 items...
2026-02-03 00:42:30,191 - INFO -   Saved (2100/2986)
2026-02-03 00:42:30,192 - INFO - [2101-2130/2986] Translating 506 items...
2026-02-03 00:42:38,919 - INFO -   Saved (2130/2986)
2026-02-03 00:42:38,919 - INFO - [2131-2160/2986] Translating 496 items...
2026-02-03 00:42:45,983 - INFO -   Saved (2160/2986)
2026-02-03 00:42:45,983 - INFO - [2161-2190/2986] Translating 509 items...
2026-02-03 00:42:51,478 - INFO -   Saved (2190/2986)
2026-02-03 00:42:51,478 - INFO - [2191-2220/2986] Translating 514 items...
2026-02-03 00:42:59,648 - INFO -   Saved (2220/2986)
2026-02-03 00:42:59,648 - INFO - [2221-2250/2986] Translating 572 items...
2026-02-03 00:43:07,615 - INFO -   Saved (2250/2986)
2026-02-03 00:43:07,615 - INFO - [2251-2280/2986] Translating 517 items...
2026-02-03 00:43:14,989 - INFO -   Saved (2280/2986)
2026-02-03 00:43:14,989 - INFO - [2281-2310/2986] Translating 540 items...
2026-02-03 00:43:21,896 - INFO -   Saved (2310/2986)
2026-02-03 00:43:21,896 - INFO - [2311-2340/2986] Translating 504 items...
2026-02-03 00:43:30,605 - INFO -   Saved (2340/2986)
2026-02-03 00:43:30,606 - INFO - [2341-2370/2986] Translating 612 items...
2026-02-03 00:43:39,381 - INFO -   Saved (2370/2986)
2026-02-03 00:43:39,381 - INFO - [2371-2400/2986] Translating 565 items...
2026-02-03 00:43:45,820 - INFO -   Saved (2400/2986)
2026-02-03 00:43:45,820 - INFO - [2401-2430/2986] Translating 540 items...
2026-02-03 00:43:55,111 - INFO -   Saved (2430/2986)
2026-02-03 00:43:55,111 - INFO - [2431-2460/2986] Translating 556 items...
2026-02-03 00:44:03,342 - INFO -   Saved (2460/2986)
2026-02-03 00:44:03,343 - INFO - [2461-2490/2986] Translating 574 items...
2026-02-03 00:44:10,925 - INFO -   Saved (2490/2986)
2026-02-03 00:44:10,925 - INFO - [2491-2520/2986] Translating 579 items...
2026-02-03 00:44:16,314 - INFO -   Saved (2520/2986)
2026-02-03 00:44:16,314 - INFO - [2521-2550/2986] Translating 663 items...
2026-02-03 00:44:26,033 - INFO -   Saved (2550/2986)
2026-02-03 00:44:26,034 - INFO - [2551-2580/2986] Translating 536 items...
2026-02-03 00:44:34,171 - INFO -   Saved (2580/2986)
2026-02-03 00:44:34,171 - INFO - [2581-2610/2986] Translating 493 items...
2026-02-03 00:44:42,183 - INFO -   Saved (2610/2986)
2026-02-03 00:44:42,183 - INFO - [2611-2640/2986] Translating 591 items...
2026-02-03 00:44:49,593 - INFO -   Saved (2640/2986)
2026-02-03 00:44:49,594 - INFO - [2641-2670/2986] Translating 606 items...
2026-02-03 00:44:59,695 - INFO -   Saved (2670/2986)
2026-02-03 00:44:59,695 - INFO - [2671-2700/2986] Translating 624 items...
2026-02-03 00:45:06,001 - INFO -   Saved (2700/2986)
2026-02-03 00:45:06,001 - INFO - [2701-2730/2986] Translating 613 items...
2026-02-03 00:45:14,653 - INFO -   Saved (2730/2986)
2026-02-03 00:45:14,654 - INFO - [2731-2760/2986] Translating 577 items...
2026-02-03 00:45:22,319 - INFO -   Saved (2760/2986)
2026-02-03 00:45:22,319 - INFO - [2761-2790/2986] Translating 577 items...
2026-02-03 00:45:30,663 - INFO -   Saved (2790/2986)
2026-02-03 00:45:30,664 - INFO - [2791-2820/2986] Translating 578 items...
2026-02-03 00:45:36,852 - INFO -   Saved (2820/2986)
2026-02-03 00:45:36,852 - INFO - [2821-2850/2986] Translating 627 items...
2026-02-03 00:45:43,518 - INFO -   Saved (2850/2986)
2026-02-03 00:45:43,518 - INFO - [2851-2880/2986] Translating 548 items...
2026-02-03 00:45:49,473 - INFO -   Saved (2880/2986)
2026-02-03 00:45:49,473 - INFO - [2881-2910/2986] Translating 513 items...
2026-02-03 00:45:56,151 - INFO -   Saved (2910/2986)
2026-02-03 00:45:56,152 - INFO - [2911-2940/2986] Translating 473 items...
2026-02-03 00:46:02,572 - INFO -   Saved (2940/2986)
2026-02-03 00:46:02,572 - INFO - [2941-2970/2986] Translating 613 items...
2026-02-03 00:46:11,067 - INFO -   Saved (2970/2986)
2026-02-03 00:46:11,067 - INFO - [2971-2986/2986] Translating 267 items...
2026-02-03 00:46:14,433 - INFO -   Saved (2986/2986)
2026-02-03 00:46:14,678 - INFO - ============================================================
2026-02-03 00:46:14,678 - INFO - B2 complete! Main: 2986, Synonyms: 35048, Examples: 17062
2026-02-03 00:46:14,678 - INFO - ============================================================
2026-02-03 00:46:14,685 - INFO - ============================================================
2026-02-03 00:46:14,685 - INFO - Adding translations to C1
2026-02-03 00:46:14,685 - INFO - ============================================================
2026-02-03 00:46:14,730 - INFO - [1-30/2972] Translating 373 items...
2026-02-03 00:46:23,833 - INFO -   Saved (30/2972)
2026-02-03 00:46:23,833 - INFO - [31-60/2972] Translating 382 items...
2026-02-03 00:46:30,910 - INFO -   Saved (60/2972)
2026-02-03 00:46:30,911 - INFO - [61-90/2972] Translating 408 items...
2026-02-03 00:46:39,117 - INFO -   Saved (90/2972)
2026-02-03 00:46:39,118 - INFO - [91-120/2972] Translating 385 items...
2026-02-03 00:46:46,619 - INFO -   Saved (120/2972)
2026-02-03 00:46:46,619 - INFO - [121-150/2972] Translating 363 items...
2026-02-03 00:46:53,664 - INFO -   Saved (150/2972)
2026-02-03 00:46:53,664 - INFO - [151-180/2972] Translating 383 items...
2026-02-03 00:47:00,872 - INFO -   Saved (180/2972)
2026-02-03 00:47:00,873 - INFO - [181-210/2972] Translating 323 items...
2026-02-03 00:47:08,879 - INFO -   Saved (210/2972)
2026-02-03 00:47:08,879 - INFO - [211-240/2972] Translating 455 items...
2026-02-03 00:47:17,688 - INFO -   Saved (240/2972)
2026-02-03 00:47:17,688 - INFO - [241-270/2972] Translating 354 items...
2026-02-03 00:47:26,612 - INFO -   Saved (270/2972)
2026-02-03 00:47:26,612 - INFO - [271-300/2972] Translating 400 items...
2026-02-03 00:47:31,813 - INFO -   Saved (300/2972)
2026-02-03 00:47:31,814 - INFO - [301-330/2972] Translating 318 items...
2026-02-03 00:47:38,310 - INFO -   Saved (330/2972)
2026-02-03 00:47:38,310 - INFO - [331-360/2972] Translating 358 items...
2026-02-03 00:47:44,588 - INFO -   Saved (360/2972)
2026-02-03 00:47:44,589 - INFO - [361-390/2972] Translating 350 items...
2026-02-03 00:47:50,423 - INFO -   Saved (390/2972)
2026-02-03 00:47:50,424 - INFO - [391-420/2972] Translating 460 items...
2026-02-03 00:47:56,102 - INFO -   Saved (420/2972)
2026-02-03 00:47:56,102 - INFO - [421-450/2972] Translating 407 items...
2026-02-03 00:48:02,615 - INFO -   Saved (450/2972)
2026-02-03 00:48:02,615 - INFO - [451-480/2972] Translating 409 items...
2026-02-03 00:48:13,252 - INFO -   Saved (480/2972)
2026-02-03 00:48:13,253 - INFO - [481-510/2972] Translating 314 items...
2026-02-03 00:48:19,472 - INFO -   Saved (510/2972)
2026-02-03 00:48:19,472 - INFO - [511-540/2972] Translating 363 items...
2026-02-03 00:48:26,360 - INFO -   Saved (540/2972)
2026-02-03 00:48:26,361 - INFO - [541-570/2972] Translating 430 items...
2026-02-03 00:48:33,178 - INFO -   Saved (570/2972)
2026-02-03 00:48:33,178 - INFO - [571-600/2972] Translating 296 items...
2026-02-03 00:48:39,038 - INFO -   Saved (600/2972)
2026-02-03 00:48:39,038 - INFO - [601-630/2972] Translating 425 items...
2026-02-03 00:48:47,047 - INFO -   Saved (630/2972)
2026-02-03 00:48:47,048 - INFO - [631-660/2972] Translating 379 items...
2026-02-03 00:48:52,805 - INFO -   Saved (660/2972)
2026-02-03 00:48:52,805 - INFO - [661-690/2972] Translating 369 items...
2026-02-03 00:49:01,129 - INFO -   Saved (690/2972)
2026-02-03 00:49:01,130 - INFO - [691-720/2972] Translating 342 items...
2026-02-03 00:49:08,017 - INFO -   Saved (720/2972)
2026-02-03 00:49:08,017 - INFO - [721-750/2972] Translating 339 items...
2026-02-03 00:49:14,245 - INFO -   Saved (750/2972)
2026-02-03 00:49:14,246 - INFO - [751-780/2972] Translating 351 items...
2026-02-03 00:49:22,614 - INFO -   Saved (780/2972)
2026-02-03 00:49:22,614 - INFO - [781-810/2972] Translating 354 items...
2026-02-03 00:49:30,499 - INFO -   Saved (810/2972)
2026-02-03 00:49:30,499 - INFO - [811-840/2972] Translating 404 items...
2026-02-03 00:49:39,003 - INFO -   Saved (840/2972)
2026-02-03 00:49:39,003 - INFO - [841-870/2972] Translating 361 items...
2026-02-03 00:49:45,154 - INFO -   Saved (870/2972)
2026-02-03 00:49:45,154 - INFO - [871-900/2972] Translating 442 items...
2026-02-03 00:49:55,982 - INFO -   Saved (900/2972)
2026-02-03 00:49:55,982 - INFO - [901-930/2972] Translating 339 items...
2026-02-03 00:50:12,756 - INFO -   Saved (930/2972)
2026-02-03 00:50:12,756 - INFO - [931-960/2972] Translating 293 items...
2026-02-03 00:50:22,189 - INFO -   Saved (960/2972)
2026-02-03 00:50:22,190 - INFO - [961-990/2972] Translating 388 items...
2026-02-03 00:50:33,437 - INFO -   Saved (990/2972)
2026-02-03 00:50:33,437 - INFO - [991-1020/2972] Translating 397 items...
2026-02-03 00:50:50,667 - INFO -   Saved (1020/2972)
2026-02-03 00:50:50,667 - INFO - [1021-1050/2972] Translating 331 items...
2026-02-03 00:51:01,453 - INFO -   Saved (1050/2972)
2026-02-03 00:51:01,454 - INFO - [1051-1080/2972] Translating 342 items...
2026-02-03 00:51:15,540 - INFO -   Saved (1080/2972)
2026-02-03 00:51:15,540 - INFO - [1081-1110/2972] Translating 487 items...
2026-02-03 00:51:42,018 - INFO -   Saved (1110/2972)
2026-02-03 00:51:42,018 - INFO - [1111-1140/2972] Translating 299 items...
2026-02-03 00:51:53,839 - INFO -   Saved (1140/2972)
2026-02-03 00:51:53,839 - INFO - [1141-1170/2972] Translating 422 items...
2026-02-03 00:52:06,960 - INFO -   Saved (1170/2972)
2026-02-03 00:52:06,961 - INFO - [1171-1200/2972] Translating 380 items...
2026-02-03 00:52:31,294 - INFO -   Saved (1200/2972)
2026-02-03 00:52:31,294 - INFO - [1201-1230/2972] Translating 344 items...
2026-02-03 00:52:38,742 - INFO -   Saved (1230/2972)
2026-02-03 00:52:38,742 - INFO - [1231-1260/2972] Translating 376 items...
2026-02-03 00:52:50,666 - INFO -   Saved (1260/2972)
2026-02-03 00:52:50,666 - INFO - [1261-1290/2972] Translating 386 items...
2026-02-03 00:53:03,944 - INFO -   Saved (1290/2972)
2026-02-03 00:53:03,944 - INFO - [1291-1320/2972] Translating 343 items...
2026-02-03 00:53:18,776 - INFO -   Saved (1320/2972)
2026-02-03 00:53:18,777 - INFO - [1321-1350/2972] Translating 341 items...
2026-02-03 00:53:28,087 - INFO -   Saved (1350/2972)
2026-02-03 00:53:28,088 - INFO - [1351-1380/2972] Translating 473 items...
2026-02-03 00:53:42,363 - INFO -   Saved (1380/2972)
2026-02-03 00:53:42,363 - INFO - [1381-1410/2972] Translating 394 items...
2026-02-03 00:54:00,196 - WARNING - Chunk translation attempt 1 failed: ('Connection aborted.', RemoteDisconnected('Remote end closed connection without response'))
2026-02-03 00:54:43,121 - INFO -   Saved (1410/2972)
2026-02-03 00:54:43,122 - INFO - [1411-1440/2972] Translating 376 items...
2026-02-03 00:55:20,474 - WARNING - Chunk translation attempt 1 failed: ('Connection aborted.', RemoteDisconnected('Remote end closed connection without response'))
2026-02-03 00:56:09,797 - INFO -   Saved (1440/2972)
2026-02-03 00:56:09,797 - INFO - [1441-1470/2972] Translating 379 items...
2026-02-03 00:56:17,509 - INFO -   Saved (1470/2972)
2026-02-03 00:56:17,510 - INFO - [1471-1500/2972] Translating 369 items...
2026-02-03 00:56:23,503 - INFO -   Saved (1500/2972)
2026-02-03 00:56:23,503 - INFO - [1501-1530/2972] Translating 399 items...
2026-02-03 00:56:30,594 - INFO -   Saved (1530/2972)
2026-02-03 00:56:30,594 - INFO - [1531-1560/2972] Translating 378 items...
2026-02-03 00:56:38,271 - INFO -   Saved (1560/2972)
2026-02-03 00:56:38,271 - INFO - [1561-1590/2972] Translating 362 items...
2026-02-03 00:56:45,343 - INFO -   Saved (1590/2972)
2026-02-03 00:56:45,344 - INFO - [1591-1620/2972] Translating 406 items...
2026-02-03 00:56:52,576 - INFO -   Saved (1620/2972)
2026-02-03 00:56:52,576 - INFO - [1621-1650/2972] Translating 409 items...
2026-02-03 00:57:00,344 - INFO -   Saved (1650/2972)
2026-02-03 00:57:00,344 - INFO - [1651-1680/2972] Translating 346 items...
2026-02-03 00:57:06,108 - INFO -   Saved (1680/2972)
2026-02-03 00:57:06,108 - INFO - [1681-1710/2972] Translating 445 items...
2026-02-03 00:57:14,191 - INFO -   Saved (1710/2972)
2026-02-03 00:57:14,191 - INFO - [1711-1740/2972] Translating 409 items...
2026-02-03 00:57:20,908 - INFO -   Saved (1740/2972)
2026-02-03 00:57:20,908 - INFO - [1741-1770/2972] Translating 403 items...
2026-02-03 00:57:28,590 - INFO -   Saved (1770/2972)
2026-02-03 00:57:28,591 - INFO - [1771-1800/2972] Translating 423 items...
2026-02-03 00:57:37,042 - INFO -   Saved (1800/2972)
2026-02-03 00:57:37,043 - INFO - [1801-1830/2972] Translating 330 items...
2026-02-03 00:57:45,367 - INFO -   Saved (1830/2972)
2026-02-03 00:57:45,367 - INFO - [1831-1860/2972] Translating 452 items...
2026-02-03 00:57:53,586 - INFO -   Saved (1860/2972)
2026-02-03 00:57:53,587 - INFO - [1861-1890/2972] Translating 360 items...
2026-02-03 00:58:00,459 - INFO -   Saved (1890/2972)
2026-02-03 00:58:00,459 - INFO - [1891-1920/2972] Translating 438 items...
2026-02-03 00:58:08,254 - INFO -   Saved (1920/2972)
2026-02-03 00:58:08,255 - INFO - [1921-1950/2972] Translating 322 items...
2026-02-03 00:58:16,740 - INFO -   Saved (1950/2972)
2026-02-03 00:58:16,740 - INFO - [1951-1980/2972] Translating 406 items...
2026-02-03 00:58:23,607 - INFO -   Saved (1980/2972)
2026-02-03 00:58:23,607 - INFO - [1981-2010/2972] Translating 381 items...
2026-02-03 00:58:29,367 - INFO -   Saved (2010/2972)
2026-02-03 00:58:29,367 - INFO - [2011-2040/2972] Translating 424 items...
2026-02-03 00:58:36,102 - INFO -   Saved (2040/2972)
2026-02-03 00:58:36,102 - INFO - [2041-2070/2972] Translating 297 items...
2026-02-03 00:58:43,838 - INFO -   Saved (2070/2972)
2026-02-03 00:58:43,838 - INFO - [2071-2100/2972] Translating 273 items...
2026-02-03 00:58:50,430 - INFO -   Saved (2100/2972)
2026-02-03 00:58:50,430 - INFO - [2101-2130/2972] Translating 379 items...
2026-02-03 00:58:58,958 - INFO -   Saved (2130/2972)
2026-02-03 00:58:58,958 - INFO - [2131-2160/2972] Translating 455 items...
2026-02-03 00:59:03,802 - INFO -   Saved (2160/2972)
2026-02-03 00:59:03,802 - INFO - [2161-2190/2972] Translating 391 items...
2026-02-03 00:59:12,044 - INFO -   Saved (2190/2972)
2026-02-03 00:59:12,045 - INFO - [2191-2220/2972] Translating 414 items...
2026-02-03 00:59:18,678 - INFO -   Saved (2220/2972)
2026-02-03 00:59:18,678 - INFO - [2221-2250/2972] Translating 321 items...
2026-02-03 00:59:26,124 - INFO -   Saved (2250/2972)
2026-02-03 00:59:26,124 - INFO - [2251-2280/2972] Translating 462 items...
2026-02-03 00:59:34,614 - INFO -   Saved (2280/2972)
2026-02-03 00:59:34,614 - INFO - [2281-2310/2972] Translating 537 items...
2026-02-03 00:59:41,136 - INFO -   Saved (2310/2972)
2026-02-03 00:59:41,137 - INFO - [2311-2340/2972] Translating 410 items...
2026-02-03 00:59:47,764 - INFO -   Saved (2340/2972)
2026-02-03 00:59:47,764 - INFO - [2341-2370/2972] Translating 447 items...
2026-02-03 00:59:54,668 - INFO -   Saved (2370/2972)
2026-02-03 00:59:54,669 - INFO - [2371-2400/2972] Translating 442 items...
2026-02-03 01:00:02,079 - INFO -   Saved (2400/2972)
2026-02-03 01:00:02,080 - INFO - [2401-2430/2972] Translating 413 items...
2026-02-03 01:00:08,540 - INFO -   Saved (2430/2972)
2026-02-03 01:00:08,540 - INFO - [2431-2460/2972] Translating 389 items...
2026-02-03 01:00:16,406 - INFO -   Saved (2460/2972)
2026-02-03 01:00:16,407 - INFO - [2461-2490/2972] Translating 379 items...
2026-02-03 01:00:22,597 - INFO -   Saved (2490/2972)
2026-02-03 01:00:22,597 - INFO - [2491-2520/2972] Translating 320 items...
2026-02-03 01:00:31,290 - INFO -   Saved (2520/2972)
2026-02-03 01:00:31,290 - INFO - [2521-2550/2972] Translating 366 items...
2026-02-03 01:00:37,924 - INFO -   Saved (2550/2972)
2026-02-03 01:00:37,925 - INFO - [2551-2580/2972] Translating 403 items...
2026-02-03 01:00:44,458 - INFO -   Saved (2580/2972)
2026-02-03 01:00:44,459 - INFO - [2581-2610/2972] Translating 404 items...
2026-02-03 01:00:51,466 - INFO -   Saved (2610/2972)
2026-02-03 01:00:51,467 - INFO - [2611-2640/2972] Translating 303 items...
2026-02-03 01:00:56,939 - INFO -   Saved (2640/2972)
2026-02-03 01:00:56,940 - INFO - [2641-2670/2972] Translating 372 items...
2026-02-03 01:01:05,170 - INFO -   Saved (2670/2972)
2026-02-03 01:01:05,171 - INFO - [2671-2700/2972] Translating 425 items...
2026-02-03 01:01:13,060 - INFO -   Saved (2700/2972)
2026-02-03 01:01:13,060 - INFO - [2701-2730/2972] Translating 352 items...
2026-02-03 01:01:18,389 - INFO -   Saved (2730/2972)
2026-02-03 01:01:18,390 - INFO - [2731-2760/2972] Translating 469 items...
2026-02-03 01:01:26,458 - INFO -   Saved (2760/2972)
2026-02-03 01:01:26,458 - INFO - [2761-2790/2972] Translating 385 items...
2026-02-03 01:01:31,747 - INFO -   Saved (2790/2972)
2026-02-03 01:01:31,747 - INFO - [2791-2820/2972] Translating 403 items...
2026-02-03 01:01:37,967 - INFO -   Saved (2820/2972)
2026-02-03 01:01:37,967 - INFO - [2821-2850/2972] Translating 318 items...
2026-02-03 01:01:44,234 - INFO -   Saved (2850/2972)
2026-02-03 01:01:44,235 - INFO - [2851-2880/2972] Translating 398 items...
2026-02-03 01:01:51,166 - INFO -   Saved (2880/2972)
2026-02-03 01:01:51,167 - INFO - [2881-2910/2972] Translating 445 items...
2026-02-03 01:01:58,748 - INFO -   Saved (2910/2972)
2026-02-03 01:01:58,749 - INFO - [2911-2940/2972] Translating 352 items...
2026-02-03 01:02:05,771 - INFO -   Saved (2940/2972)
2026-02-03 01:02:05,771 - INFO - [2941-2970/2972] Translating 491 items...
2026-02-03 01:02:12,102 - INFO -   Saved (2970/2972)
2026-02-03 01:02:12,102 - INFO - [2971-2972/2972] Translating 22 items...
2026-02-03 01:02:13,508 - INFO -   Saved (2972/2972)
2026-02-03 01:02:13,716 - INFO - ============================================================
2026-02-03 01:02:13,717 - INFO - C1 complete! Main: 2972, Synonyms: 18911, Examples: 16203
2026-02-03 01:02:13,717 - INFO - ============================================================
2026-02-03 01:02:13,723 - INFO - ============================================================
2026-02-03 01:02:13,723 - INFO - Adding translations to C2
2026-02-03 01:02:13,723 - INFO - ============================================================
2026-02-03 01:02:13,768 - INFO - [1-30/2962] Translating 223 items...
2026-02-03 01:02:20,714 - INFO -   Saved (30/2962)
2026-02-03 01:02:20,715 - INFO - [31-60/2962] Translating 230 items...
2026-02-03 01:02:26,117 - INFO -   Saved (60/2962)
2026-02-03 01:02:26,117 - INFO - [61-90/2962] Translating 250 items...
2026-02-03 01:02:33,678 - INFO -   Saved (90/2962)
2026-02-03 01:02:33,678 - INFO - [91-120/2962] Translating 272 items...
2026-02-03 01:02:40,462 - INFO -   Saved (120/2962)
2026-02-03 01:02:40,462 - INFO - [121-150/2962] Translating 266 items...
2026-02-03 01:02:47,250 - INFO -   Saved (150/2962)
2026-02-03 01:02:47,250 - INFO - [151-180/2962] Translating 203 items...
2026-02-03 01:02:52,755 - INFO -   Saved (180/2962)
2026-02-03 01:02:52,755 - INFO - [181-210/2962] Translating 259 items...
2026-02-03 01:03:01,075 - INFO -   Saved (210/2962)
2026-02-03 01:03:01,076 - INFO - [211-240/2962] Translating 265 items...
2026-02-03 01:03:06,607 - INFO -   Saved (240/2962)
2026-02-03 01:03:06,608 - INFO - [241-270/2962] Translating 264 items...
2026-02-03 01:03:13,299 - INFO -   Saved (270/2962)
2026-02-03 01:03:13,300 - INFO - [271-300/2962] Translating 244 items...
2026-02-03 01:03:19,599 - INFO -   Saved (300/2962)
2026-02-03 01:03:19,600 - INFO - [301-330/2962] Translating 233 items...
2026-02-03 01:03:25,653 - INFO -   Saved (330/2962)
2026-02-03 01:03:25,653 - INFO - [331-360/2962] Translating 203 items...
2026-02-03 01:03:31,626 - INFO -   Saved (360/2962)
2026-02-03 01:03:31,626 - INFO - [361-390/2962] Translating 233 items...
2026-02-03 01:03:36,414 - INFO -   Saved (390/2962)
2026-02-03 01:03:36,414 - INFO - [391-420/2962] Translating 209 items...
2026-02-03 01:03:42,355 - INFO -   Saved (420/2962)
2026-02-03 01:03:42,356 - INFO - [421-450/2962] Translating 232 items...
2026-02-03 01:03:48,535 - INFO -   Saved (450/2962)
2026-02-03 01:03:48,535 - INFO - [451-480/2962] Translating 249 items...
2026-02-03 01:03:53,796 - INFO -   Saved (480/2962)
2026-02-03 01:03:53,797 - INFO - [481-510/2962] Translating 251 items...
2026-02-03 01:03:59,726 - INFO -   Saved (510/2962)
2026-02-03 01:03:59,726 - INFO - [511-540/2962] Translating 252 items...
2026-02-03 01:04:06,131 - INFO -   Saved (540/2962)
2026-02-03 01:04:06,132 - INFO - [541-570/2962] Translating 210 items...
2026-02-03 01:04:11,133 - INFO -   Saved (570/2962)
2026-02-03 01:04:11,134 - INFO - [571-600/2962] Translating 295 items...
2026-02-03 01:04:16,708 - INFO -   Saved (600/2962)
2026-02-03 01:04:16,708 - INFO - [601-630/2962] Translating 295 items...
2026-02-03 01:04:22,874 - INFO -   Saved (630/2962)
2026-02-03 01:04:22,875 - INFO - [631-660/2962] Translating 342 items...
2026-02-03 01:04:29,399 - INFO -   Saved (660/2962)
2026-02-03 01:04:29,399 - INFO - [661-690/2962] Translating 313 items...
2026-02-03 01:04:38,680 - INFO -   Saved (690/2962)
2026-02-03 01:04:38,681 - INFO - [691-720/2962] Translating 303 items...
2026-02-03 01:04:44,423 - INFO -   Saved (720/2962)
2026-02-03 01:04:44,423 - INFO - [721-750/2962] Translating 315 items...
2026-02-03 01:04:52,844 - INFO -   Saved (750/2962)
2026-02-03 01:04:52,845 - INFO - [751-780/2962] Translating 301 items...
2026-02-03 01:04:59,975 - INFO -   Saved (780/2962)
2026-02-03 01:04:59,976 - INFO - [781-810/2962] Translating 260 items...
2026-02-03 01:05:05,672 - INFO -   Saved (810/2962)
2026-02-03 01:05:05,672 - INFO - [811-840/2962] Translating 242 items...
2026-02-03 01:05:09,887 - INFO -   Saved (840/2962)
2026-02-03 01:05:09,888 - INFO - [841-870/2962] Translating 263 items...
2026-02-03 01:05:16,744 - INFO -   Saved (870/2962)
2026-02-03 01:05:16,744 - INFO - [871-900/2962] Translating 241 items...
2026-02-03 01:05:22,699 - INFO -   Saved (900/2962)
2026-02-03 01:05:22,699 - INFO - [901-930/2962] Translating 290 items...
2026-02-03 01:05:29,988 - INFO -   Saved (930/2962)
2026-02-03 01:05:29,988 - INFO - [931-960/2962] Translating 258 items...
2026-02-03 01:05:36,142 - INFO -   Saved (960/2962)
2026-02-03 01:05:36,142 - INFO - [961-990/2962] Translating 235 items...
2026-02-03 01:05:43,451 - INFO -   Saved (990/2962)
2026-02-03 01:05:43,451 - INFO - [991-1020/2962] Translating 270 items...
2026-02-03 01:05:51,573 - INFO -   Saved (1020/2962)
2026-02-03 01:05:51,574 - INFO - [1021-1050/2962] Translating 283 items...
2026-02-03 01:06:00,304 - INFO -   Saved (1050/2962)
2026-02-03 01:06:00,304 - INFO - [1051-1080/2962] Translating 312 items...
2026-02-03 01:06:08,535 - INFO -   Saved (1080/2962)
2026-02-03 01:06:08,535 - INFO - [1081-1110/2962] Translating 272 items...
2026-02-03 01:06:13,753 - INFO -   Saved (1110/2962)
2026-02-03 01:06:13,753 - INFO - [1111-1140/2962] Translating 304 items...
2026-02-03 01:06:18,835 - INFO -   Saved (1140/2962)
2026-02-03 01:06:18,836 - INFO - [1141-1170/2962] Translating 242 items...
2026-02-03 01:06:26,203 - INFO -   Saved (1170/2962)
2026-02-03 01:06:26,204 - INFO - [1171-1200/2962] Translating 303 items...
2026-02-03 01:06:32,726 - INFO -   Saved (1200/2962)
2026-02-03 01:06:32,726 - INFO - [1201-1230/2962] Translating 277 items...
2026-02-03 01:06:39,773 - INFO -   Saved (1230/2962)
2026-02-03 01:06:39,774 - INFO - [1231-1260/2962] Translating 246 items...
2026-02-03 01:06:47,353 - INFO -   Saved (1260/2962)
2026-02-03 01:06:47,353 - INFO - [1261-1290/2962] Translating 270 items...
2026-02-03 01:06:55,967 - INFO -   Saved (1290/2962)
2026-02-03 01:06:55,967 - INFO - [1291-1320/2962] Translating 217 items...
2026-02-03 01:07:02,660 - INFO -   Saved (1320/2962)
2026-02-03 01:07:02,660 - INFO - [1321-1350/2962] Translating 230 items...
2026-02-03 01:07:09,041 - INFO -   Saved (1350/2962)
2026-02-03 01:07:09,041 - INFO - [1351-1380/2962] Translating 278 items...
2026-02-03 01:07:17,685 - INFO -   Saved (1380/2962)
2026-02-03 01:07:17,685 - INFO - [1381-1410/2962] Translating 294 items...
2026-02-03 01:07:24,346 - INFO -   Saved (1410/2962)
2026-02-03 01:07:24,346 - INFO - [1411-1440/2962] Translating 271 items...
2026-02-03 01:07:30,987 - INFO -   Saved (1440/2962)
2026-02-03 01:07:30,988 - INFO - [1441-1470/2962] Translating 233 items...
2026-02-03 01:07:36,913 - INFO -   Saved (1470/2962)
2026-02-03 01:07:36,914 - INFO - [1471-1500/2962] Translating 220 items...
2026-02-03 01:07:45,157 - INFO -   Saved (1500/2962)
2026-02-03 01:07:45,157 - INFO - [1501-1530/2962] Translating 285 items...
2026-02-03 01:07:51,580 - INFO -   Saved (1530/2962)
2026-02-03 01:07:51,580 - INFO - [1531-1560/2962] Translating 296 items...
2026-02-03 01:08:00,354 - INFO -   Saved (1560/2962)
2026-02-03 01:08:00,355 - INFO - [1561-1590/2962] Translating 251 items...
2026-02-03 01:08:06,281 - INFO -   Saved (1590/2962)
2026-02-03 01:08:06,281 - INFO - [1591-1620/2962] Translating 247 items...
2026-02-03 01:08:11,513 - INFO -   Saved (1620/2962)
2026-02-03 01:08:11,513 - INFO - [1621-1650/2962] Translating 252 items...
2026-02-03 01:08:16,375 - INFO -   Saved (1650/2962)
2026-02-03 01:08:16,375 - INFO - [1651-1680/2962] Translating 273 items...
2026-02-03 01:08:23,133 - INFO -   Saved (1680/2962)
2026-02-03 01:08:23,133 - INFO - [1681-1710/2962] Translating 285 items...
2026-02-03 01:08:29,113 - INFO -   Saved (1710/2962)
2026-02-03 01:08:29,113 - INFO - [1711-1740/2962] Translating 321 items...
2026-02-03 01:08:37,999 - INFO -   Saved (1740/2962)
2026-02-03 01:08:37,999 - INFO - [1741-1770/2962] Translating 313 items...
2026-02-03 01:08:44,534 - INFO -   Saved (1770/2962)
2026-02-03 01:08:44,535 - INFO - [1771-1800/2962] Translating 279 items...
2026-02-03 01:08:51,263 - INFO -   Saved (1800/2962)
2026-02-03 01:08:51,263 - INFO - [1801-1830/2962] Translating 320 items...
2026-02-03 01:08:59,964 - INFO -   Saved (1830/2962)
2026-02-03 01:08:59,965 - INFO - [1831-1860/2962] Translating 251 items...
2026-02-03 01:09:05,540 - INFO -   Saved (1860/2962)
2026-02-03 01:09:05,541 - INFO - [1861-1890/2962] Translating 254 items...
2026-02-03 01:09:13,571 - INFO -   Saved (1890/2962)
2026-02-03 01:09:13,571 - INFO - [1891-1920/2962] Translating 240 items...
2026-02-03 01:09:19,919 - INFO -   Saved (1920/2962)
2026-02-03 01:09:19,919 - INFO - [1921-1950/2962] Translating 252 items...
2026-02-03 01:09:29,229 - INFO -   Saved (1950/2962)
2026-02-03 01:09:29,229 - INFO - [1951-1980/2962] Translating 310 items...
2026-02-03 01:09:36,632 - INFO -   Saved (1980/2962)
2026-02-03 01:09:36,633 - INFO - [1981-2010/2962] Translating 223 items...
2026-02-03 01:09:41,464 - INFO -   Saved (2010/2962)
2026-02-03 01:09:41,464 - INFO - [2011-2040/2962] Translating 232 items...
2026-02-03 01:09:48,154 - INFO -   Saved (2040/2962)
2026-02-03 01:09:48,154 - INFO - [2041-2070/2962] Translating 269 items...
2026-02-03 01:09:56,507 - INFO -   Saved (2070/2962)
2026-02-03 01:09:56,507 - INFO - [2071-2100/2962] Translating 234 items...
2026-02-03 01:10:02,427 - INFO -   Saved (2100/2962)
2026-02-03 01:10:02,427 - INFO - [2101-2130/2962] Translating 261 items...
2026-02-03 01:10:10,117 - INFO -   Saved (2130/2962)
2026-02-03 01:10:10,118 - INFO - [2131-2160/2962] Translating 248 items...
2026-02-03 01:10:18,807 - INFO -   Saved (2160/2962)
2026-02-03 01:10:18,807 - INFO - [2161-2190/2962] Translating 346 items...
2026-02-03 01:10:26,304 - INFO -   Saved (2190/2962)
2026-02-03 01:10:26,304 - INFO - [2191-2220/2962] Translating 261 items...
2026-02-03 01:10:36,944 - INFO -   Saved (2220/2962)
2026-02-03 01:10:36,944 - INFO - [2221-2250/2962] Translating 293 items...
2026-02-03 01:10:46,177 - INFO -   Saved (2250/2962)
2026-02-03 01:10:46,178 - INFO - [2251-2280/2962] Translating 245 items...
2026-02-03 01:10:53,628 - INFO -   Saved (2280/2962)
2026-02-03 01:10:53,628 - INFO - [2281-2310/2962] Translating 230 items...
2026-02-03 01:11:01,340 - INFO -   Saved (2310/2962)
2026-02-03 01:11:01,340 - INFO - [2311-2340/2962] Translating 257 items...
2026-02-03 01:11:08,000 - INFO -   Saved (2340/2962)
2026-02-03 01:11:08,000 - INFO - [2341-2370/2962] Translating 249 items...
2026-02-03 01:11:14,019 - INFO -   Saved (2370/2962)
2026-02-03 01:11:14,019 - INFO - [2371-2400/2962] Translating 254 items...
2026-02-03 01:11:20,595 - INFO -   Saved (2400/2962)
2026-02-03 01:11:20,595 - INFO - [2401-2430/2962] Translating 297 items...
2026-02-03 01:11:29,506 - INFO -   Saved (2430/2962)
2026-02-03 01:11:29,507 - INFO - [2431-2460/2962] Translating 222 items...
2026-02-03 01:11:35,304 - INFO -   Saved (2460/2962)
2026-02-03 01:11:35,304 - INFO - [2461-2490/2962] Translating 326 items...
2026-02-03 01:11:40,340 - INFO -   Saved (2490/2962)
2026-02-03 01:11:40,340 - INFO - [2491-2520/2962] Translating 251 items...
2026-02-03 01:11:48,825 - INFO -   Saved (2520/2962)
2026-02-03 01:11:48,825 - INFO - [2521-2550/2962] Translating 252 items...
2026-02-03 01:11:54,168 - INFO -   Saved (2550/2962)
2026-02-03 01:11:54,168 - INFO - [2551-2580/2962] Translating 299 items...
2026-02-03 01:12:06,359 - INFO -   Saved (2580/2962)
2026-02-03 01:12:06,359 - INFO - [2581-2610/2962] Translating 254 items...
2026-02-03 01:12:13,122 - INFO -   Saved (2610/2962)
2026-02-03 01:12:13,122 - INFO - [2611-2640/2962] Translating 228 items...
2026-02-03 01:12:21,210 - INFO -   Saved (2640/2962)
2026-02-03 01:12:21,210 - INFO - [2641-2670/2962] Translating 251 items...
2026-02-03 01:12:28,880 - INFO -   Saved (2670/2962)
2026-02-03 01:12:28,880 - INFO - [2671-2700/2962] Translating 302 items...
2026-02-03 01:12:37,580 - INFO -   Saved (2700/2962)
2026-02-03 01:12:37,581 - INFO - [2701-2730/2962] Translating 335 items...
2026-02-03 01:12:45,973 - INFO -   Saved (2730/2962)
2026-02-03 01:12:45,973 - INFO - [2731-2760/2962] Translating 228 items...
2026-02-03 01:12:51,780 - INFO -   Saved (2760/2962)
2026-02-03 01:12:51,780 - INFO - [2761-2790/2962] Translating 200 items...
2026-02-03 01:12:58,481 - INFO -   Saved (2790/2962)
2026-02-03 01:12:58,482 - INFO - [2791-2820/2962] Translating 264 items...
2026-02-03 01:13:06,617 - INFO -   Saved (2820/2962)
2026-02-03 01:13:06,618 - INFO - [2821-2850/2962] Translating 242 items...
2026-02-03 01:13:14,336 - INFO -   Saved (2850/2962)
2026-02-03 01:13:14,336 - INFO - [2851-2880/2962] Translating 292 items...
2026-02-03 01:13:19,957 - INFO -   Saved (2880/2962)
2026-02-03 01:13:19,957 - INFO - [2881-2910/2962] Translating 230 items...
2026-02-03 01:13:25,803 - INFO -   Saved (2910/2962)
2026-02-03 01:13:25,803 - INFO - [2911-2940/2962] Translating 229 items...
2026-02-03 01:13:31,403 - INFO -   Saved (2940/2962)
2026-02-03 01:13:31,403 - INFO - [2941-2962/2962] Translating 213 items...
2026-02-03 01:13:35,819 - INFO -   Saved (2962/2962)
2026-02-03 01:13:35,979 - INFO - ============================================================
2026-02-03 01:13:35,979 - INFO - C2 complete! Main: 2962, Synonyms: 8049, Examples: 14958
2026-02-03 01:13:35,979 - INFO - ============================================================
2026-02-03 01:13:35,984 - INFO - Translation completed
