2026-02-03 01:50:53,576 - INFO - Translation started - Log file: translation_log_20260203_015053.log
2026-02-03 01:50:53,576 - INFO - ============================================================
2026-02-03 01:50:53,576 - INFO - Adding translations to A1
2026-02-03 01:50:53,576 - INFO - ============================================================
2026-02-03 01:50:53,603 - INFO - [1-30/819] Translating 16 items...
2026-02-03 01:50:54,238 - INFO -   Saved (30/819)
2026-02-03 01:50:54,238 - INFO - [31-60/819] Translating 17 items...
2026-02-03 01:50:54,721 - INFO -   Saved (60/819)
2026-02-03 01:50:54,722 - INFO - [61-90/819] Translating 23 items...
2026-02-03 01:50:55,499 - INFO -   Saved (90/819)
2026-02-03 01:50:55,499 - INFO - [91-120/819] Translating 22 items...
2026-02-03 01:50:56,071 - INFO -   Saved (120/819)
2026-02-03 01:50:56,071 - INFO - [121-150/819] Translating 22 items...
2026-02-03 01:50:56,617 - INFO -   Saved (150/819)
2026-02-03 01:50:56,617 - INFO - [151-180/819] Translating 14 items...
2026-02-03 01:50:58,164 - INFO -   Saved (180/819)
2026-02-03 01:50:58,165 - INFO - [181-210/819] Translating 20 items...
2026-02-03 01:50:58,770 - INFO -   Saved (210/819)
2026-02-03 01:50:58,770 - INFO - [211-240/819] Translating 27 items...
2026-02-03 01:50:59,661 - INFO -   Saved (240/819)
2026-02-03 01:50:59,662 - INFO - [241-270/819] Translating 27 items...
2026-02-03 01:51:00,697 - INFO -   Saved (270/819)
2026-02-03 01:51:00,697 - INFO - [271-300/819] Translating 11 items...
2026-02-03 01:51:01,369 - INFO -   Saved (300/819)
2026-02-03 01:51:01,370 - INFO - [301-330/819] Translating 29 items...
2026-02-03 01:51:01,991 - INFO -   Saved (330/819)
2026-02-03 01:51:01,991 - INFO - [331-360/819] Translating 21 items...
2026-02-03 01:51:02,813 - INFO -   Saved (360/819)
2026-02-03 01:51:02,813 - INFO - [361-390/819] Translating 16 items...
2026-02-03 01:51:03,449 - INFO -   Saved (390/819)
2026-02-03 01:51:03,449 - INFO - [391-420/819] Translating 25 items...
2026-02-03 01:51:04,350 - INFO -   Saved (420/819)
2026-02-03 01:51:04,351 - INFO - [421-450/819] Translating 15 items...
2026-02-03 01:51:04,846 - INFO -   Saved (450/819)
2026-02-03 01:51:04,846 - INFO - [451-480/819] Translating 16 items...
2026-02-03 01:51:05,510 - INFO -   Saved (480/819)
2026-02-03 01:51:05,511 - INFO - [481-510/819] Translating 27 items...
2026-02-03 01:51:06,462 - INFO -   Saved (510/819)
2026-02-03 01:51:06,463 - INFO - [511-540/819] Translating 14 items...
2026-02-03 01:51:06,989 - INFO -   Saved (540/819)
2026-02-03 01:51:06,989 - INFO - [541-570/819] Translating 15 items...
2026-02-03 01:51:07,624 - INFO -   Saved (570/819)
2026-02-03 01:51:07,624 - INFO - [571-600/819] Translating 19 items...
2026-02-03 01:51:08,453 - INFO -   Saved (600/819)
2026-02-03 01:51:08,454 - INFO - [601-630/819] Translating 15 items...
2026-02-03 01:51:09,126 - INFO -   Saved (630/819)
2026-02-03 01:51:09,126 - INFO - [631-660/819] Translating 22 items...
2026-02-03 01:51:09,868 - INFO -   Saved (660/819)
2026-02-03 01:51:09,868 - INFO - [661-690/819] Translating 29 items...
2026-02-03 01:51:10,387 - INFO -   Saved (690/819)
2026-02-03 01:51:10,388 - INFO - [691-720/819] Translating 25 items...
2026-02-03 01:51:10,878 - INFO -   Saved (720/819)
2026-02-03 01:51:10,879 - INFO - [721-750/819] Translating 28 items...
2026-02-03 01:51:11,720 - INFO -   Saved (750/819)
2026-02-03 01:51:11,720 - INFO - [751-780/819] Translating 14 items...
2026-02-03 01:51:12,253 - INFO -   Saved (780/819)
2026-02-03 01:51:12,254 - INFO - [781-810/819] Translating 11 items...
2026-02-03 01:51:13,070 - INFO -   Saved (810/819)
2026-02-03 01:51:13,070 - INFO - [811-819/819] Translating 7 items...
2026-02-03 01:51:13,706 - INFO -   Saved (819/819)
2026-02-03 01:51:13,803 - INFO - ============================================================
2026-02-03 01:51:13,803 - INFO - A1 complete! Main: 59, Synonyms: 488, Examples: 0
2026-02-03 01:51:13,803 - INFO - ============================================================
2026-02-03 01:51:13,805 - INFO - ============================================================
2026-02-03 01:51:13,805 - INFO - Adding translations to A2
2026-02-03 01:51:13,805 - INFO - ============================================================
2026-02-03 01:51:13,821 - INFO - [1-30/616] Translating 22 items...
2026-02-03 01:51:14,550 - INFO -   Saved (30/616)
2026-02-03 01:51:14,550 - INFO - [31-60/616] Translating 13 items...
2026-02-03 01:51:15,021 - INFO -   Saved (60/616)
2026-02-03 01:51:15,022 - INFO - [61-90/616] Translating 27 items...
2026-02-03 01:51:15,819 - INFO -   Saved (90/616)
2026-02-03 01:51:15,819 - INFO - [91-120/616] Translating 24 items...
2026-02-03 01:51:16,415 - INFO -   Saved (120/616)
2026-02-03 01:51:16,415 - INFO - [121-150/616] Translating 17 items...
2026-02-03 01:51:16,880 - INFO -   Saved (150/616)
2026-02-03 01:51:16,880 - INFO - [151-180/616] Translating 19 items...
2026-02-03 01:51:17,355 - INFO -   Saved (180/616)
2026-02-03 01:51:17,355 - INFO - [181-210/616] Translating 29 items...
2026-02-03 01:51:18,456 - INFO -   Saved (210/616)
2026-02-03 01:51:18,457 - INFO - [211-240/616] Translating 12 items...
2026-02-03 01:51:19,003 - INFO -   Saved (240/616)
2026-02-03 01:51:19,003 - INFO - [241-270/616] Translating 12 items...
2026-02-03 01:51:19,638 - INFO -   Saved (270/616)
2026-02-03 01:51:19,638 - INFO - [271-300/616] Translating 17 items...
2026-02-03 01:51:20,402 - INFO -   Saved (300/616)
2026-02-03 01:51:20,403 - INFO - [301-330/616] Translating 15 items...
2026-02-03 01:51:20,965 - INFO -   Saved (330/616)
2026-02-03 01:51:20,965 - INFO - [331-360/616] Translating 18 items...
2026-02-03 01:51:21,457 - INFO -   Saved (360/616)
2026-02-03 01:51:21,457 - INFO - [361-390/616] Translating 27 items...
2026-02-03 01:51:22,042 - INFO -   Saved (390/616)
2026-02-03 01:51:22,042 - INFO - [391-420/616] Translating 27 items...
2026-02-03 01:51:22,829 - INFO -   Saved (420/616)
2026-02-03 01:51:22,829 - INFO - [421-450/616] Translating 20 items...
2026-02-03 01:51:24,317 - INFO -   Saved (450/616)
2026-02-03 01:51:24,317 - INFO - [451-480/616] Translating 25 items...
2026-02-03 01:51:25,110 - INFO -   Saved (480/616)
2026-02-03 01:51:25,111 - INFO - [481-510/616] Translating 18 items...
2026-02-03 01:51:25,783 - INFO -   Saved (510/616)
2026-02-03 01:51:25,783 - INFO - [511-540/616] Translating 31 items...
2026-02-03 01:51:26,717 - INFO -   Saved (540/616)
2026-02-03 01:51:26,718 - INFO - [541-570/616] Translating 30 items...
2026-02-03 01:51:27,267 - INFO -   Saved (570/616)
2026-02-03 01:51:27,268 - INFO - [571-600/616] Translating 21 items...
2026-02-03 01:51:27,811 - INFO -   Saved (600/616)
2026-02-03 01:51:27,812 - INFO - [601-616/616] Translating 11 items...
2026-02-03 01:51:28,768 - INFO -   Saved (616/616)
2026-02-03 01:51:28,838 - INFO - ============================================================
2026-02-03 01:51:28,838 - INFO - A2 complete! Main: 53, Synonyms: 382, Examples: 0
2026-02-03 01:51:28,838 - INFO - ============================================================
2026-02-03 01:51:28,839 - INFO - ============================================================
2026-02-03 01:51:28,840 - INFO - Adding translations to B1
2026-02-03 01:51:28,840 - INFO - ============================================================
2026-02-03 01:51:28,900 - INFO - [1-30/2497] Translating 25 items...
2026-02-03 01:51:29,526 - INFO -   Saved (30/2497)
2026-02-03 01:51:29,526 - INFO - [31-60/2497] Translating 39 items...
2026-02-03 01:51:30,409 - INFO -   Saved (60/2497)
2026-02-03 01:51:30,409 - INFO - [61-90/2497] Translating 32 items...
2026-02-03 01:51:31,108 - INFO -   Saved (90/2497)
2026-02-03 01:51:31,108 - INFO - [91-120/2497] Translating 18 items...
2026-02-03 01:51:31,841 - INFO -   Saved (120/2497)
2026-02-03 01:51:31,841 - INFO - [121-150/2497] Translating 36 items...
2026-02-03 01:51:32,518 - INFO -   Saved (150/2497)
2026-02-03 01:51:32,519 - INFO - [151-180/2497] Translating 20 items...
2026-02-03 01:51:33,265 - INFO -   Saved (180/2497)
2026-02-03 01:51:33,265 - INFO - [181-210/2497] Translating 29 items...
2026-02-03 01:51:33,919 - INFO -   Saved (210/2497)
2026-02-03 01:51:33,919 - INFO - [211-240/2497] Translating 30 items...
2026-02-03 01:51:34,654 - INFO -   Saved (240/2497)
2026-02-03 01:51:34,654 - INFO - [241-270/2497] Translating 23 items...
2026-02-03 01:51:35,393 - INFO -   Saved (270/2497)
2026-02-03 01:51:35,394 - INFO - [271-300/2497] Translating 19 items...
2026-02-03 01:51:36,168 - INFO -   Saved (300/2497)
2026-02-03 01:51:36,168 - INFO - [301-330/2497] Translating 32 items...
2026-02-03 01:51:36,810 - INFO -   Saved (330/2497)
2026-02-03 01:51:36,810 - INFO - [331-360/2497] Translating 30 items...
2026-02-03 01:51:37,450 - INFO -   Saved (360/2497)
2026-02-03 01:51:37,450 - INFO - [361-390/2497] Translating 29 items...
2026-02-03 01:51:38,484 - INFO -   Saved (390/2497)
2026-02-03 01:51:38,485 - INFO - [391-420/2497] Translating 37 items...
2026-02-03 01:51:39,292 - INFO -   Saved (420/2497)
2026-02-03 01:51:39,292 - INFO - [421-450/2497] Translating 18 items...
2026-02-03 01:51:41,046 - INFO -   Saved (450/2497)
2026-02-03 01:51:41,046 - INFO - [451-480/2497] Translating 30 items...
2026-02-03 01:51:41,798 - INFO -   Saved (480/2497)
2026-02-03 01:51:41,798 - INFO - [481-510/2497] Translating 30 items...
2026-02-03 01:51:42,844 - INFO -   Saved (510/2497)
2026-02-03 01:51:42,845 - INFO - [511-540/2497] Translating 28 items...
2026-02-03 01:51:43,614 - INFO -   Saved (540/2497)
2026-02-03 01:51:43,614 - INFO - [541-570/2497] Translating 27 items...
2026-02-03 01:51:44,519 - INFO -   Saved (570/2497)
2026-02-03 01:51:44,520 - INFO - [571-600/2497] Translating 25 items...
2026-02-03 01:51:45,161 - INFO -   Saved (600/2497)
2026-02-03 01:51:45,161 - INFO - [601-630/2497] Translating 18 items...
2026-02-03 01:51:45,948 - INFO -   Saved (630/2497)
2026-02-03 01:51:45,948 - INFO - [631-660/2497] Translating 28 items...
2026-02-03 01:51:46,620 - INFO -   Saved (660/2497)
2026-02-03 01:51:46,620 - INFO - [661-690/2497] Translating 22 items...
2026-02-03 01:51:47,347 - INFO -   Saved (690/2497)
2026-02-03 01:51:47,348 - INFO - [691-720/2497] Translating 30 items...
2026-02-03 01:51:48,308 - INFO -   Saved (720/2497)
2026-02-03 01:51:48,308 - INFO - [721-750/2497] Translating 40 items...
2026-02-03 01:51:49,106 - INFO -   Saved (750/2497)
2026-02-03 01:51:49,106 - INFO - [751-780/2497] Translating 32 items...
2026-02-03 01:51:50,349 - INFO -   Saved (780/2497)
2026-02-03 01:51:50,349 - INFO - [781-810/2497] Translating 17 items...
2026-02-03 01:51:50,993 - INFO -   Saved (810/2497)
2026-02-03 01:51:50,993 - INFO - [811-840/2497] Translating 33 items...
2026-02-03 01:51:52,005 - INFO -   Saved (840/2497)
2026-02-03 01:51:52,006 - INFO - [841-870/2497] Translating 31 items...
2026-02-03 01:51:52,784 - INFO -   Saved (870/2497)
2026-02-03 01:51:52,785 - INFO - [871-900/2497] Translating 21 items...
2026-02-03 01:51:53,513 - INFO -   Saved (900/2497)
2026-02-03 01:51:53,513 - INFO - [901-930/2497] Translating 22 items...
2026-02-03 01:51:54,140 - INFO -   Saved (930/2497)
2026-02-03 01:51:54,140 - INFO - [931-960/2497] Translating 20 items...
2026-02-03 01:51:54,762 - INFO -   Saved (960/2497)
2026-02-03 01:51:54,762 - INFO - [961-990/2497] Translating 29 items...
2026-02-03 01:51:55,704 - INFO -   Saved (990/2497)
2026-02-03 01:51:55,704 - INFO - [991-1020/2497] Translating 25 items...
2026-02-03 01:51:56,428 - INFO -   Saved (1020/2497)
2026-02-03 01:51:56,428 - INFO - [1021-1050/2497] Translating 27 items...
2026-02-03 01:51:57,284 - INFO -   Saved (1050/2497)
2026-02-03 01:51:57,284 - INFO - [1051-1080/2497] Translating 20 items...
2026-02-03 01:51:57,967 - INFO -   Saved (1080/2497)
2026-02-03 01:51:57,968 - INFO - [1081-1110/2497] Translating 25 items...
2026-02-03 01:51:58,802 - INFO -   Saved (1110/2497)
2026-02-03 01:51:58,802 - INFO - [1111-1140/2497] Translating 25 items...
2026-02-03 01:51:59,549 - INFO -   Saved (1140/2497)
2026-02-03 01:51:59,549 - INFO - [1141-1170/2497] Translating 32 items...
2026-02-03 01:52:00,504 - INFO -   Saved (1170/2497)
2026-02-03 01:52:00,504 - INFO - [1171-1200/2497] Translating 26 items...
2026-02-03 01:52:01,164 - INFO -   Saved (1200/2497)
2026-02-03 01:52:01,164 - INFO - [1201-1230/2497] Translating 22 items...
2026-02-03 01:52:01,800 - INFO -   Saved (1230/2497)
2026-02-03 01:52:01,800 - INFO - [1231-1260/2497] Translating 24 items...
2026-02-03 01:52:02,586 - INFO -   Saved (1260/2497)
2026-02-03 01:52:02,586 - INFO - [1261-1290/2497] Translating 30 items...
2026-02-03 01:52:03,340 - INFO -   Saved (1290/2497)
2026-02-03 01:52:03,340 - INFO - [1291-1320/2497] Translating 20 items...
2026-02-03 01:52:03,956 - INFO -   Saved (1320/2497)
2026-02-03 01:52:03,957 - INFO - [1321-1350/2497] Translating 34 items...
2026-02-03 01:52:04,638 - INFO -   Saved (1350/2497)
2026-02-03 01:52:04,638 - INFO - [1351-1380/2497] Translating 21 items...
2026-02-03 01:52:05,254 - INFO -   Saved (1380/2497)
2026-02-03 01:52:05,255 - INFO - [1381-1410/2497] Translating 28 items...
2026-02-03 01:52:06,137 - INFO -   Saved (1410/2497)
2026-02-03 01:52:06,137 - INFO - [1411-1440/2497] Translating 35 items...
