2026-02-03 00:31:44,532 - INFO - Translation started - Log file: translation_log_20260203_003144.log
2026-02-03 00:31:44,532 - INFO - ============================================================
2026-02-03 00:31:44,532 - INFO - Adding translations to A1
2026-02-03 00:31:44,532 - INFO - ============================================================
2026-02-03 00:31:44,557 - INFO - [1-30/819] Translating 16 items...
2026-02-03 00:31:45,468 - INFO -   Saved (30/819)
2026-02-03 00:31:45,469 - INFO - [31-60/819] Translating 17 items...
2026-02-03 00:31:46,299 - INFO -   Saved (60/819)
2026-02-03 00:31:46,299 - INFO - [61-90/819] Translating 23 items...
2026-02-03 00:31:47,091 - INFO -   Saved (90/819)
2026-02-03 00:31:47,091 - INFO - [91-120/819] Translating 22 items...
2026-02-03 00:31:48,021 - INFO -   Saved (120/819)
2026-02-03 00:31:48,021 - INFO - [121-150/819] Translating 22 items...
2026-02-03 00:31:48,892 - INFO -   Saved (150/819)
2026-02-03 00:31:48,893 - INFO - [151-180/819] Translating 14 items...
2026-02-03 00:31:49,544 - INFO -   Saved (180/819)
2026-02-03 00:31:49,544 - INFO - [181-210/819] Translating 20 items...
2026-02-03 00:31:51,729 - INFO -   Saved (210/819)
2026-02-03 00:31:51,729 - INFO - [211-240/819] Translating 27 items...
2026-02-03 00:31:52,606 - INFO -   Saved (240/819)
2026-02-03 00:31:52,606 - INFO - [241-270/819] Translating 27 items...
2026-02-03 00:31:53,658 - INFO -   Saved (270/819)
2026-02-03 00:31:53,658 - INFO - [271-300/819] Translating 11 items...
2026-02-03 00:31:54,523 - INFO -   Saved (300/819)
2026-02-03 00:31:54,523 - INFO - [301-330/819] Translating 29 items...
2026-02-03 00:31:55,848 - INFO -   Saved (330/819)
2026-02-03 00:31:55,848 - INFO - [331-360/819] Translating 21 items...
2026-02-03 00:31:56,707 - INFO -   Saved (360/819)
2026-02-03 00:31:56,707 - INFO - [361-390/819] Translating 16 items...
2026-02-03 00:31:57,679 - INFO -   Saved (390/819)
2026-02-03 00:31:57,680 - INFO - [391-420/819] Translating 25 items...
2026-02-03 00:31:58,608 - INFO -   Saved (420/819)
2026-02-03 00:31:58,608 - INFO - [421-450/819] Translating 15 items...
2026-02-03 00:31:59,388 - INFO -   Saved (450/819)
2026-02-03 00:31:59,388 - INFO - [451-480/819] Translating 16 items...
2026-02-03 00:32:00,525 - INFO -   Saved (480/819)
2026-02-03 00:32:00,525 - INFO - [481-510/819] Translating 27 items...
2026-02-03 00:32:01,342 - INFO -   Saved (510/819)
2026-02-03 00:32:01,343 - INFO - [511-540/819] Translating 14 items...
2026-02-03 00:32:02,310 - INFO -   Saved (540/819)
2026-02-03 00:32:02,310 - INFO - [541-570/819] Translating 15 items...
2026-02-03 00:32:03,231 - INFO -   Saved (570/819)
2026-02-03 00:32:03,232 - INFO - [571-600/819] Translating 19 items...
2026-02-03 00:32:03,830 - INFO -   Saved (600/819)
2026-02-03 00:32:03,830 - INFO - [601-630/819] Translating 15 items...
2026-02-03 00:32:04,830 - INFO -   Saved (630/819)
2026-02-03 00:32:04,831 - INFO - [631-660/819] Translating 22 items...
2026-02-03 00:32:05,820 - INFO -   Saved (660/819)
2026-02-03 00:32:05,821 - INFO - [661-690/819] Translating 29 items...
2026-02-03 00:32:06,684 - INFO -   Saved (690/819)
2026-02-03 00:32:06,684 - INFO - [691-720/819] Translating 25 items...
