
============================================================
Updating Wortzerlegung for A1
Batch size: 10, Workers: 5
============================================================

[1-10/819] Processing batch... ✓ 3 updated
[11-20/819] Processing batch... ✓ 4 updated
[21-30/819] Processing batch... ✓ 1 updated
[31-40/819] Processing batch... ✓ 4 updated
[41-50/819] Processing batch... ✓ 5 updated
[51-60/819] Processing batch... ✓ 3 updated
[61-70/819] Processing batch... ✓ 2 updated
[71-80/819] Processing batch... ✓ 2 updated
[81-90/819] Processing batch... ✓ 2 updated
[91-100/819] Processing batch... ✓ 1 updated
[101-110/819] Processing batch... ✓ 4 updated
[111-120/819] Processing batch... ✓ 3 updated
[121-130/819] Processing batch... ✓ 3 updated
[131-140/819] Processing batch... ✓ 3 updated
[141-150/819] Processing batch... ✓ 4 updated
[151-160/819] Processing batch... ✓ 3 updated
[161-170/819] Processing batch... ✓ 3 updated
[171-180/819] Processing batch... ✓ 3 updated
[181-190/819] Processing batch... ✓ 2 updated
[191-200/819] Processing batch... ✓ 4 updated
[201-210/819] Processing batch... ✓ 1 updated
[211-220/819] Processing batch... ✓ 2 updated
[221-230/819] Processing batch... ✓ 6 updated
[231-240/819] Processing batch... ✓ 4 updated
[241-250/819] Processing batch... ✓ 1 updated
[251-260/819] Processing batch... ✓ 2 updated
[261-270/819] Processing batch... ✓ 2 updated
[271-280/819] Processing batch... ✓ 2 updated
[281-290/819] Processing batch... ✓ 4 updated
[291-300/819] Processing batch... ✓ 4 updated
[301-310/819] Processing batch... ✓ 3 updated
[311-320/819] Processing batch... ✓ 4 updated
[321-330/819] Processing batch... ✓ 3 updated
[331-340/819] Processing batch... ✓ 3 updated
[341-350/819] Processing batch... ✓ 0 updated
[351-360/819] Processing batch... ✓ 2 updated
[361-370/819] Processing batch... ✓ 2 updated
[371-380/819] Processing batch... ✓ 1 updated
[381-390/819] Processing batch... ✓ 4 updated
[391-400/819] Processing batch... ✓ 3 updated
[401-410/819] Processing batch... ✓ 3 updated
[411-420/819] Processing batch... ✓ 0 updated
[421-430/819] Processing batch... ✓ 3 updated
[431-440/819] Processing batch... ✓ 3 updated
[441-450/819] Processing batch... ✓ 3 updated
[451-460/819] Processing batch... ✓ 0 updated
[461-470/819] Processing batch... ✓ 1 updated
[471-480/819] Processing batch... ✓ 1 updated
[481-490/819] Processing batch... ✓ 0 updated
[491-500/819] Processing batch... ✓ 3 updated
[501-510/819] Processing batch... ✓ 0 updated
[511-520/819] Processing batch... ✓ 1 updated
[521-530/819] Processing batch... ✓ 2 updated
[531-540/819] Processing batch... ✓ 2 updated
[541-550/819] Processing batch... ✓ 3 updated
[551-560/819] Processing batch... ✓ 2 updated
[561-570/819] Processing batch... ✓ 4 updated
[571-580/819] Processing batch... ✓ 3 updated
[581-590/819] Processing batch... ✓ 3 updated
[591-600/819] Processing batch... ✓ 2 updated
[601-610/819] Processing batch... ✓ 3 updated
[611-620/819] Processing batch... ✓ 2 updated
[621-630/819] Processing batch... ✓ 5 updated
[631-640/819] Processing batch... ✓ 4 updated
[641-650/819] Processing batch... ✓ 4 updated
[651-660/819] Processing batch... ✓ 1 updated
[661-670/819] Processing batch... ✓ 4 updated
[671-680/819] Processing batch... ✓ 2 updated
[681-690/819] Processing batch... ✓ 1 updated
[691-700/819] Processing batch... ✓ 1 updated
[701-710/819] Processing batch... ✓ 4 updated
[711-720/819] Processing batch... ✓ 3 updated
[721-730/819] Processing batch... ✓ 5 updated
[731-740/819] Processing batch... ✓ 2 updated
[741-750/819] Processing batch... ✓ 1 updated
[751-760/819] Processing batch... ✓ 4 updated
[761-770/819] Processing batch... ✓ 1 updated
[771-780/819] Processing batch... ✓ 1 updated
[781-790/819] Processing batch... ✓ 1 updated
[791-800/819] Processing batch... ✓ 4 updated
[801-810/819] Processing batch... ✓ 1 updated
[811-819/819] Processing batch... ✓ 2 updated

============================================================
✅ A1 complete! Updated 207/819 words
============================================================


============================================================
Updating Wortzerlegung for A2
Batch size: 10, Workers: 5
============================================================

[1-10/616] Processing batch... ✓ 0 updated
[11-20/616] Processing batch... ✓ 1 updated
[21-30/616] Processing batch... ✓ 5 updated
[31-40/616] Processing batch... ✓ 4 updated
[41-50/616] Processing batch... ✓ 1 updated
[51-60/616] Processing batch... ✓ 3 updated
[61-70/616] Processing batch... ✓ 1 updated
[71-80/616] Processing batch... ✓ 1 updated
[81-90/616] Processing batch... ✓ 2 updated
[91-100/616] Processing batch... ✓ 2 updated
[101-110/616] Processing batch... ✓ 3 updated
[111-120/616] Processing batch... ✓ 4 updated
[121-130/616] Processing batch... ✓ 2 updated
[131-140/616] Processing batch... ✓ 3 updated
[141-150/616] Processing batch... ✓ 3 updated
[151-160/616] Processing batch... ✓ 4 updated
[161-170/616] Processing batch... ✓ 3 updated
[171-180/616] Processing batch... ✓ 3 updated
[181-190/616] Processing batch... ✓ 3 updated
[191-200/616] Processing batch... ✓ 2 updated
[201-210/616] Processing batch... ✓ 2 updated
[211-220/616] Processing batch... ✓ 5 updated
[221-230/616] Processing batch... ✓ 2 updated
[231-240/616] Processing batch... ✓ 2 updated
[241-250/616] Processing batch... ✓ 6 updated
[251-260/616] Processing batch... ✓ 4 updated
[261-270/616] Processing batch... ✓ 4 updated
[271-280/616] Processing batch... ✓ 4 updated
[281-290/616] Processing batch... ✓ 5 updated
[291-300/616] Processing batch... ✓ 4 updated
[301-310/616] Processing batch... ✓ 5 updated
[311-320/616] Processing batch... ✓ 5 updated
[321-330/616] Processing batch... ✓ 3 updated
[331-340/616] Processing batch... ✓ 4 updated
[341-350/616] Processing batch... ✓ 3 updated
[351-360/616] Processing batch... ✓ 5 updated
[361-370/616] Processing batch... ✓ 3 updated
[371-380/616] Processing batch... ✓ 4 updated
[381-390/616] Processing batch... ✓ 4 updated
[391-400/616] Processing batch... ✓ 1 updated
[401-410/616] Processing batch... ✓ 0 updated
[411-420/616] Processing batch... ✓ 5 updated
[421-430/616] Processing batch... ✓ 3 updated
[431-440/616] Processing batch... ✓ 6 updated
[441-450/616] Processing batch... ✓ 4 updated
[451-460/616] Processing batch... ✓ 6 updated
[461-470/616] Processing batch... ✓ 2 updated
[471-480/616] Processing batch... ✓ 4 updated
[481-490/616] Processing batch... ✓ 3 updated
[491-500/616] Processing batch... ✓ 6 updated
[501-510/616] Processing batch... ✓ 3 updated
[511-520/616] Processing batch... ✓ 1 updated
[521-530/616] Processing batch... ✓ 0 updated
[531-540/616] Processing batch... ✓ 4 updated
[541-550/616] Processing batch... ✓ 5 updated
[551-560/616] Processing batch... ✓ 2 updated
[561-570/616] Processing batch... ✓ 5 updated
[571-580/616] Processing batch... ✓ 3 updated
[581-590/616] Processing batch... ✓ 2 updated
[591-600/616] Processing batch... ✓ 2 updated
[601-610/616] Processing batch... ✓ 4 updated
[611-616/616] Processing batch... ✓ 2 updated

============================================================
✅ A2 complete! Updated 197/616 words
============================================================


============================================================
Updating Wortzerlegung for B1
Batch size: 10, Workers: 5
============================================================

[1-10/2497] Processing batch... ✓ 7 updated
[11-20/2497] Processing batch... ✓ 6 updated
[21-30/2497] Processing batch... ✓ 4 updated
[31-40/2497] Processing batch... ✓ 2 updated
[41-50/2497] Processing batch... ✓ 4 updated
[51-60/2497] Processing batch... ✓ 4 updated
[61-70/2497] Processing batch... ✓ 3 updated
[71-80/2497] Processing batch... ✓ 5 updated
[81-90/2497] Processing batch... ✓ 5 updated
[91-100/2497] Processing batch... ✓ 6 updated
[101-110/2497] Processing batch... ✓ 5 updated
[111-120/2497] Processing batch... ✓ 5 updated
[121-130/2497] Processing batch... ✓ 7 updated
[131-140/2497] Processing batch... ✓ 5 updated
[141-150/2497] Processing batch... ✓ 3 updated
[151-160/2497] Processing batch... ✓ 6 updated
[161-170/2497] Processing batch... ✓ 8 updated
[171-180/2497] Processing batch... ✓ 4 updated
[181-190/2497] Processing batch... ✓ 5 updated
[191-200/2497] Processing batch... ✓ 7 updated
[201-210/2497] Processing batch... ✓ 4 updated
[211-220/2497] Processing batch... ✓ 2 updated
[221-230/2497] Processing batch... ✓ 5 updated
[231-240/2497] Processing batch... ✓ 9 updated
[241-250/2497] Processing batch... ✓ 4 updated
[251-260/2497] Processing batch... ✓ 6 updated
[261-270/2497] Processing batch... ✓ 3 updated
[271-280/2497] Processing batch... ✓ 5 updated
[281-290/2497] Processing batch... ✓ 2 updated
[291-300/2497] Processing batch... ✓ 6 updated
[301-310/2497] Processing batch... ✓ 5 updated
[311-320/2497] Processing batch... ✓ 6 updated
[321-330/2497] Processing batch... ✓ 2 updated
[331-340/2497] Processing batch... ✓ 7 updated
[341-350/2497] Processing batch... ✓ 3 updated
[351-360/2497] Processing batch... ✓ 5 updated
[361-370/2497] Processing batch... ✓ 7 updated
[371-380/2497] Processing batch... ✓ 5 updated
[381-390/2497] Processing batch... ✓ 5 updated
[391-400/2497] Processing batch... ✓ 2 updated
[401-410/2497] Processing batch... ✓ 3 updated
[411-420/2497] Processing batch... ✓ 3 updated
[421-430/2497] Processing batch... ✓ 5 updated
[431-440/2497] Processing batch... ✓ 5 updated
[441-450/2497] Processing batch... ✓ 5 updated
[451-460/2497] Processing batch... ✓ 5 updated
[461-470/2497] Processing batch... ✓ 5 updated
[471-480/2497] Processing batch... ✓ 2 updated
[481-490/2497] Processing batch... ✓ 2 updated
[491-500/2497] Processing batch... ✓ 3 updated
[501-510/2497] Processing batch... ✓ 2 updated
[511-520/2497] Processing batch... ✓ 2 updated
[521-530/2497] Processing batch... ✓ 4 updated
[531-540/2497] Processing batch... ✓ 7 updated
[541-550/2497] Processing batch... ✓ 6 updated
[551-560/2497] Processing batch... ✓ 6 updated
[561-570/2497] Processing batch... ✓ 3 updated
[571-580/2497] Processing batch... ✓ 3 updated
[581-590/2497] Processing batch... ✓ 6 updated
[591-600/2497] Processing batch... ✓ 5 updated
[601-610/2497] Processing batch... ✓ 5 updated
[611-620/2497] Processing batch... ✓ 6 updated
[621-630/2497] Processing batch... ✓ 5 updated
[631-640/2497] Processing batch... ✓ 4 updated
[641-650/2497] Processing batch... ✓ 7 updated
[651-660/2497] Processing batch... ✓ 4 updated
[661-670/2497] Processing batch... ✓ 5 updated
[671-680/2497] Processing batch... ✓ 6 updated
[681-690/2497] Processing batch... ✓ 5 updated
[691-700/2497] Processing batch... ✓ 4 updated
[701-710/2497] Processing batch... ✓ 3 updated
[711-720/2497] Processing batch... ✓ 5 updated
[721-730/2497] Processing batch... ✓ 5 updated
[731-740/2497] Processing batch... ✓ 6 updated
[741-750/2497] Processing batch... ✓ 4 updated
[751-760/2497] Processing batch... ✓ 1 updated
[761-770/2497] Processing batch... ✓ 6 updated
[771-780/2497] Processing batch... ✓ 4 updated
[781-790/2497] Processing batch... ✓ 3 updated
[791-800/2497] Processing batch... ✓ 5 updated
[801-810/2497] Processing batch... ✓ 4 updated
[811-820/2497] Processing batch... ✓ 4 updated
[821-830/2497] Processing batch... ✓ 6 updated
[831-840/2497] Processing batch... ✓ 6 updated
[841-850/2497] Processing batch... ✓ 5 updated
[851-860/2497] Processing batch... ✓ 3 updated
[861-870/2497] Processing batch... ✓ 2 updated
[871-880/2497] Processing batch... ✓ 4 updated
[881-890/2497] Processing batch... ✓ 5 updated
[891-900/2497] Processing batch... ✓ 5 updated
[901-910/2497] Processing batch... ✓ 7 updated
[911-920/2497] Processing batch... ✓ 3 updated
[921-930/2497] Processing batch... ✓ 6 updated
[931-940/2497] Processing batch... ✓ 4 updated
[941-950/2497] Processing batch... ✓ 6 updated
[951-960/2497] Processing batch... ✓ 8 updated
[961-970/2497] Processing batch... ✓ 2 updated
[971-980/2497] Processing batch... ✓ 4 updated
[981-990/2497] Processing batch... ✓ 7 updated
[991-1000/2497] Processing batch... ✓ 3 updated
[1001-1010/2497] Processing batch... ✓ 6 updated
[1011-1020/2497] Processing batch... ✓ 6 updated
[1021-1030/2497] Processing batch... ✓ 5 updated
[1031-1040/2497] Processing batch... ✓ 3 updated
[1041-1050/2497] Processing batch... ✓ 3 updated
[1051-1060/2497] Processing batch... ✓ 6 updated
[1061-1070/2497] Processing batch... ✓ 5 updated
[1071-1080/2497] Processing batch... ✓ 2 updated
[1081-1090/2497] Processing batch... ✓ 6 updated
[1091-1100/2497] Processing batch... ✓ 5 updated
[1101-1110/2497] Processing batch... ✓ 5 updated
[1111-1120/2497] Processing batch... ✓ 4 updated
[1121-1130/2497] Processing batch... ✓ 5 updated
[1131-1140/2497] Processing batch... ✓ 4 updated
[1141-1150/2497] Processing batch... ✓ 8 updated
[1151-1160/2497] Processing batch... ✓ 6 updated
[1161-1170/2497] Processing batch... ✓ 5 updated
[1171-1180/2497] Processing batch... ✓ 5 updated
[1181-1190/2497] Processing batch... ✓ 6 updated
[1191-1200/2497] Processing batch... ✓ 5 updated
[1201-1210/2497] Processing batch... ✓ 5 updated
[1211-1220/2497] Processing batch... ✓ 6 updated
[1221-1230/2497] Processing batch... ✓ 5 updated
[1231-1240/2497] Processing batch... ✓ 5 updated
[1241-1250/2497] Processing batch... ✓ 5 updated
[1251-1260/2497] Processing batch... ✓ 6 updated
[1261-1270/2497] Processing batch... ✓ 3 updated
[1271-1280/2497] Processing batch... ✓ 5 updated
[1281-1290/2497] Processing batch... ✓ 3 updated
[1291-1300/2497] Processing batch... ✓ 6 updated
[1301-1310/2497] Processing batch... ✓ 5 updated
[1311-1320/2497] Processing batch... ✓ 6 updated
[1321-1330/2497] Processing batch... ✓ 4 updated
[1331-1340/2497] Processing batch... ✓ 3 updated
[1341-1350/2497] Processing batch... ✓ 6 updated
[1351-1360/2497] Processing batch... ✓ 3 updated
[1361-1370/2497] Processing batch... ✓ 5 updated
[1371-1380/2497] Processing batch... ✓ 5 updated
[1381-1390/2497] Processing batch... ✓ 6 updated
[1391-1400/2497] Processing batch... ✓ 3 updated
[1401-1410/2497] Processing batch... ✓ 8 updated
[1411-1420/2497] Processing batch... ✓ 3 updated
[1421-1430/2497] Processing batch... ✓ 7 updated
[1431-1440/2497] Processing batch... ✓ 5 updated
[1441-1450/2497] Processing batch... ✓ 7 updated
[1451-1460/2497] Processing batch... ✓ 5 updated
[1461-1470/2497] Processing batch... ✓ 3 updated
[1471-1480/2497] Processing batch... ✓ 6 updated
[1481-1490/2497] Processing batch... ✓ 7 updated
[1491-1500/2497] Processing batch... ✓ 5 updated
[1501-1510/2497] Processing batch... ✓ 4 updated
[1511-1520/2497] Processing batch... ✓ 5 updated
[1521-1530/2497] Processing batch... ✓ 5 updated
[1531-1540/2497] Processing batch... ✓ 3 updated
[1541-1550/2497] Processing batch... ✓ 4 updated
[1551-1560/2497] Processing batch... ✓ 3 updated
[1561-1570/2497] Processing batch... ✓ 5 updated
[1571-1580/2497] Processing batch... ✓ 3 updated
[1581-1590/2497] Processing batch... ✓ 5 updated
[1591-1600/2497] Processing batch... ✓ 5 updated
[1601-1610/2497] Processing batch... ✓ 3 updated
[1611-1620/2497] Processing batch... ✓ 5 updated
[1621-1630/2497] Processing batch... ✓ 2 updated
[1631-1640/2497] Processing batch... ✓ 3 updated
[1641-1650/2497] Processing batch... ✓ 5 updated
[1651-1660/2497] Processing batch... ✓ 2 updated
[1661-1670/2497] Processing batch... ✓ 3 updated
[1671-1680/2497] Processing batch... ✓ 5 updated
[1681-1690/2497] Processing batch... ✓ 4 updated
[1691-1700/2497] Processing batch... ✓ 3 updated
[1701-1710/2497] Processing batch... ✓ 4 updated
[1711-1720/2497] Processing batch... ✓ 4 updated
[1721-1730/2497] Processing batch... ✓ 5 updated
[1731-1740/2497] Processing batch... ✓ 6 updated
[1741-1750/2497] Processing batch... ✓ 4 updated
[1751-1760/2497] Processing batch... ✓ 2 updated
[1761-1770/2497] Processing batch... ✓ 4 updated
[1771-1780/2497] Processing batch... ✓ 3 updated
[1781-1790/2497] Processing batch... ✓ 7 updated
[1791-1800/2497] Processing batch... ✓ 7 updated
[1801-1810/2497] Processing batch... ✓ 3 updated
[1811-1820/2497] Processing batch... ✓ 6 updated
[1821-1830/2497] Processing batch... ✓ 4 updated
[1831-1840/2497] Processing batch... ✓ 8 updated
[1841-1850/2497] Processing batch... ✓ 3 updated
[1851-1860/2497] Processing batch... ✓ 6 updated
[1861-1870/2497] Processing batch... ✓ 6 updated
[1871-1880/2497] Processing batch... ✓ 3 updated
[1881-1890/2497] Processing batch... ✓ 7 updated
[1891-1900/2497] Processing batch... ✓ 5 updated
[1901-1910/2497] Processing batch... ✓ 5 updated
[1911-1920/2497] Processing batch... ✓ 6 updated
[1921-1930/2497] Processing batch... ✓ 5 updated
[1931-1940/2497] Processing batch... ✓ 4 updated
[1941-1950/2497] Processing batch... ✓ 7 updated
[1951-1960/2497] Processing batch... ✓ 7 updated
[1961-1970/2497] Processing batch... ✓ 4 updated
[1971-1980/2497] Processing batch... ✓ 7 updated
[1981-1990/2497] Processing batch... ✓ 5 updated
[1991-2000/2497] Processing batch... ✓ 4 updated
[2001-2010/2497] Processing batch... ✓ 5 updated
[2011-2020/2497] Processing batch... ✓ 5 updated
[2021-2030/2497] Processing batch... ✓ 4 updated
[2031-2040/2497] Processing batch... ✓ 6 updated
[2041-2050/2497] Processing batch... ✓ 7 updated
[2051-2060/2497] Processing batch... ✓ 2 updated
[2061-2070/2497] Processing batch... ✓ 5 updated
[2071-2080/2497] Processing batch... ✓ 4 updated
[2081-2090/2497] Processing batch... ✓ 5 updated
[2091-2100/2497] Processing batch... ✓ 5 updated
[2101-2110/2497] Processing batch... ✓ 5 updated
[2111-2120/2497] Processing batch... ✓ 7 updated
[2121-2130/2497] Processing batch... ✓ 5 updated
[2131-2140/2497] Processing batch... ✓ 2 updated
[2141-2150/2497] Processing batch... ✓ 4 updated
[2151-2160/2497] Processing batch... ✓ 5 updated
[2161-2170/2497] Processing batch... ✓ 4 updated
[2171-2180/2497] Processing batch... ✓ 4 updated
[2181-2190/2497] Processing batch... ✓ 5 updated
[2191-2200/2497] Processing batch... ✓ 5 updated
[2201-2210/2497] Processing batch... ✓ 5 updated
[2211-2220/2497] Processing batch... ✓ 5 updated
[2221-2230/2497] Processing batch... ✓ 5 updated
[2231-2240/2497] Processing batch... ✓ 2 updated
[2241-2250/2497] Processing batch... ✓ 5 updated
[2251-2260/2497] Processing batch... ✓ 6 updated
[2261-2270/2497] Processing batch... ✓ 2 updated
[2271-2280/2497] Processing batch... ✓ 3 updated
[2281-2290/2497] Processing batch... ✓ 4 updated
[2291-2300/2497] Processing batch... ✓ 2 updated
[2301-2310/2497] Processing batch... ✓ 5 updated
[2311-2320/2497] Processing batch... ✓ 1 updated
[2321-2330/2497] Processing batch... ✓ 5 updated
[2331-2340/2497] Processing batch... ✓ 4 updated
[2341-2350/2497] Processing batch... ✓ 5 updated
[2351-2360/2497] Processing batch... ✓ 3 updated
[2361-2370/2497] Processing batch... ✓ 5 updated
[2371-2380/2497] Processing batch... ✓ 5 updated
[2381-2390/2497] Processing batch... ✓ 6 updated
[2391-2400/2497] Processing batch... ✓ 5 updated
[2401-2410/2497] Processing batch... ✓ 4 updated
[2411-2420/2497] Processing batch... ✓ 3 updated
[2421-2430/2497] Processing batch... ✓ 4 updated
[2431-2440/2497] Processing batch... ✓ 5 updated
[2441-2450/2497] Processing batch... ✓ 5 updated
[2451-2460/2497] Processing batch... ✓ 3 updated
[2461-2470/2497] Processing batch... ✓ 5 updated
[2471-2480/2497] Processing batch... ✓ 6 updated
[2481-2490/2497] Processing batch... ✓ 3 updated
[2491-2497/2497] Processing batch... ✓ 2 updated

============================================================
✅ B1 complete! Updated 1159/2497 words
============================================================


============================================================
Updating Wortzerlegung for B2
Batch size: 10, Workers: 5
============================================================

[1-10/2986] Processing batch... ✓ 4 updated
[11-20/2986] Processing batch... ✓ 7 updated
[21-30/2986] Processing batch... ✓ 7 updated
[31-40/2986] Processing batch... ✓ 6 updated
[41-50/2986] Processing batch... ✓ 2 updated
[51-60/2986] Processing batch... ✓ 6 updated
[61-70/2986] Processing batch... ✓ 6 updated
[71-80/2986] Processing batch... ✓ 7 updated
[81-90/2986] Processing batch... ✓ 4 updated
[91-100/2986] Processing batch... ✓ 6 updated
[101-110/2986] Processing batch... ✓ 4 updated
[111-120/2986] Processing batch... ✓ 5 updated
[121-130/2986] Processing batch... ✓ 4 updated
[131-140/2986] Processing batch... ✓ 6 updated
[141-150/2986] Processing batch... ✓ 4 updated
[151-160/2986] Processing batch... ✓ 6 updated
[161-170/2986] Processing batch... ✓ 6 updated
[171-180/2986] Processing batch... ✓ 8 updated
[181-190/2986] Processing batch... ✓ 6 updated
[191-200/2986] Processing batch... ✓ 6 updated
[201-210/2986] Processing batch... ✓ 4 updated
[211-220/2986] Processing batch... ✓ 5 updated
[221-230/2986] Processing batch... ✓ 7 updated
[231-240/2986] Processing batch... ✓ 3 updated
[241-250/2986] Processing batch... ✓ 8 updated
[251-260/2986] Processing batch... ✓ 3 updated
[261-270/2986] Processing batch... ✓ 8 updated
[271-280/2986] Processing batch... ✓ 7 updated
[281-290/2986] Processing batch... ✓ 7 updated
[291-300/2986] Processing batch... ✓ 6 updated
[301-310/2986] Processing batch... ✓ 4 updated
[311-320/2986] Processing batch... ✓ 4 updated
[321-330/2986] Processing batch... ✓ 5 updated
[331-340/2986] Processing batch... ✓ 6 updated
[341-350/2986] Processing batch... ✓ 5 updated
[351-360/2986] Processing batch... ✓ 2 updated
[361-370/2986] Processing batch... ✓ 5 updated
[371-380/2986] Processing batch... ✓ 6 updated
[381-390/2986] Processing batch... ✓ 7 updated
[391-400/2986] Processing batch... ✓ 4 updated
[401-410/2986] Processing batch... ✓ 8 updated
[411-420/2986] Processing batch... ✓ 4 updated
[421-430/2986] Processing batch... ✓ 6 updated
[431-440/2986] Processing batch... ✓ 8 updated
[441-450/2986] Processing batch... ✓ 3 updated
[451-460/2986] Processing batch... ✓ 7 updated
[461-470/2986] Processing batch... ✓ 4 updated
[471-480/2986] Processing batch... ✓ 5 updated
[481-490/2986] Processing batch... ✓ 4 updated
[491-500/2986] Processing batch... ✓ 5 updated
[501-510/2986] Processing batch... ✓ 7 updated
[511-520/2986] Processing batch... ✓ 4 updated
[521-530/2986] Processing batch... ✓ 1 updated
[531-540/2986] Processing batch... ✓ 4 updated
[541-550/2986] Processing batch... ✓ 5 updated
[551-560/2986] Processing batch... ✓ 4 updated
[561-570/2986] Processing batch... ✓ 8 updated
[571-580/2986] Processing batch... ✓ 5 updated
[581-590/2986] Processing batch... ✓ 5 updated
[591-600/2986] Processing batch... ✓ 5 updated
[601-610/2986] Processing batch... ✓ 6 updated
[611-620/2986] Processing batch... ✓ 5 updated
[621-630/2986] Processing batch... ✓ 5 updated
[631-640/2986] Processing batch... ✓ 6 updated
[641-650/2986] Processing batch... ✓ 6 updated
[651-660/2986] Processing batch... ✓ 6 updated
[661-670/2986] Processing batch... ✓ 5 updated
[671-680/2986] Processing batch... ✓ 7 updated
[681-690/2986] Processing batch... ✓ 6 updated
[691-700/2986] Processing batch... ✓ 4 updated
[701-710/2986] Processing batch... ✓ 6 updated
[711-720/2986] Processing batch... ✓ 5 updated
[721-730/2986] Processing batch... ✓ 6 updated
[731-740/2986] Processing batch... ✓ 4 updated
[741-750/2986] Processing batch... ✓ 6 updated
[751-760/2986] Processing batch... ✓ 5 updated
[761-770/2986] Processing batch... ✓ 5 updated
[771-780/2986] Processing batch... ✓ 8 updated
[781-790/2986] Processing batch... ✓ 6 updated
[791-800/2986] Processing batch... ✓ 6 updated
[801-810/2986] Processing batch... ✓ 7 updated
[811-820/2986] Processing batch... ✓ 5 updated
[821-830/2986] Processing batch... ✓ 6 updated
[831-840/2986] Processing batch... ✓ 5 updated
[841-850/2986] Processing batch... ✓ 5 updated
[851-860/2986] Processing batch... ✓ 5 updated
[861-870/2986] Processing batch... ✓ 6 updated
[871-880/2986] Processing batch... ✓ 6 updated
[881-890/2986] Processing batch... ✓ 5 updated
[891-900/2986] Processing batch... ✓ 7 updated
[901-910/2986] Processing batch... ✓ 7 updated
[911-920/2986] Processing batch... ✓ 6 updated
[921-930/2986] Processing batch... ✓ 5 updated
[931-940/2986] Processing batch... ✓ 4 updated
[941-950/2986] Processing batch... ✓ 8 updated
[951-960/2986] Processing batch... ✓ 6 updated
[961-970/2986] Processing batch... ✓ 3 updated
[971-980/2986] Processing batch... ✓ 8 updated
[981-990/2986] Processing batch... ✓ 7 updated
[991-1000/2986] Processing batch... ✓ 6 updated
[1001-1010/2986] Processing batch... ✓ 5 updated
[1011-1020/2986] Processing batch... ✓ 7 updated
[1021-1030/2986] Processing batch... ✓ 4 updated
[1031-1040/2986] Processing batch... ✓ 8 updated
[1041-1050/2986] Processing batch... ✓ 4 updated
[1051-1060/2986] Processing batch... ✓ 7 updated
[1061-1070/2986] Processing batch... ✓ 6 updated
[1071-1080/2986] Processing batch... ✓ 6 updated
[1081-1090/2986] Processing batch... ✓ 6 updated
[1091-1100/2986] Processing batch... ✓ 4 updated
[1101-1110/2986] Processing batch... ✓ 4 updated
[1111-1120/2986] Processing batch... ✓ 5 updated
[1121-1130/2986] Processing batch... ✓ 5 updated
[1131-1140/2986] Processing batch... ✓ 8 updated
[1141-1150/2986] Processing batch... ✓ 4 updated
[1151-1160/2986] Processing batch... ✓ 1 updated
[1161-1170/2986] Processing batch... ✓ 5 updated
[1171-1180/2986] Processing batch... ✓ 7 updated
[1181-1190/2986] Processing batch... ✓ 4 updated
[1191-1200/2986] Processing batch... ✓ 7 updated
[1201-1210/2986] Processing batch... ✓ 6 updated
[1211-1220/2986] Processing batch... ✓ 5 updated
[1221-1230/2986] Processing batch... ✓ 6 updated
[1231-1240/2986] Processing batch... ✓ 6 updated
[1241-1250/2986] Processing batch... ✓ 9 updated
[1251-1260/2986] Processing batch... ✓ 3 updated
[1261-1270/2986] Processing batch... ✓ 5 updated
[1271-1280/2986] Processing batch... ✓ 5 updated
[1281-1290/2986] Processing batch... ✓ 7 updated
[1291-1300/2986] Processing batch... ✓ 5 updated
[1301-1310/2986] Processing batch... ✓ 6 updated
[1311-1320/2986] Processing batch... ✓ 4 updated
[1321-1330/2986] Processing batch... ✓ 4 updated
[1331-1340/2986] Processing batch... ✓ 6 updated
[1341-1350/2986] Processing batch... ✓ 5 updated
[1351-1360/2986] Processing batch... ✓ 7 updated
[1361-1370/2986] Processing batch... ✓ 7 updated
[1371-1380/2986] Processing batch... ✓ 6 updated
[1381-1390/2986] Processing batch... ✓ 5 updated
[1391-1400/2986] Processing batch... ✓ 4 updated
[1401-1410/2986] Processing batch... ✓ 5 updated
[1411-1420/2986] Processing batch... ✓ 6 updated
[1421-1430/2986] Processing batch... ✓ 6 updated
[1431-1440/2986] Processing batch... ✓ 5 updated
[1441-1450/2986] Processing batch... ✓ 4 updated
[1451-1460/2986] Processing batch... ✓ 4 updated
[1461-1470/2986] Processing batch... ✓ 5 updated
[1471-1480/2986] Processing batch... ✓ 7 updated
[1481-1490/2986] Processing batch... ✓ 7 updated
[1491-1500/2986] Processing batch... ✓ 6 updated
[1501-1510/2986] Processing batch... ✓ 7 updated
[1511-1520/2986] Processing batch... ✓ 7 updated
[1521-1530/2986] Processing batch... ✓ 5 updated
[1531-1540/2986] Processing batch... ✓ 8 updated
[1541-1550/2986] Processing batch... ✓ 6 updated
[1551-1560/2986] Processing batch... ✓ 3 updated
[1561-1570/2986] Processing batch... ✓ 5 updated
[1571-1580/2986] Processing batch... ✓ 6 updated
[1581-1590/2986] Processing batch... ✓ 7 updated
[1591-1600/2986] Processing batch... ✓ 5 updated
[1601-1610/2986] Processing batch... ✓ 6 updated
[1611-1620/2986] Processing batch... ✓ 3 updated
[1621-1630/2986] Processing batch... ✓ 8 updated
[1631-1640/2986] Processing batch... ✓ 7 updated
[1641-1650/2986] Processing batch... ✓ 8 updated
[1651-1660/2986] Processing batch... ✓ 5 updated
[1661-1670/2986] Processing batch... ✓ 4 updated
[1671-1680/2986] Processing batch... ✓ 5 updated
[1681-1690/2986] Processing batch... ✓ 3 updated
[1691-1700/2986] Processing batch... ✓ 5 updated
[1701-1710/2986] Processing batch... ✓ 6 updated
[1711-1720/2986] Processing batch... ✓ 7 updated
[1721-1730/2986] Processing batch... ✓ 5 updated
[1731-1740/2986] Processing batch... ✓ 6 updated
[1741-1750/2986] Processing batch... ✓ 6 updated
[1751-1760/2986] Processing batch... ✓ 4 updated
[1761-1770/2986] Processing batch... ✓ 6 updated
[1771-1780/2986] Processing batch... ✓ 4 updated
[1781-1790/2986] Processing batch... ✓ 5 updated
[1791-1800/2986] Processing batch... ✓ 8 updated
[1801-1810/2986] Processing batch... ✓ 4 updated
[1811-1820/2986] Processing batch... ✓ 6 updated
[1821-1830/2986] Processing batch... ✓ 2 updated
[1831-1840/2986] Processing batch... ✓ 6 updated
[1841-1850/2986] Processing batch... ✓ 6 updated
[1851-1860/2986] Processing batch... ✓ 6 updated
[1861-1870/2986] Processing batch... ✓ 5 updated
[1871-1880/2986] Processing batch... ✓ 6 updated
[1881-1890/2986] Processing batch... ✓ 6 updated
[1891-1900/2986] Processing batch... ✓ 10 updated
[1901-1910/2986] Processing batch... ✓ 3 updated
[1911-1920/2986] Processing batch... ✓ 7 updated
[1921-1930/2986] Processing batch... ✓ 9 updated
[1931-1940/2986] Processing batch... ✓ 5 updated
[1941-1950/2986] Processing batch... ✓ 8 updated
[1951-1960/2986] Processing batch... ✓ 4 updated
[1961-1970/2986] Processing batch... ✓ 7 updated
[1971-1980/2986] Processing batch... ✓ 7 updated
[1981-1990/2986] Processing batch... ✓ 2 updated
[1991-2000/2986] Processing batch... ✓ 5 updated
[2001-2010/2986] Processing batch... ✓ 2 updated
[2011-2020/2986] Processing batch... ✓ 8 updated
[2021-2030/2986] Processing batch... ✓ 2 updated
[2031-2040/2986] Processing batch... ✓ 5 updated
[2041-2050/2986] Processing batch... ✓ 5 updated
[2051-2060/2986] Processing batch... ✓ 7 updated
[2061-2070/2986] Processing batch... ✓ 5 updated
[2071-2080/2986] Processing batch... ✓ 2 updated
[2081-2090/2986] Processing batch... ✓ 6 updated
[2091-2100/2986] Processing batch... ✓ 7 updated
[2101-2110/2986] Processing batch... ✓ 5 updated
[2111-2120/2986] Processing batch... ✓ 8 updated
[2121-2130/2986] Processing batch... ✓ 8 updated
[2131-2140/2986] Processing batch... ✓ 6 updated
[2141-2150/2986] Processing batch... ✓ 5 updated
[2151-2160/2986] Processing batch... ✓ 8 updated
[2161-2170/2986] Processing batch... ✓ 7 updated
[2171-2180/2986] Processing batch... ✓ 7 updated
[2181-2190/2986] Processing batch... ✓ 6 updated
[2191-2200/2986] Processing batch... ✓ 5 updated
[2201-2210/2986] Processing batch... ✓ 5 updated
[2211-2220/2986] Processing batch... ✓ 6 updated
[2221-2230/2986] Processing batch... ✓ 6 updated
[2231-2240/2986] Processing batch... ✓ 7 updated
[2241-2250/2986] Processing batch... ✓ 3 updated
[2251-2260/2986] Processing batch... ✓ 5 updated
[2261-2270/2986] Processing batch... ✓ 9 updated
[2271-2280/2986] Processing batch... ✓ 5 updated
[2281-2290/2986] Processing batch... ✓ 6 updated
[2291-2300/2986] Processing batch... ✓ 3 updated
[2301-2310/2986] Processing batch... ✓ 8 updated
[2311-2320/2986] Processing batch... ✓ 6 updated
[2321-2330/2986] Processing batch... ✓ 7 updated
[2331-2340/2986] Processing batch... ✓ 7 updated
[2341-2350/2986] Processing batch... ✓ 5 updated
[2351-2360/2986] Processing batch... ✓ 5 updated
[2361-2370/2986] Processing batch... ✓ 5 updated
[2371-2380/2986] Processing batch... ✓ 8 updated
[2381-2390/2986] Processing batch... ✓ 3 updated
[2391-2400/2986] Processing batch... ✓ 7 updated
[2401-2410/2986] Processing batch... ✓ 3 updated
[2411-2420/2986] Processing batch... ✓ 4 updated
[2421-2430/2986] Processing batch... ✓ 3 updated
[2431-2440/2986] Processing batch... ✓ 7 updated
[2441-2450/2986] Processing batch... ✓ 6 updated
[2451-2460/2986] Processing batch... ✓ 7 updated
[2461-2470/2986] Processing batch... ✓ 9 updated
[2471-2480/2986] Processing batch... ✓ 5 updated
[2481-2490/2986] Processing batch... ✓ 6 updated
[2491-2500/2986] Processing batch... ✓ 3 updated
[2501-2510/2986] Processing batch... ✓ 5 updated
[2511-2520/2986] Processing batch... ✓ 3 updated
[2521-2530/2986] Processing batch... ✓ 4 updated
[2531-2540/2986] Processing batch... ✓ 8 updated
[2541-2550/2986] Processing batch... ✓ 6 updated
[2551-2560/2986] Processing batch... ✓ 4 updated
[2561-2570/2986] Processing batch... ✓ 4 updated
[2571-2580/2986] Processing batch... ✓ 5 updated
[2581-2590/2986] Processing batch... ✓ 5 updated
[2591-2600/2986] Processing batch... ✓ 6 updated
[2601-2610/2986] Processing batch... ✓ 5 updated
[2611-2620/2986] Processing batch... ✓ 8 updated
[2621-2630/2986] Processing batch... ✓ 7 updated
[2631-2640/2986] Processing batch... ✓ 6 updated
[2641-2650/2986] Processing batch... ✓ 8 updated
[2651-2660/2986] Processing batch... ✓ 6 updated
[2661-2670/2986] Processing batch... ✓ 8 updated
[2671-2680/2986] Processing batch... ✓ 7 updated
[2681-2690/2986] Processing batch... ✓ 7 updated
[2691-2700/2986] Processing batch... ✓ 5 updated
[2701-2710/2986] Processing batch... ✓ 3 updated
[2711-2720/2986] Processing batch... ✓ 7 updated
[2721-2730/2986] Processing batch... ✓ 7 updated
[2731-2740/2986] Processing batch... ✓ 1 updated
[2741-2750/2986] Processing batch... ✓ 4 updated
[2751-2760/2986] Processing batch... ✓ 7 updated
[2761-2770/2986] Processing batch... ✓ 8 updated
[2771-2780/2986] Processing batch... ✓ 5 updated
[2781-2790/2986] Processing batch... ✓ 6 updated
[2791-2800/2986] Processing batch... ✓ 4 updated
[2801-2810/2986] Processing batch... ✓ 5 updated
[2811-2820/2986] Processing batch... ✓ 4 updated
[2821-2830/2986] Processing batch... ✓ 5 updated
[2831-2840/2986] Processing batch... ✓ 2 updated
[2841-2850/2986] Processing batch... ✓ 5 updated
[2851-2860/2986] Processing batch... ✓ 7 updated
[2861-2870/2986] Processing batch... ✓ 7 updated
[2871-2880/2986] Processing batch... ✓ 7 updated
[2881-2890/2986] Processing batch... ✓ 5 updated
[2891-2900/2986] Processing batch... ✓ 4 updated
[2901-2910/2986] Processing batch... ✓ 7 updated
[2911-2920/2986] Processing batch... ✓ 7 updated
[2921-2930/2986] Processing batch... ✓ 3 updated
[2931-2940/2986] Processing batch... ✓ 5 updated
[2941-2950/2986] Processing batch... ✓ 7 updated
[2951-2960/2986] Processing batch... ✓ 6 updated
[2961-2970/2986] Processing batch... ✓ 7 updated
[2971-2980/2986] Processing batch... ✓ 3 updated
[2981-2986/2986] Processing batch... ✓ 4 updated

============================================================
✅ B2 complete! Updated 1657/2986 words
============================================================


============================================================
Updating Wortzerlegung for C1
Batch size: 10, Workers: 5
============================================================

[1-10/2972] Processing batch... ✓ 9 updated
[11-20/2972] Processing batch... ✓ 8 updated
[21-30/2972] Processing batch... ✓ 5 updated
[31-40/2972] Processing batch... ✓ 6 updated
[41-50/2972] Processing batch... ✓ 7 updated
[51-60/2972] Processing batch... ✓ 8 updated
[61-70/2972] Processing batch... ✓ 6 updated
[71-80/2972] Processing batch... ✓ 7 updated
[81-90/2972] Processing batch... ✓ 7 updated
[91-100/2972] Processing batch... ✓ 9 updated
[101-110/2972] Processing batch... ✓ 7 updated
[111-120/2972] Processing batch... ✓ 8 updated
[121-130/2972] Processing batch... ✓ 8 updated
[131-140/2972] Processing batch... ✓ 8 updated
[141-150/2972] Processing batch... ✓ 7 updated
[151-160/2972] Processing batch... ✓ 7 updated
[161-170/2972] Processing batch... ✓ 9 updated
[171-180/2972] Processing batch... ✓ 9 updated
[181-190/2972] Processing batch... ✓ 10 updated
[191-200/2972] Processing batch... ✓ 7 updated
[201-210/2972] Processing batch... ✓ 7 updated
[211-220/2972] Processing batch... ✓ 9 updated
[221-230/2972] Processing batch... ✓ 9 updated
[231-240/2972] Processing batch... ✓ 7 updated
[241-250/2972] Processing batch... ✓ 8 updated
[251-260/2972] Processing batch... ✓ 8 updated
[261-270/2972] Processing batch... ✓ 9 updated
[271-280/2972] Processing batch... ✓ 6 updated
[281-290/2972] Processing batch... ✓ 8 updated
[291-300/2972] Processing batch... ✓ 9 updated
[301-310/2972] Processing batch... ✓ 8 updated
[311-320/2972] Processing batch... ✓ 7 updated
[321-330/2972] Processing batch... ✓ 8 updated
[331-340/2972] Processing batch... ✓ 7 updated
[341-350/2972] Processing batch... ✓ 7 updated
[351-360/2972] Processing batch... ✓ 6 updated
[361-370/2972] Processing batch... ✓ 8 updated
[371-380/2972] Processing batch... ✓ 7 updated
[381-390/2972] Processing batch... ✓ 7 updated
[391-400/2972] Processing batch... ✓ 7 updated
[401-410/2972] Processing batch... ✓ 9 updated
[411-420/2972] Processing batch... ✓ 7 updated
[421-430/2972] Processing batch... ✓ 6 updated
[431-440/2972] Processing batch... ✓ 8 updated
[441-450/2972] Processing batch... ✓ 8 updated
[451-460/2972] Processing batch... ✓ 7 updated
[461-470/2972] Processing batch... ✓ 8 updated
[471-480/2972] Processing batch... ✓ 8 updated
[481-490/2972] Processing batch... ✓ 6 updated
[491-500/2972] Processing batch... ✓ 9 updated
[501-510/2972] Processing batch... ✓ 10 updated
[511-520/2972] Processing batch... ✓ 7 updated
[521-530/2972] Processing batch... ✓ 8 updated
[531-540/2972] Processing batch... ✓ 7 updated
[541-550/2972] Processing batch... ✓ 7 updated
[551-560/2972] Processing batch... ✓ 6 updated
[561-570/2972] Processing batch... ✓ 6 updated
[571-580/2972] Processing batch... ✓ 6 updated
[581-590/2972] Processing batch... ✓ 6 updated
[591-600/2972] Processing batch... ✓ 8 updated
[601-610/2972] Processing batch... ✓ 9 updated
[611-620/2972] Processing batch... ✓ 9 updated
[621-630/2972] Processing batch... ✓ 8 updated
[631-640/2972] Processing batch... ✓ 8 updated
[641-650/2972] Processing batch... ✓ 9 updated
[651-660/2972] Processing batch... ✓ 8 updated
[661-670/2972] Processing batch... ✓ 10 updated
[671-680/2972] Processing batch... ✓ 6 updated
[681-690/2972] Processing batch... ✓ 7 updated
[691-700/2972] Processing batch... ✓ 5 updated
[701-710/2972] Processing batch... ✓ 6 updated
[711-720/2972] Processing batch... ✓ 8 updated
[721-730/2972] Processing batch... ✓ 6 updated
[731-740/2972] Processing batch... ✓ 9 updated
[741-750/2972] Processing batch... ✓ 6 updated
[751-760/2972] Processing batch... ✓ 10 updated
[761-770/2972] Processing batch... ✓ 7 updated
[771-780/2972] Processing batch... ✓ 9 updated
[781-790/2972] Processing batch... ✓ 8 updated
[791-800/2972] Processing batch... ✓ 9 updated
[801-810/2972] Processing batch... ✓ 9 updated
[811-820/2972] Processing batch... ✓ 7 updated
[821-830/2972] Processing batch... ✓ 5 updated
[831-840/2972] Processing batch... ✓ 5 updated
[841-850/2972] Processing batch... ✓ 8 updated
[851-860/2972] Processing batch... ✓ 7 updated
[861-870/2972] Processing batch... ✓ 8 updated
[871-880/2972] Processing batch... ✓ 8 updated
[881-890/2972] Processing batch... ✓ 4 updated
[891-900/2972] Processing batch... ✓ 8 updated
[901-910/2972] Processing batch... ✓ 7 updated
[911-920/2972] Processing batch... ✓ 8 updated
[921-930/2972] Processing batch... ✓ 7 updated
[931-940/2972] Processing batch... ✓ 6 updated
[941-950/2972] Processing batch... ✓ 5 updated
[951-960/2972] Processing batch... ✓ 8 updated
[961-970/2972] Processing batch... ✓ 8 updated
[971-980/2972] Processing batch... ✓ 7 updated
[981-990/2972] Processing batch... ✓ 9 updated
[991-1000/2972] Processing batch... ✓ 7 updated
[1001-1010/2972] Processing batch... ✓ 7 updated
[1011-1020/2972] Processing batch... ✓ 6 updated
[1021-1030/2972] Processing batch... ✓ 7 updated
[1031-1040/2972] Processing batch... ✓ 8 updated
[1041-1050/2972] Processing batch... ✓ 7 updated
[1051-1060/2972] Processing batch... ✓ 8 updated
[1061-1070/2972] Processing batch... ✓ 8 updated
[1071-1080/2972] Processing batch... ✓ 6 updated
[1081-1090/2972] Processing batch... ✓ 9 updated
[1091-1100/2972] Processing batch... ✓ 9 updated
[1101-1110/2972] Processing batch... ✓ 7 updated
[1111-1120/2972] Processing batch... ✓ 7 updated
[1121-1130/2972] Processing batch... ✓ 9 updated
[1131-1140/2972] Processing batch... ✓ 9 updated
[1141-1150/2972] Processing batch... ✓ 6 updated
[1151-1160/2972] Processing batch... ✓ 8 updated
[1161-1170/2972] Processing batch... ✓ 10 updated
[1171-1180/2972] Processing batch... ✓ 10 updated
[1181-1190/2972] Processing batch... ✓ 8 updated
[1191-1200/2972] Processing batch... ✓ 6 updated
[1201-1210/2972] Processing batch... ✓ 10 updated
[1211-1220/2972] Processing batch... ✓ 7 updated
[1221-1230/2972] Processing batch... ✓ 8 updated
[1231-1240/2972] Processing batch... ✓ 6 updated
[1241-1250/2972] Processing batch... ✓ 6 updated
[1251-1260/2972] Processing batch... ✓ 9 updated
[1261-1270/2972] Processing batch... ✓ 8 updated
[1271-1280/2972] Processing batch... ✓ 8 updated
[1281-1290/2972] Processing batch... ✓ 7 updated
[1291-1300/2972] Processing batch... ✓ 8 updated
[1301-1310/2972] Processing batch... ✓ 7 updated
[1311-1320/2972] Processing batch... ✓ 8 updated
[1321-1330/2972] Processing batch... ✓ 8 updated
[1331-1340/2972] Processing batch... ✓ 9 updated
[1341-1350/2972] Processing batch... ✓ 8 updated
[1351-1360/2972] Processing batch... ✓ 8 updated
[1361-1370/2972] Processing batch... ✓ 10 updated
[1371-1380/2972] Processing batch... ✓ 8 updated
[1381-1390/2972] Processing batch... ✓ 4 updated
[1391-1400/2972] Processing batch... ✓ 8 updated
[1401-1410/2972] Processing batch... ✓ 7 updated
[1411-1420/2972] Processing batch... ✓ 8 updated
[1421-1430/2972] Processing batch... ✓ 10 updated
[1431-1440/2972] Processing batch... ✓ 9 updated
[1441-1450/2972] Processing batch... ✓ 6 updated
[1451-1460/2972] Processing batch... ✓ 9 updated
[1461-1470/2972] Processing batch... ✓ 9 updated
[1471-1480/2972] Processing batch... ✓ 7 updated
[1481-1490/2972] Processing batch... ✓ 8 updated
[1491-1500/2972] Processing batch... ✓ 9 updated
[1501-1510/2972] Processing batch... ✓ 8 updated
[1511-1520/2972] Processing batch... ✓ 7 updated
[1521-1530/2972] Processing batch... ✓ 7 updated
[1531-1540/2972] Processing batch... ✓ 9 updated
[1541-1550/2972] Processing batch... ✓ 4 updated
[1551-1560/2972] Processing batch... ✓ 6 updated
[1561-1570/2972] Processing batch... ✓ 8 updated
[1571-1580/2972] Processing batch... ✓ 9 updated
[1581-1590/2972] Processing batch... ✓ 8 updated
[1591-1600/2972] Processing batch... ✓ 8 updated
[1601-1610/2972] Processing batch... ✓ 8 updated
[1611-1620/2972] Processing batch... ✓ 8 updated
[1621-1630/2972] Processing batch... ✓ 10 updated
[1631-1640/2972] Processing batch... ✓ 8 updated
[1641-1650/2972] Processing batch... ✓ 7 updated
[1651-1660/2972] Processing batch... ✓ 9 updated
[1661-1670/2972] Processing batch... ✓ 8 updated
[1671-1680/2972] Processing batch... ✓ 8 updated
[1681-1690/2972] Processing batch... ✓ 6 updated
[1691-1700/2972] Processing batch... ✓ 6 updated
[1701-1710/2972] Processing batch... ✓ 7 updated
[1711-1720/2972] Processing batch... ✓ 8 updated
[1721-1730/2972] Processing batch... ✓ 6 updated
[1731-1740/2972] Processing batch... ✓ 8 updated
[1741-1750/2972] Processing batch... ✓ 9 updated
[1751-1760/2972] Processing batch... ✓ 9 updated
[1761-1770/2972] Processing batch... ✓ 9 updated
[1771-1780/2972] Processing batch... ✓ 8 updated
[1781-1790/2972] Processing batch... ✓ 7 updated
[1791-1800/2972] Processing batch... ✓ 9 updated
[1801-1810/2972] Processing batch... ✓ 8 updated
[1811-1820/2972] Processing batch... ✓ 7 updated
[1821-1830/2972] Processing batch... ✓ 9 updated
[1831-1840/2972] Processing batch... ✓ 8 updated
[1841-1850/2972] Processing batch... ✓ 8 updated
[1851-1860/2972] Processing batch... ✓ 8 updated
[1861-1870/2972] Processing batch... ✓ 6 updated
[1871-1880/2972] Processing batch... ✓ 10 updated
[1881-1890/2972] Processing batch... ✓ 5 updated
[1891-1900/2972] Processing batch... ✓ 7 updated
[1901-1910/2972] Processing batch... ✓ 7 updated
[1911-1920/2972] Processing batch... ✓ 7 updated
[1921-1930/2972] Processing batch... ✓ 8 updated
[1931-1940/2972] Processing batch... ✓ 9 updated
[1941-1950/2972] Processing batch... ✓ 7 updated
[1951-1960/2972] Processing batch... ✓ 7 updated
[1961-1970/2972] Processing batch... ✓ 8 updated
[1971-1980/2972] Processing batch... ✓ 6 updated
[1981-1990/2972] Processing batch... ✓ 8 updated
[1991-2000/2972] Processing batch... ✓ 7 updated
[2001-2010/2972] Processing batch... ✓ 8 updated
[2011-2020/2972] Processing batch... ✓ 7 updated
[2021-2030/2972] Processing batch... ✓ 9 updated
[2031-2040/2972] Processing batch... ✓ 10 updated
[2041-2050/2972] Processing batch... ✓ 3 updated
[2051-2060/2972] Processing batch... ✓ 7 updated
[2061-2070/2972] Processing batch... ✓ 5 updated
[2071-2080/2972] Processing batch... ✓ 9 updated
[2081-2090/2972] Processing batch... ✓ 5 updated
[2091-2100/2972] Processing batch... ✓ 7 updated
[2101-2110/2972] Processing batch... ✓ 9 updated
[2111-2120/2972] Processing batch... ✓ 7 updated
[2121-2130/2972] Processing batch... ✓ 9 updated
[2131-2140/2972] Processing batch... ✓ 8 updated
[2141-2150/2972] Processing batch... ✓ 5 updated
[2151-2160/2972] Processing batch... ✓ 7 updated
[2161-2170/2972] Processing batch... ✓ 9 updated
[2171-2180/2972] Processing batch... ✓ 8 updated
[2181-2190/2972] Processing batch... ✓ 6 updated
[2191-2200/2972] Processing batch... ✓ 10 updated
[2201-2210/2972] Processing batch... ✓ 9 updated
[2211-2220/2972] Processing batch... ✓ 5 updated
[2221-2230/2972] Processing batch... ✓ 7 updated
[2231-2240/2972] Processing batch... ✓ 6 updated
[2241-2250/2972] Processing batch... ✓ 8 updated
[2251-2260/2972] Processing batch... ✓ 9 updated
[2261-2270/2972] Processing batch... ✓ 7 updated
[2271-2280/2972] Processing batch... ✓ 7 updated
[2281-2290/2972] Processing batch... ✓ 7 updated
[2291-2300/2972] Processing batch... ✓ 7 updated
[2301-2310/2972] Processing batch... ✓ 7 updated
[2311-2320/2972] Processing batch... ✓ 8 updated
[2321-2330/2972] Processing batch... ✓ 6 updated
[2331-2340/2972] Processing batch... ✓ 5 updated
[2341-2350/2972] Processing batch... ✓ 7 updated
[2351-2360/2972] Processing batch... ✓ 7 updated
[2361-2370/2972] Processing batch... ✓ 9 updated
[2371-2380/2972] Processing batch... ✓ 7 updated
[2381-2390/2972] Processing batch... ✓ 7 updated
[2391-2400/2972] Processing batch... ✓ 8 updated
[2401-2410/2972] Processing batch... ✓ 6 updated
[2411-2420/2972] Processing batch... ✓ 7 updated
[2421-2430/2972] Processing batch... ✓ 7 updated
[2431-2440/2972] Processing batch... ✓ 9 updated
[2441-2450/2972] Processing batch... ✓ 9 updated
[2451-2460/2972] Processing batch... ✓ 7 updated
[2461-2470/2972] Processing batch... ✓ 6 updated
[2471-2480/2972] Processing batch... ✓ 10 updated
[2481-2490/2972] Processing batch... ✓ 8 updated
[2491-2500/2972] Processing batch... ✓ 8 updated
[2501-2510/2972] Processing batch... ✓ 9 updated
[2511-2520/2972] Processing batch... ✓ 7 updated
[2521-2530/2972] Processing batch... ✓ 5 updated
[2531-2540/2972] Processing batch... ✓ 9 updated
[2541-2550/2972] Processing batch... ✓ 7 updated
[2551-2560/2972] Processing batch... ✓ 9 updated
[2561-2570/2972] Processing batch... ✓ 9 updated
[2571-2580/2972] Processing batch... ✓ 8 updated
[2581-2590/2972] Processing batch... ✓ 9 updated
[2591-2600/2972] Processing batch... ✓ 6 updated
[2601-2610/2972] Processing batch... ✓ 8 updated
[2611-2620/2972] Processing batch... ✓ 7 updated
[2621-2630/2972] Processing batch... ✓ 10 updated
[2631-2640/2972] Processing batch... ✓ 8 updated
[2641-2650/2972] Processing batch... ✓ 7 updated
[2651-2660/2972] Processing batch... ✓ 7 updated
[2661-2670/2972] Processing batch... ✓ 8 updated
[2671-2680/2972] Processing batch... ✓ 7 updated
[2681-2690/2972] Processing batch... ✓ 9 updated
[2691-2700/2972] Processing batch... ✓ 9 updated
[2701-2710/2972] Processing batch... ✓ 8 updated
[2711-2720/2972] Processing batch... ✓ 9 updated
[2721-2730/2972] Processing batch... ✓ 9 updated
[2731-2740/2972] Processing batch... ✓ 8 updated
[2741-2750/2972] Processing batch... ✓ 9 updated
[2751-2760/2972] Processing batch... ✓ 10 updated
[2761-2770/2972] Processing batch... ✓ 8 updated
[2771-2780/2972] Processing batch... ✓ 6 updated
[2781-2790/2972] Processing batch... ✓ 6 updated
[2791-2800/2972] Processing batch... ✓ 9 updated
[2801-2810/2972] Processing batch... ✓ 10 updated
[2811-2820/2972] Processing batch... ✓ 10 updated
[2821-2830/2972] Processing batch... ✓ 8 updated
[2831-2840/2972] Processing batch... ✓ 9 updated
[2841-2850/2972] Processing batch... ✓ 9 updated
[2851-2860/2972] Processing batch... ✓ 9 updated
[2861-2870/2972] Processing batch... ✓ 7 updated
[2871-2880/2972] Processing batch... ✓ 9 updated
[2881-2890/2972] Processing batch... ✓ 9 updated
[2891-2900/2972] Processing batch... ✓ 9 updated
[2901-2910/2972] Processing batch... ✓ 6 updated
[2911-2920/2972] Processing batch... ✓ 6 updated
[2921-2930/2972] Processing batch... ✓ 8 updated
[2931-2940/2972] Processing batch... ✓ 8 updated
[2941-2950/2972] Processing batch... ✓ 5 updated
[2951-2960/2972] Processing batch... ✓ 10 updated
[2961-2970/2972] Processing batch... ✓ 8 updated
[2971-2972/2972] Processing batch... ✓ 2 updated

============================================================
✅ C1 complete! Updated 2273/2972 words
============================================================


============================================================
Updating Wortzerlegung for C2
Batch size: 10, Workers: 5
============================================================

[1-10/2962] Processing batch... ✓ 8 updated
[11-20/2962] Processing batch... ✓ 9 updated
[21-30/2962] Processing batch... ✓ 9 updated
[31-40/2962] Processing batch... ✓ 9 updated
[41-50/2962] Processing batch... ✓ 9 updated
[51-60/2962] Processing batch... ✓ 9 updated
[61-70/2962] Processing batch... ✓ 8 updated
[71-80/2962] Processing batch... ✓ 7 updated
[81-90/2962] Processing batch... ✓ 9 updated
[91-100/2962] Processing batch... ✓ 10 updated
[101-110/2962] Processing batch... ✓ 9 updated
[111-120/2962] Processing batch... ✓ 9 updated
[121-130/2962] Processing batch... ✓ 10 updated
[131-140/2962] Processing batch... ✓ 9 updated
[141-150/2962] Processing batch... ✓ 8 updated
[151-160/2962] Processing batch... ✓ 8 updated
[161-170/2962] Processing batch... ✓ 8 updated
[171-180/2962] Processing batch... ✓ 10 updated
[181-190/2962] Processing batch... ✓ 8 updated
[191-200/2962] Processing batch... ✓ 8 updated
[201-210/2962] Processing batch... ✓ 9 updated
[211-220/2962] Processing batch... ✓ 9 updated
[221-230/2962] Processing batch... ✓ 8 updated
[231-240/2962] Processing batch... ✓ 8 updated
[241-250/2962] Processing batch... ✓ 10 updated
[251-260/2962] Processing batch... ✓ 8 updated
[261-270/2962] Processing batch... ✓ 8 updated
[271-280/2962] Processing batch... ✓ 10 updated
[281-290/2962] Processing batch... ✓ 10 updated
[291-300/2962] Processing batch... ✓ 8 updated
[301-310/2962] Processing batch... ✓ 7 updated
[311-320/2962] Processing batch... ✓ 7 updated
[321-330/2962] Processing batch... ✓ 8 updated
[331-340/2962] Processing batch... ✓ 9 updated
[341-350/2962] Processing batch... ✓ 8 updated
[351-360/2962] Processing batch... ✓ 9 updated
[361-370/2962] Processing batch... ✓ 10 updated
[371-380/2962] Processing batch... ✓ 10 updated
[381-390/2962] Processing batch... ✓ 9 updated
[391-400/2962] Processing batch... ✓ 9 updated
[401-410/2962] Processing batch... ✓ 9 updated
[411-420/2962] Processing batch... ✓ 10 updated
[421-430/2962] Processing batch... ✓ 10 updated
[431-440/2962] Processing batch... ✓ 7 updated
[441-450/2962] Processing batch... ✓ 9 updated
[451-460/2962] Processing batch... ✓ 7 updated
[461-470/2962] Processing batch... ✓ 9 updated
[471-480/2962] Processing batch... ✓ 9 updated
[481-490/2962] Processing batch... ✓ 8 updated
[491-500/2962] Processing batch... ✓ 9 updated
[501-510/2962] Processing batch... ✓ 10 updated
[511-520/2962] Processing batch... ✓ 9 updated
[521-530/2962] Processing batch... ✓ 10 updated
[531-540/2962] Processing batch... ✓ 8 updated
[541-550/2962] Processing batch... ✓ 10 updated
[551-560/2962] Processing batch... ✓ 10 updated
[561-570/2962] Processing batch... ✓ 10 updated
[571-580/2962] Processing batch... ✓ 8 updated
[581-590/2962] Processing batch... ✓ 10 updated
[591-600/2962] Processing batch... ✓ 8 updated
[601-610/2962] Processing batch... ✓ 10 updated
[611-620/2962] Processing batch... ✓ 9 updated
[621-630/2962] Processing batch... ✓ 8 updated
[631-640/2962] Processing batch... ✓ 9 updated
[641-650/2962] Processing batch... ✓ 9 updated
[651-660/2962] Processing batch... ✓ 10 updated
[661-670/2962] Processing batch... ✓ 8 updated
[671-680/2962] Processing batch... ✓ 10 updated
[681-690/2962] Processing batch... ✓ 8 updated
[691-700/2962] Processing batch... ✓ 10 updated
[701-710/2962] Processing batch... ✓ 7 updated
[711-720/2962] Processing batch... ✓ 8 updated
[721-730/2962] Processing batch... ✓ 8 updated
[731-740/2962] Processing batch... ✓ 7 updated
[741-750/2962] Processing batch... ✓ 10 updated
[751-760/2962] Processing batch... ✓ 9 updated
[761-770/2962] Processing batch... ✓ 7 updated
[771-780/2962] Processing batch... ✓ 9 updated
[781-790/2962] Processing batch... ✓ 10 updated
[791-800/2962] Processing batch... ✓ 8 updated
[801-810/2962] Processing batch... ✓ 10 updated
[811-820/2962] Processing batch... ✓ 9 updated
[821-830/2962] Processing batch... ✓ 10 updated
[831-840/2962] Processing batch... ✓ 9 updated
[841-850/2962] Processing batch... ✓ 8 updated
[851-860/2962] Processing batch... ✓ 10 updated
[861-870/2962] Processing batch... ✓ 9 updated
[871-880/2962] Processing batch... ✓ 10 updated
[881-890/2962] Processing batch... ✓ 10 updated
[891-900/2962] Processing batch... ✓ 9 updated
[901-910/2962] Processing batch... ✓ 10 updated
[911-920/2962] Processing batch... ✓ 8 updated
[921-930/2962] Processing batch... ✓ 10 updated
[931-940/2962] Processing batch... ✓ 9 updated
[941-950/2962] Processing batch... ✓ 8 updated
[951-960/2962] Processing batch... ✓ 10 updated
[961-970/2962] Processing batch... ✓ 7 updated
[971-980/2962] Processing batch... ✓ 9 updated
[981-990/2962] Processing batch... ✓ 10 updated
[991-1000/2962] Processing batch... ✓ 7 updated
[1001-1010/2962] Processing batch... ✓ 9 updated
[1011-1020/2962] Processing batch... ✓ 10 updated
[1021-1030/2962] Processing batch... ✓ 10 updated
[1031-1040/2962] Processing batch... ✓ 8 updated
[1041-1050/2962] Processing batch... ✓ 10 updated
[1051-1060/2962] Processing batch... ✓ 9 updated
[1061-1070/2962] Processing batch... ✓ 9 updated
[1071-1080/2962] Processing batch... ✓ 7 updated
[1081-1090/2962] Processing batch... ✓ 10 updated
[1091-1100/2962] Processing batch... ✓ 8 updated
[1101-1110/2962] Processing batch... ✓ 10 updated
[1111-1120/2962] Processing batch... ✓ 9 updated
[1121-1130/2962] Processing batch... ✓ 8 updated
[1131-1140/2962] Processing batch... ✓ 8 updated
[1141-1150/2962] Processing batch... ✓ 10 updated
[1151-1160/2962] Processing batch... ✓ 9 updated
[1161-1170/2962] Processing batch... ✓ 10 updated
[1171-1180/2962] Processing batch... ✓ 9 updated
[1181-1190/2962] Processing batch... ✓ 8 updated
[1191-1200/2962] Processing batch... ✓ 8 updated
[1201-1210/2962] Processing batch... ✓ 9 updated
[1211-1220/2962] Processing batch... ✓ 9 updated
[1221-1230/2962] Processing batch... ✓ 9 updated
[1231-1240/2962] Processing batch... ✓ 8 updated
[1241-1250/2962] Processing batch... ✓ 7 updated
[1251-1260/2962] Processing batch... ✓ 9 updated
[1261-1270/2962] Processing batch... ✓ 8 updated
[1271-1280/2962] Processing batch... ✓ 9 updated
[1281-1290/2962] Processing batch... ✓ 10 updated
[1291-1300/2962] Processing batch... ✓ 8 updated
[1301-1310/2962] Processing batch... ✓ 8 updated
[1311-1320/2962] Processing batch... ✓ 10 updated
[1321-1330/2962] Processing batch... ✓ 10 updated
[1331-1340/2962] Processing batch... ✓ 8 updated
[1341-1350/2962] Processing batch... ✓ 10 updated
[1351-1360/2962] Processing batch... ✓ 10 updated
[1361-1370/2962] Processing batch... ✓ 10 updated
[1371-1380/2962] Processing batch... ✓ 9 updated
[1381-1390/2962] Processing batch... ✓ 7 updated
[1391-1400/2962] Processing batch... ✓ 8 updated
[1401-1410/2962] Processing batch... ✓ 9 updated
[1411-1420/2962] Processing batch... ✓ 10 updated
[1421-1430/2962] Processing batch... ✓ 8 updated
[1431-1440/2962] Processing batch... ✓ 9 updated
[1441-1450/2962] Processing batch... ✓ 7 updated
[1451-1460/2962] Processing batch... ✓ 9 updated
[1461-1470/2962] Processing batch... ✓ 10 updated
[1471-1480/2962] Processing batch... ✓ 9 updated
[1481-1490/2962] Processing batch... ✓ 10 updated
[1491-1500/2962] Processing batch... ✓ 10 updated
[1501-1510/2962] Processing batch... ✓ 8 updated
[1511-1520/2962] Processing batch... ✓ 7 updated
[1521-1530/2962] Processing batch... ✓ 9 updated
[1531-1540/2962] Processing batch... ✓ 9 updated
[1541-1550/2962] Processing batch... ✓ 7 updated
[1551-1560/2962] Processing batch... ✓ 8 updated
[1561-1570/2962] Processing batch... ✓ 10 updated
[1571-1580/2962] Processing batch... ✓ 10 updated
[1581-1590/2962] Processing batch... ✓ 9 updated
[1591-1600/2962] Processing batch... ✓ 8 updated
[1601-1610/2962] Processing batch... ✓ 10 updated
[1611-1620/2962] Processing batch... ✓ 9 updated
[1621-1630/2962] Processing batch... ✓ 8 updated
[1631-1640/2962] Processing batch... ✓ 9 updated
[1641-1650/2962] Processing batch... ✓ 10 updated
[1651-1660/2962] Processing batch... ✓ 8 updated
[1661-1670/2962] Processing batch... ✓ 9 updated
[1671-1680/2962] Processing batch... ✓ 9 updated
[1681-1690/2962] Processing batch... ✓ 9 updated
[1691-1700/2962] Processing batch... ✓ 9 updated
[1701-1710/2962] Processing batch... ✓ 10 updated
[1711-1720/2962] Processing batch... ✓ 8 updated
[1721-1730/2962] Processing batch... ✓ 9 updated
[1731-1740/2962] Processing batch... ✓ 10 updated
[1741-1750/2962] Processing batch... ✓ 9 updated
[1751-1760/2962] Processing batch... ✓ 8 updated
[1761-1770/2962] Processing batch... ✓ 9 updated
[1771-1780/2962] Processing batch... ✓ 8 updated
[1781-1790/2962] Processing batch... ✓ 8 updated
[1791-1800/2962] Processing batch... ✓ 8 updated
[1801-1810/2962] Processing batch... ✓ 9 updated
[1811-1820/2962] Processing batch... ✓ 9 updated
[1821-1830/2962] Processing batch... ✓ 8 updated
[1831-1840/2962] Processing batch... ✓ 8 updated
[1841-1850/2962] Processing batch... ✓ 9 updated
[1851-1860/2962] Processing batch... ✓ 8 updated
[1861-1870/2962] Processing batch... ✓ 10 updated
[1871-1880/2962] Processing batch... ✓ 9 updated
[1881-1890/2962] Processing batch... ✓ 7 updated
[1891-1900/2962] Processing batch... ✓ 9 updated
[1901-1910/2962] Processing batch... ✓ 9 updated
[1911-1920/2962] Processing batch... ✓ 9 updated
[1921-1930/2962] Processing batch... ✓ 9 updated
[1931-1940/2962] Processing batch... ✓ 9 updated
[1941-1950/2962] Processing batch... ✓ 7 updated
[1951-1960/2962] Processing batch... ✓ 7 updated
[1961-1970/2962] Processing batch... ✓ 8 updated
[1971-1980/2962] Processing batch... ✓ 9 updated
[1981-1990/2962] Processing batch... ✓ 9 updated
[1991-2000/2962] Processing batch... ✓ 10 updated
[2001-2010/2962] Processing batch... ✓ 10 updated
[2011-2020/2962] Processing batch... ✓ 10 updated
[2021-2030/2962] Processing batch... ✓ 9 updated
[2031-2040/2962] Processing batch... ✓ 9 updated
[2041-2050/2962] Processing batch... ✓ 10 updated
[2051-2060/2962] Processing batch... ✓ 9 updated
[2061-2070/2962] Processing batch... ✓ 9 updated
[2071-2080/2962] Processing batch... ✓ 9 updated
[2081-2090/2962] Processing batch... ✓ 8 updated
[2091-2100/2962] Processing batch... ✓ 9 updated
[2101-2110/2962] Processing batch... ✓ 9 updated
[2111-2120/2962] Processing batch... ✓ 10 updated
[2121-2130/2962] Processing batch... ✓ 9 updated
[2131-2140/2962] Processing batch... ✓ 10 updated
[2141-2150/2962] Processing batch... ✓ 7 updated
[2151-2160/2962] Processing batch... ✓ 10 updated
[2161-2170/2962] Processing batch... ✓ 8 updated
[2171-2180/2962] Processing batch... ✓ 10 updated
[2181-2190/2962] Processing batch... ✓ 10 updated
[2191-2200/2962] Processing batch... ✓ 10 updated
[2201-2210/2962] Processing batch... ✓ 8 updated
[2211-2220/2962] Processing batch... ✓ 7 updated
[2221-2230/2962] Processing batch... ✓ 9 updated
[2231-2240/2962] Processing batch... ✓ 9 updated
[2241-2250/2962] Processing batch... ✓ 9 updated
[2251-2260/2962] Processing batch... ✓ 10 updated
[2261-2270/2962] Processing batch... ✓ 8 updated
[2271-2280/2962] Processing batch... ✓ 9 updated
[2281-2290/2962] Processing batch... ✓ 7 updated
[2291-2300/2962] Processing batch... ✓ 9 updated
[2301-2310/2962] Processing batch... ✓ 9 updated
[2311-2320/2962] Processing batch... ✓ 9 updated
[2321-2330/2962] Processing batch... ✓ 9 updated
[2331-2340/2962] Processing batch... ✓ 8 updated
[2341-2350/2962] Processing batch... ✓ 10 updated
[2351-2360/2962] Processing batch... ✓ 9 updated
[2361-2370/2962] Processing batch... ✓ 10 updated
[2371-2380/2962] Processing batch... ✓ 8 updated
[2381-2390/2962] Processing batch... ✓ 7 updated
[2391-2400/2962] Processing batch... ✓ 9 updated
[2401-2410/2962] Processing batch... ✓ 10 updated
[2411-2420/2962] Processing batch... ✓ 10 updated
[2421-2430/2962] Processing batch... ✓ 9 updated
[2431-2440/2962] Processing batch... ✓ 10 updated
[2441-2450/2962] Processing batch... ✓ 8 updated
[2451-2460/2962] Processing batch... ✓ 10 updated
[2461-2470/2962] Processing batch... ✓ 9 updated
[2471-2480/2962] Processing batch... ✓ 8 updated
[2481-2490/2962] Processing batch... ✓ 9 updated
[2491-2500/2962] Processing batch... ✓ 8 updated
[2501-2510/2962] Processing batch... ✓ 10 updated
[2511-2520/2962] Processing batch... ✓ 9 updated
[2521-2530/2962] Processing batch... ✓ 6 updated
[2531-2540/2962] Processing batch... ✓ 9 updated
[2541-2550/2962] Processing batch... ✓ 7 updated
[2551-2560/2962] Processing batch... ✓ 9 updated
[2561-2570/2962] Processing batch... ✓ 8 updated
[2571-2580/2962] Processing batch... ✓ 8 updated
[2581-2590/2962] Processing batch... ✓ 10 updated
[2591-2600/2962] Processing batch... ✓ 9 updated
[2601-2610/2962] Processing batch... ✓ 7 updated
[2611-2620/2962] Processing batch... ✓ 9 updated
[2621-2630/2962] Processing batch... ✓ 7 updated
[2631-2640/2962] Processing batch... ✓ 9 updated
[2641-2650/2962] Processing batch... ✓ 10 updated
[2651-2660/2962] Processing batch... ✓ 9 updated
[2661-2670/2962] Processing batch... ✓ 9 updated
[2671-2680/2962] Processing batch... ✓ 9 updated
[2681-2690/2962] Processing batch... ✓ 9 updated
[2691-2700/2962] Processing batch... ✓ 8 updated
[2701-2710/2962] Processing batch... ✓ 7 updated
[2711-2720/2962] Processing batch... ✓ 10 updated
[2721-2730/2962] Processing batch... ✓ 10 updated
[2731-2740/2962] Processing batch... ✓ 9 updated
[2741-2750/2962] Processing batch... ✓ 10 updated
[2751-2760/2962] Processing batch... ✓ 8 updated
[2761-2770/2962] Processing batch... ✓ 9 updated
[2771-2780/2962] Processing batch... ✓ 10 updated
[2781-2790/2962] Processing batch... ✓ 9 updated
[2791-2800/2962] Processing batch... ✓ 7 updated
[2801-2810/2962] Processing batch... ✓ 10 updated
[2811-2820/2962] Processing batch... ✓ 10 updated
[2821-2830/2962] Processing batch... ✓ 9 updated
[2831-2840/2962] Processing batch... ✓ 8 updated
[2841-2850/2962] Processing batch... ✓ 10 updated
[2851-2860/2962] Processing batch... ✓ 9 updated
[2861-2870/2962] Processing batch... ✓ 8 updated
[2871-2880/2962] Processing batch... ✓ 9 updated
[2881-2890/2962] Processing batch... ✓ 6 updated
[2891-2900/2962] Processing batch... ✓ 9 updated
[2901-2910/2962] Processing batch... ✓ 9 updated
[2911-2920/2962] Processing batch... ✓ 9 updated
[2921-2930/2962] Processing batch... ✓ 9 updated
[2931-2940/2962] Processing batch... ✓ 7 updated
[2941-2950/2962] Processing batch... ✓ 10 updated
[2951-2960/2962] Processing batch... ✓ 8 updated
[2961-2962/2962] Processing batch... ✓ 2 updated

============================================================
✅ C2 complete! Updated 2615/2962 words
============================================================

